   89
 SCF done    -173.66371271      0.00000000
C         -3.198818428328   -1.595739215967    0.000000000000
C          1.595739215967   -3.198818428328    0.000000000000
C          3.198818428328    1.595739215967    0.000000000000
C         -1.595739215967    3.198818428328    0.000000000000
C         -3.573958244011   -0.077849961750    0.000000000000
C          0.077849961750   -3.573958244011    0.000000000000
C          3.573958244011    0.077849961750    0.000000000000
C         -0.077849961750    3.573958244011    0.000000000000
N         -3.036898507884    0.413919796629   -1.238489391494
N         -0.413919796629   -3.036898507884   -1.238489391494
N          3.036898507884   -0.413919796629   -1.238489391494
N          0.413919796629    3.036898507884    1.238489391494
N         -3.036898507884    0.413919796629    1.238489391494
N         -0.413919796629   -3.036898507884    1.238489391494
N          3.036898507884   -0.413919796629    1.238489391494
N          0.413919796629    3.036898507884   -1.238489391494
N         -2.494968774150   -1.781189124850   -1.239149391170
N          1.781189124850   -2.494968774150   -1.239149391170
N          2.494968774150    1.781189124850   -1.239149391170
N         -1.781189124850    2.494968774150    1.239149391170
N         -2.494968774150   -1.781189124850    1.239149391170
N          1.781189124850   -2.494968774150    1.239149391170
N          2.494968774150    1.781189124850    1.239149391170
N         -1.781189124850    2.494968774150   -1.239149391170
C         -2.499968771693   -0.617629696541   -2.021019007015
C          0.617629696541   -2.499968771693   -2.021019007015
C          2.499968771693    0.617629696541   -2.021019007015
C         -0.617629696541    2.499968771693    2.021019007015
C         -2.499968771693   -0.617629696541    2.021019007015
C          0.617629696541   -2.499968771693    2.021019007015
C          2.499968771693    0.617629696541    2.021019007015
C         -0.617629696541    2.499968771693   -2.021019007015
O         -2.145398945903   -0.529209739984   -3.172338441338
O          0.529209739984   -2.145398945903   -3.172338441338
O          2.145398945903    0.529209739984   -3.172338441338
O         -0.529209739984    2.145398945903    3.172338441338
O         -2.145398945903   -0.529209739984    3.172338441338
O          0.529209739984   -2.145398945903    3.172338441338
O          2.145398945903    0.529209739984    3.172338441338
O         -0.529209739984    2.145398945903   -3.172338441338
C         -2.969878540813    1.792699119195   -1.675689176685
C         -1.792699119195   -2.969878540813   -1.675689176685
C          2.969878540813   -1.792699119195   -1.675689176685
C          1.792699119195    2.969878540813    1.675689176685
C         -2.969878540813    1.792699119195    1.675689176685
C         -1.792699119195   -2.969878540813    1.675689176685
C          2.969878540813   -1.792699119195    1.675689176685
C          1.792699119195    2.969878540813   -1.675689176685
H         -3.858598104159    2.329338855528   -1.326159348419
H         -2.329338855528   -3.858598104159   -1.326159348419
H          3.858598104159   -2.329338855528   -1.326159348419
H          2.329338855528    3.858598104159    1.326159348419
H         -3.858598104159    2.329338855528    1.326159348419
H         -2.329338855528   -3.858598104159    1.326159348419
H          3.858598104159   -2.329338855528    1.326159348419
H          2.329338855528    3.858598104159   -1.326159348419
H         -2.949518550816    1.779139125857   -2.768808639604
H         -1.779139125857   -2.949518550816   -2.768808639604
H          2.949518550816   -1.779139125857   -2.768808639604
H          1.779139125857    2.949518550816    2.768808639604
H         -2.949518550816    1.779139125857    2.768808639604
H         -1.779139125857   -2.949518550816    2.768808639604
H          2.949518550816   -1.779139125857    2.768808639604
H          1.779139125857    2.949518550816   -2.768808639604
C         -5.095297496533   -0.452149777846    0.000000000000
C          0.452149777846   -5.095297496533    0.000000000000
C          5.095297496533    0.452149777846    0.000000000000
C         -0.452149777846    5.095297496533    0.000000000000
H         -5.627967234817   -0.118029942008   -0.893279561106
H          0.118029942008   -5.627967234817   -0.893279561106
H          5.627967234817    0.118029942008   -0.893279561106
H         -0.118029942008    5.627967234817    0.893279561106
H         -5.627967234817   -0.118029942008    0.893279561106
H          0.118029942008   -5.627967234817    0.893279561106
H          5.627967234817    0.118029942008    0.893279561106
H         -0.118029942008    5.627967234817   -0.893279561106
C         -4.719347681248   -1.972989030613    0.000000000000
C          1.972989030613   -4.719347681248    0.000000000000
C          4.719347681248    1.972989030613    0.000000000000
C         -1.972989030613    4.719347681248    0.000000000000
H         -5.034467526420   -2.517028763311   -0.893229561130
H          2.517028763311   -5.034467526420   -0.893229561130
H          5.034467526420    2.517028763311   -0.893229561130
H         -2.517028763311    5.034467526420    0.893229561130
H         -5.034467526420   -2.517028763311    0.893229561130
H          2.517028763311   -5.034467526420    0.893229561130
H          5.034467526420    2.517028763311    0.893229561130
H         -2.517028763311    5.034467526420   -0.893229561130
AR         0.000000000000    0.000000000000    0.000000000000
   89
 SCF done    -173.67520814      0.08834878
C         -3.180918119769   -1.585296364788    0.000000000176
C          1.585296364429   -3.180918120053   -0.000000000626
C          3.180918119155    1.585296365334    0.000000000722
C         -1.585296365125    3.180918119398   -0.000000001403
C         -3.553132365515   -0.078961760025   -0.000000000268
C          0.078961759789   -3.553132365523   -0.000000001415
C          3.553132365426    0.078961760106    0.000000001106
C         -0.078961760407    3.553132365586   -0.000000000784
N         -3.015547518661    0.415722237337   -1.232379939700
N         -0.415722234901   -3.015547518284   -1.232379940030
N          3.015547517883   -0.415722238081   -1.232379941877
N          0.415722239147    3.015547518033    1.232379941643
N         -3.015547517528    0.415722236275    1.232379942049
N         -0.415722235724   -3.015547517051    1.232379942841
N          3.015547519053   -0.415722237439    1.232379939175
N          0.415722238008    3.015547519067   -1.232379938955
N         -2.475143469395   -1.772841143977   -1.232844774432
N          1.772841142694   -2.475143469721   -1.232844774962
N          2.475143469907    1.772841140667   -1.232844776175
N         -1.772841140800    2.475143469538    1.232844776689
N         -2.475143469713   -1.772841140825    1.232844776332
N          1.772841143726   -2.475143468579    1.232844776549
N          2.475143470979    1.772841140651    1.232844774002
N         -1.772841142175    2.475143470842   -1.232844772931
C         -2.483422906232   -0.613665178265   -2.006530444808
C          0.613665178041   -2.483422908180   -2.006530439132
C          2.483422908291    0.613665181288   -2.006530436595
C         -0.613665181906    2.483422907944    2.006530437256
C         -2.483422909564   -0.613665180234    2.006530433619
C          0.613665177551   -2.483422909705    2.006530435246
C          2.483422906224    0.613665180858    2.006530442737
C         -0.613665179707    2.483422905346   -2.006530446233
O         -2.147965245058   -0.530211516458   -3.151314304867
O          0.530211516305   -2.147965243891   -3.151314308630
O          2.147965243576    0.530211515613   -3.151314310084
O         -0.530211515560    2.147965243730    3.151314309630
O         -2.147965242909   -0.530211515692    3.151314312083
O          0.530211516224   -2.147965243161    3.151314310887
O          2.147965244737    0.530211515913    3.151314306330
O         -0.530211516203    2.147965245379   -3.151314304103
C         -2.964681254525    1.789594895026   -1.670829753553
C         -1.789594896944   -2.964681253511   -1.670829753216
C          2.964681254306   -1.789594895014   -1.670829752554
C          1.789594893922    2.964681255240    1.670829752936
C         -2.964681254714    1.789594895834    1.670829752572
C         -1.789594895644   -2.964681255003    1.670829752563
C          2.964681253326   -1.789594896171    1.670829752701
C          1.789594895105    2.964681254670   -1.670829753095
H         -3.854073418395    2.326516956688   -1.319610423542
H         -2.326516956585   -3.854073418412   -1.319610423572
H          3.854073418405   -2.326516956688   -1.319610423591
H          2.326516956715    3.854073418345    1.319610423583
H         -3.854073418283    2.326516956563    1.319610423652
H         -2.326516956583   -3.854073418233    1.319610423663
H          3.854073418516   -2.326516956634    1.319610423558
H          2.326516956618    3.854073418372   -1.319610423586
H         -2.927334339592    1.766439526106   -2.766495875647
H         -1.766439526023   -2.927334339627   -2.766495875718
H          2.927334339588   -1.766439526098   -2.766495875866
H          1.766439526148    2.927334339549    2.766495875776
H         -2.927334339546    1.766439526068    2.766495875849
H         -1.766439526061   -2.927334339540    2.766495875846
H          2.927334339617   -1.766439526089    2.766495875831
H          1.766439526138    2.927334339548   -2.766495875745
C         -5.068342006120   -0.453536513678    0.000000000003
C          0.453536513703   -5.068342006118    0.000000000130
C          5.068342006159    0.453536513660   -0.000000000093
C         -0.453536513649    5.068342006073    0.000000000050
H         -5.603916490588   -0.129055251227   -0.891700645929
H          0.129055251210   -5.603916490592   -0.891700645966
H          5.603916490585    0.129055251236   -0.891700645903
H         -0.129055251229    5.603916490598    0.891700645924
H         -5.603916490591   -0.129055251222    0.891700645933
H          0.129055251235   -5.603916490588    0.891700645899
H          5.603916490586    0.129055251219    0.891700645949
H         -0.129055251219    5.603916490593   -0.891700645945
C         -4.696169705586   -1.959565880274   -0.000000000045
C          1.959565880272   -4.696169705539    0.000000000045
C          4.696169705707    1.959565880289   -0.000000000050
C         -1.959565880263    4.696169705637    0.000000000120
H         -5.018823728893   -2.496178157126   -0.891714599211
H          2.496178157141   -5.018823728894   -0.891714599237
H          5.018823728887    2.496178157125   -0.891714599205
H         -2.496178157127    5.018823728894    0.891714599194
H         -5.018823728893   -2.496178157144    0.891714599238
H          2.496178157133   -5.018823728901    0.891714599216
H          5.018823728880    2.496178157132    0.891714599229
H         -2.496178157144    5.018823728886   -0.891714599254
AR         0.000000000000   -0.000000000001    0.000000000001
   89
 SCF done    -173.67781535      0.02845242
C         -3.164507497058   -1.576200734389    0.000000000057
C          1.576200734212   -3.164507497898   -0.000000000713
C          3.164507496951    1.576200734432    0.000000000876
C         -1.576200734606    3.164507496138   -0.000000001877
C         -3.534319720938   -0.079472737036   -0.000000000126
C          0.079472737311   -3.534319721109   -0.000000001063
C          3.534319721808    0.079472737463    0.000000001037
C         -0.079472737134    3.534319721154   -0.000000001587
N         -2.995657675273    0.415856192365   -1.229119752338
N         -0.415856190349   -2.995657673961   -1.229119754109
N          2.995657674366   -0.415856193051   -1.229119756565
N          0.415856194466    2.995657675013    1.229119754934
N         -2.995657673862    0.415856190527    1.229119755377
N         -0.415856190239   -2.995657673287    1.229119757333
N          2.995657674709   -0.415856192580    1.229119754643
N          0.415856194419    2.995657676024   -1.229119750440
N         -2.457366910452   -1.763684579736   -1.229365183049
N          1.763684577536   -2.457366910376   -1.229365185421
N          2.457366911050    1.763684575509   -1.229365186148
N         -1.763684576457    2.457366910484    1.229365186181
N         -2.457366910139   -1.763684578495    1.229365185057
N          1.763684579351   -2.457366910185    1.229365186319
N          2.457366911228    1.763684575162    1.229365185105
N         -1.763684577875    2.457366912060   -1.229365179486
C         -2.473445494422   -0.611321571164   -2.002310617356
C          0.611321571447   -2.473445497774   -2.002310605543
C          2.473445498708    0.611321576501   -2.002310603777
C         -0.611321575933    2.473445497497    2.002310610673
C         -2.473445498291   -0.611321572318    2.002310608041
C          0.611321571611   -2.473445500536    2.002310604188
C          2.473445497642    0.611321575848    2.002310606885
C         -0.611321574263    2.473445490318   -2.002310625051
O         -2.144338733024   -0.529726171599   -3.147298174495
O          0.529726170528   -2.144338729737   -3.147298175188
O          2.144338730077    0.529726170657   -3.147298174413
O         -0.529726169929    2.144338734727    3.147298172560
O         -2.144338732682   -0.529726171956    3.147298169709
O          0.529726173709   -2.144338732101    3.147298173941
O          2.144338732893    0.529726170637    3.147298179979
O         -0.529726172397    2.144338733802   -3.147298171201
C         -2.956045838342    1.784394816156   -1.670138125291
C         -1.784394819010   -2.956045836513   -1.670138124987
C          2.956045837544   -1.784394815900   -1.670138125189
C          1.784394814614    2.956045839075    1.670138125073
C         -2.956045837281    1.784394817249    1.670138126274
C         -1.784394817155   -2.956045837374    1.670138126050
C          2.956045836949   -1.784394817695    1.670138124793
C          1.784394815478    2.956045838062   -1.670138125538
H         -3.845226167209    2.321072595383   -1.319664072109
H         -2.321072594260   -3.845226167485   -1.319664072424
H          3.845226166457   -2.321072594762   -1.319664073259
H          2.321072595481    3.845226166412    1.319664072461
H         -3.845226165680    2.321072594299    1.319664071927
H         -2.321072594360   -3.845226165932    1.319664071829
H          3.845226167029   -2.321072595458    1.319664073357
H          2.321072595862    3.845226165961   -1.319664072295
H         -2.906748099626    1.754478073283   -2.767077314962
H         -1.754478071854   -2.906748099748   -2.767077315765
H          2.906748098437   -1.754478072373   -2.767077316874
H          1.754478072816    2.906748098945    2.767077316240
H         -2.906748099068    1.754478071900    2.767077317225
H         -1.754478072781   -2.906748098586    2.767077317394
H          2.906748098875   -1.754478072237    2.767077316454
H          1.754478073195    2.906748098905   -2.767077316068
C         -5.044596983684   -0.450555758147    0.000000000424
C          0.450555757486   -5.044596983695   -0.000000000253
C          5.044596983976    0.450555758505    0.000000000316
C         -0.450555758492    5.044596983681   -0.000000000140
H         -5.576842927415   -0.123331457185   -0.891258107161
H          0.123331456199   -5.576842926709   -0.891258108242
H          5.576842928458    0.123331458104   -0.891258107049
H         -0.123331458114    5.576842927927    0.891258107301
H         -5.576842927554   -0.123331457438    0.891258108047
H          0.123331456904   -5.576842928092    0.891258107068
H          5.576842927178    0.123331457502    0.891258108238
H         -0.123331457490    5.576842927299   -0.891258107839
C         -4.673806366442   -1.951188434104    0.000000000398
C          1.951188433574   -4.673806366883   -0.000000000150
C          4.673806366517    1.951188434354    0.000000000233
C         -1.951188434339    4.673806366257   -0.000000000249
H         -4.992411134895   -2.488610522221   -0.891272662002
H          2.488610521819   -4.992411134927   -0.891272662693
H          4.992411135166    2.488610522417   -0.891272662173
H         -2.488610522463    4.992411135370    0.891272661838
H         -4.992411134842   -2.488610522132    0.891272662981
H          2.488610521598   -4.992411135528    0.891272662297
H          4.992411134109    2.488610522526    0.891272662931
H         -2.488610522410    4.992411133667   -0.891272663157
AR         0.000000000349    0.000000000856    0.000000001770
   89
 SCF done    -173.67808798      0.01371226
C         -3.156983019282   -1.572897045584   -0.000000000300
C          1.572897045727   -3.156983020001   -0.000000000339
C          3.156983019970    1.572897044972    0.000000001302
C         -1.572897044834    3.156983018279   -0.000000001339
C         -3.526114394740   -0.078876177713   -0.000000000327
C          0.078876178140   -3.526114395145   -0.000000000610
C          3.526114396617    0.078876177944    0.000000001201
C         -0.078876177104    3.526114395031   -0.000000001136
N         -2.987670944249    0.415869009345   -1.229365079373
N         -0.415869008951   -2.987670943678   -1.229365080719
N          2.987670943706   -0.415869010785   -1.229365083963
N          0.415869011491    2.987670944459    1.229365080548
N         -2.987670943639    0.415869008762    1.229365080652
N         -0.415869008944   -2.987670943625    1.229365082180
N          2.987670945167   -0.415869011155    1.229365080697
N          0.415869010855    2.987670944213   -1.229365078398
N         -2.450227099544   -1.759949706836   -1.229493734694
N          1.759949705653   -2.450227099990   -1.229493736223
N          2.450227099986    1.759949703307   -1.229493738021
N         -1.759949704656    2.450227099670    1.229493735724
N         -2.450227099553   -1.759949706855    1.229493734833
N          1.759949706869   -2.450227100174    1.229493736270
N          2.450227100710    1.759949703977    1.229493735585
N         -1.759949705379    2.450227099889   -1.229493732216
C         -2.470381113052   -0.610606225968   -2.003756161555
C          0.610606227268   -2.470381114450   -2.003756153340
C          2.470381116572    0.610606231317   -2.003756146392
C         -0.610606230244    2.470381114846    2.003756161456
C         -2.470381115070   -0.610606226750    2.003756159858
C          0.610606226968   -2.470381116627    2.003756155561
C          2.470381115412    0.610606230279    2.003756155296
C         -0.610606228407    2.470381110609   -2.003756165904
O         -2.145651552420   -0.530248200306   -3.151726740961
O          0.530248199398   -2.145651547768   -3.151726734879
O          2.145651546262    0.530248198791   -3.151726737894
O         -0.530248199839    2.145651557531    3.151726739169
O         -2.145651555037   -0.530248202223    3.151726737770
O          0.530248202896   -2.145651552769    3.151726735513
O          2.145651552412    0.530248198987    3.151726734700
O         -0.530248201474    2.145651555206   -3.151726745922
C         -2.952022872015    1.781970859801   -1.673451277941
C         -1.781970861604   -2.952022870642   -1.673451278759
C          2.952022872462   -1.781970859164   -1.673451279110
C          1.781970857801    2.952022873041    1.673451279217
C         -2.952022871537    1.781970860286    1.673451279134
C         -1.781970860759   -2.952022871416    1.673451279170
C          2.952022871739   -1.781970860561    1.673451279373
C          1.781970858825    2.952022872897   -1.673451278259
H         -3.841882623231    2.319028049499   -1.326646317663
H         -2.319028048194   -3.841882623539   -1.326646318393
H          3.841882622722   -2.319028049523   -1.326646319296
H          2.319028050401    3.841882621929    1.326646318111
H         -3.841882621908    2.319028048816    1.326646316189
H         -2.319028048313   -3.841882622999    1.326646316990
H          3.841882623305   -2.319028049939    1.326646319716
H          2.319028051482    3.841882621745   -1.326646318127
H         -2.897393208291    1.748947353875   -2.770309542496
H         -1.748947351985   -2.897393207857   -2.770309543946
H          2.897393206474   -1.748947352719   -2.770309545030
H          1.748947353524    2.897393206773    2.770309544327
H         -2.897393208481    1.748947353122    2.770309543978
H         -1.748947353443   -2.897393207685    2.770309544331
H          2.897393206647   -1.748947352176    2.770309544826
H          1.748947354101    2.897393207293   -2.770309543493
C         -5.035345597181   -0.448225338588    0.000000000045
C          0.448225338100   -5.035345597350    0.000000000267
C          5.035345598195    0.448225339007   -0.000000000422
C         -0.448225338953    5.035345597192    0.000000000090
H         -5.567096837561   -0.120771001205   -0.891633874150
H          0.120771000552   -5.567096837382   -0.891633874115
H          5.567096838750    0.120771001956   -0.891633874528
H         -0.120771002221    5.567096838140    0.891633874146
H         -5.567096837784   -0.120771001287    0.891633874103
H          0.120771000593   -5.567096837777    0.891633874303
H          5.567096838553    0.120771001777    0.891633873906
H         -0.120771002032    5.567096837815   -0.891633874024
C         -4.664569295431   -1.948912252165    0.000000000105
C          1.948912251979   -4.664569295987    0.000000000261
C          4.664569295612    1.948912252509   -0.000000000191
C         -1.948912252331    4.664569294597    0.000000000279
H         -4.982645748239   -2.486320451143   -0.891637453364
H          2.486320450837   -4.982645748913   -0.891637453254
H          4.982645747603    2.486320451793   -0.891637453682
H         -2.486320451297    4.982645747735    0.891637453683
H         -4.982645748141   -2.486320450881    0.891637453734
H          2.486320450641   -4.982645748436    0.891637453992
H          4.982645747733    2.486320451481    0.891637453652
H         -2.486320451389    4.982645746581   -0.891637453468
AR        -0.000000001967    0.000000000659    0.000000001972
   89
 SCF done    -173.67812270      0.00318120
C         -3.155871394789   -1.572544304589    0.000000028075
C          1.572544309067   -3.155871390516    0.000000005549
C          3.155871394646    1.572544303799    0.000000029709
C         -1.572544304014    3.155871395776    0.000000008999
C         -3.524979011640   -0.078657990197    0.000000035716
C          0.078657990804   -3.524979011008    0.000000000255
C          3.524979014367    0.078657992550    0.000000022826
C         -0.078657998704    3.524979014683    0.000000012594
N         -2.986519434120    0.415811552057   -1.229669315026
N         -0.415811519314   -2.986519442456   -1.229669289288
N          2.986519437712   -0.415811548841   -1.229669310331
N          0.415811533515    2.986519444074    1.229669283538
N         -2.986519449144    0.415811504847    1.229669266916
N         -0.415811555228   -2.986519447626    1.229669286018
N          2.986519446507   -0.415811521023    1.229669276975
N          0.415811570572    2.986519445096   -1.229669297514
N         -2.449180477228   -1.759338644434   -1.229745623007
N          1.759338624208   -2.449180495288   -1.229745604945
N          2.449180482842    1.759338632858   -1.229745626050
N         -1.759338629039    2.449180492737    1.229745598025
N         -2.449180510282   -1.759338603103    1.229745585344
N          1.759338600915   -2.449180504530    1.229745599031
N          2.449180508960    1.759338605747    1.229745584609
N         -1.759338599446    2.449180497626   -1.229745612708
C         -2.472104946922   -0.611036573317   -2.004862710911
C          0.611036570602   -2.472104946793   -2.004862706039
C          2.472104947857    0.611036580588   -2.004862698857
C         -0.611036576870    2.472104948872    2.004862707148
C         -2.472104951286   -0.611036580604    2.004862690063
C          0.611036610475   -2.472104938402    2.004862709774
C          2.472104948420    0.611036584896    2.004862691424
C         -0.611036619921    2.472104933738   -2.004862714216
O         -2.149283821723   -0.531213008900   -3.153876162399
O          0.531213008098   -2.149283817124   -3.153876164542
O          2.149283813811    0.531213005344   -3.153876158885
O         -0.531213007238    2.149283823103    3.153876174766
O         -2.149283816465   -0.531213007854    3.153876186914
O          0.531213003921   -2.149283821421    3.153876167503
O          2.149283814692    0.531213003844    3.153876179474
O         -0.531213001716    2.149283825904   -3.153876165245
C         -2.950883531453    1.781283698721   -1.675407547789
C         -1.781283732215   -2.950883507775   -1.675407551021
C          2.950883524549   -1.781283704564   -1.675407551780
C          1.781283706320    2.950883533219    1.675407566725
C         -2.950883516624    1.781283734291    1.675407566943
C         -1.781283698003   -2.950883534882    1.675407563557
C          2.950883531467   -1.781283718663    1.675407566840
C          1.781283702954    2.950883514750   -1.675407544220
H         -3.841682637484    2.318917300229   -1.332178802968
H         -2.318917298372   -3.841682639572   -1.332178802863
H          3.841682638174   -2.318917300811   -1.332178803758
H          2.318917301504    3.841682636730    1.332178801724
H         -3.841682637592    2.318917298585    1.332178799997
H         -2.318917299603   -3.841682637852    1.332178801301
H          3.841682637220   -2.318917299459    1.332178803827
H          2.318917302756    3.841682638676   -1.332178802644
H         -2.893462609866    1.746602294946   -2.772005600981
H         -1.746602292778   -2.893462610763   -2.772005600740
H          2.893462609315   -1.746602293919   -2.772005602260
H          1.746602294716    2.893462609870    2.772005595383
H         -2.893462612085    1.746602294135    2.772005594987
H         -1.746602295431   -2.893462610428    2.772005596632
H          2.893462609173   -1.746602293365    2.772005596275
H          1.746602294729    2.893462610141   -2.772005603506
C         -5.034204053139   -0.447546935882   -0.000000003676
C          0.447546935660   -5.034204053630   -0.000000000626
C          5.034204053337    0.447546936333   -0.000000002167
C         -0.447546935702    5.034204051613   -0.000000001912
H         -5.565923660594   -0.120075223154   -0.891779315446
H          0.120075222681   -5.565923660079   -0.891779317059
H          5.565923662463    0.120075224031   -0.891779315234
H         -0.120075223174    5.565923661471    0.891779317025
H         -5.565923661006   -0.120075222496    0.891779317644
H          0.120075222933   -5.565923661162    0.891779315997
H          5.565923660969    0.120075223288    0.891779318060
H         -0.120075223256    5.565923661146   -0.891779316366
C         -4.663243429052   -1.948962816795   -0.000000002964
C          1.948962817118   -4.663243430167   -0.000000001275
C          4.663243428842    1.948962817067   -0.000000003243
C         -1.948962816051    4.663243427576   -0.000000001744
H         -4.981273466315   -2.486381911029   -0.891779207859
H          2.486381911079   -4.981273466147   -0.891779208914
H          4.981273466417    2.486381911499   -0.891779207601
H         -2.486381912131    4.981273465899    0.891779208451
H         -4.981273466069   -2.486381911762    0.891779209353
H          2.486381911409   -4.981273466400    0.891779208272
H          4.981273464740    2.486381912462    0.891779209792
H         -2.486381911270    4.981273464986   -0.891779209061
AR         0.000000001837   -0.000000001020   -0.000000000388
   89
 SCF done    -173.67813851      0.00097758
C         -3.155746529679   -1.572677153609    0.000000041685
C          1.572677156766   -3.155746520277    0.000000002776
C          3.155746530153    1.572677152870    0.000000031436
C         -1.572677149291    3.155746524586    0.000000013895
C         -3.524954647761   -0.078463015791    0.000000050597
C          0.078463014179   -3.524954647531    0.000000005374
C          3.524954650152    0.078463017825    0.000000026756
C         -0.078463024578    3.524954651776    0.000000007693
N         -2.986528355812    0.415866041544   -1.229869310756
N         -0.415866014329   -2.986528370655   -1.229869282148
N          2.986528370824   -0.415866040642   -1.229869313618
N          0.415866030518    2.986528356201    1.229869268608
N         -2.986528367275    0.415866001633    1.229869257483
N         -0.415866046871   -2.986528362312    1.229869277362
N          2.986528352489   -0.415866017045    1.229869257044
N          0.415866064277    2.986528375577   -1.229869299054
N         -2.449099808307   -1.759345289602   -1.229900781245
N          1.759345261573   -2.449099821906   -1.229900763752
N          2.449099824650    1.759345277289   -1.229900796849
N         -1.759345261891    2.449099803236    1.229900748328
N         -2.449099827953   -1.759345237216    1.229900741012
N          1.759345237328   -2.449099821263    1.229900749852
N          2.449099821685    1.759345240541    1.229900726113
N         -1.759345236028    2.449099825526   -1.229900774550
C         -2.474494083133   -0.611612957314   -2.005611404510
C          0.611612944394   -2.474494067919   -2.005611402807
C          2.474494092787    0.611612966150   -2.005611409327
C         -0.611612944941    2.474494043090    2.005611388119
C         -2.474494039288   -0.611612951985    2.005611367119
C          0.611613002432   -2.474494037672    2.005611400460
C          2.474494024496    0.611612960815    2.005611362857
C         -0.611613022280    2.474494058350   -2.005611411682
O         -2.154055538968   -0.532425746499   -3.155538544622
O          0.532425729848   -2.154055508854   -3.155538536970
O          2.154055540977    0.532425737317   -3.155538551373
O         -0.532425720947    2.154055486078    3.155538524592
O         -2.154055443489   -0.532425710813    3.155538510708
O          0.532425714341   -2.154055499006    3.155538534958
O          2.154055438283    0.532425713856    3.155538500471
O         -0.532425713693    2.154055536640   -3.155538547911
C         -2.950240454860    1.780907443217   -1.677238476449
C         -1.780907499093   -2.950240419811   -1.677238477190
C          2.950240440584   -1.780907456214   -1.677238484676
C          1.780907453281    2.950240446897    1.677238489754
C         -2.950240419892    1.780907495362    1.677238498482
C         -1.780907435861   -2.950240447646    1.677238498027
C          2.950240442590   -1.780907466980    1.677238493178
C          1.780907455108    2.950240432178   -1.677238481193
H         -3.842203927200    2.319270438765   -1.338072653902
H         -2.319270428546   -3.842203944444   -1.338072665510
H          3.842203932460   -2.319270442255   -1.338072677235
H          2.319270439173    3.842203926949    1.338072665943
H         -3.842203933632    2.319270428876    1.338072679029
H         -2.319270443192   -3.842203923332    1.338072688229
H          3.842203927436   -2.319270429100    1.338072662700
H          2.319270445189    3.842203939746   -1.338072690725
H         -2.889615944614    1.744312694291   -2.773553688944
H         -1.744312677108   -2.889615942854   -2.773553686701
H          2.889615925231   -1.744312690047   -2.773553693684
H          1.744312671569    2.889615895385    2.773553677105
H         -2.889615899778    1.744312652741    2.773553684561
H         -1.744312666829   -2.889615888252    2.773553688397
H          2.889615907776   -1.744312657487    2.773553680318
H          1.744312681392    2.889615939459   -2.773553699603
C         -5.034310393341   -0.447334793086   -0.000000004864
C          0.447334800452   -5.034310393293    0.000000010080
C          5.034310392979    0.447334792911    0.000000019732
C         -0.447334803121    5.034310390171    0.000000007100
H         -5.566178951453   -0.120107361622   -0.891829219406
H          0.120107364352   -5.566178962909   -0.891829199701
H          5.566178978876    0.120107365845   -0.891829182095
H         -0.120107362276    5.566178949372    0.891829224954
H         -5.566178963672   -0.120107353002    0.891829208944
H          0.120107368758   -5.566178952224    0.891829228510
H          5.566178936128    0.120107347145    0.891829245766
H         -0.120107375745    5.566178966488   -0.891829201849
C         -4.663218814383   -1.949212814998    0.000000007960
C          1.949212821059   -4.663218809901    0.000000004156
C          4.663218815608    1.949212815076    0.000000023268
C         -1.949212822609    4.663218803697    0.000000014637
H         -4.981475574523   -2.486496625764   -0.891828454596
H          2.486496626017   -4.981475558363   -0.891828467467
H          4.981475588327    2.486496627596   -0.891828433470
H         -2.486496626401    4.981475537371    0.891828496093
H         -4.981475546641   -2.486496618973    0.891828490573
H          2.486496629838   -4.981475550200    0.891828478572
H          4.981475534956    2.486496617189    0.891828511923
H         -2.486496638609    4.981475560639   -0.891828448691
AR        -0.000000001399    0.000000002403   -0.000000054163
   89
 SCF done    -173.67814137      0.00127627
C         -3.155969136725   -1.572869154547    0.000000027685
C          1.572869153273   -3.155969130005    0.000000008534
C          3.155969137619    1.572869153743    0.000000024940
C         -1.572869147088    3.155969129996    0.000000017376
C         -3.525262162199   -0.078388457315    0.000000037628
C          0.078388453345   -3.525262165405    0.000000009162
C          3.525262163338    0.078388457503    0.000000023890
C         -0.078388459313    3.525262167672    0.000000012457
N         -2.986931941363    0.415942734467   -1.229869463496
N         -0.415942721504   -2.986931961992   -1.229869450850
N          2.986931956417   -0.415942734518   -1.229869464445
N          0.415942731602    2.986931951940    1.229869457537
N         -2.986931961623    0.415942715503    1.229869446779
N         -0.415942741818   -2.986931955607    1.229869454908
N          2.986931944611   -0.415942723263    1.229869446087
N          0.415942749788    2.986931965324   -1.229869452910
N         -2.449386475427   -1.759566695982   -1.229889073807
N          1.759566679692   -2.449386482414   -1.229889056440
N          2.449386489082    1.759566689469   -1.229889079885
N         -1.759566678352    2.449386466266    1.229889062852
N         -2.449386488748   -1.759566670593    1.229889057048
N          1.759566664600   -2.449386480403    1.229889067278
N          2.449386483877    1.759566673410    1.229889051539
N         -1.759566661328    2.449386482596   -1.229889065471
C         -2.475519038744   -0.611848789606   -2.005700658730
C          0.611848779861   -2.475519024691   -2.005700653671
C          2.475519043191    0.611848797011   -2.005700658760
C         -0.611848779574    2.475519013034    2.005700663939
C         -2.475518997795   -0.611848786206    2.005700642574
C          0.611848818186   -2.475519010496    2.005700668417
C          2.475518989205    0.611848794168    2.005700644630
C         -0.611848831909    2.475519020574   -2.005700656683
O         -2.156135299235   -0.532928930675   -3.155884105041
O          0.532928920211   -2.156135265276   -3.155884092553
O          2.156135301982    0.532928923633   -3.155884105558
O         -0.532928912600    2.156135257931    3.155884100972
O         -2.156135204144   -0.532928898602    3.155884073665
O          0.532928886949   -2.156135273133    3.155884105313
O          2.156135201407    0.532928901094    3.155884074071
O         -0.532928882705    2.156135299370   -3.155884100238
C         -2.950119320021    1.780847245662   -1.677812496656
C         -1.780847289995   -2.950119295700   -1.677812503527
C          2.950119309712   -1.780847257035   -1.677812502492
C          1.780847255080    2.950119316704    1.677812520528
C         -2.950119291855    1.780847284224    1.677812524744
C         -1.780847241472   -2.950119317705    1.677812522387
C          2.950119307535   -1.780847260456    1.677812521946
C          1.780847256695    2.950119309371   -1.677812502043
H         -3.842526333884    2.319500724532   -1.340163835780
H         -2.319500717743   -3.842526352750   -1.340163863952
H          3.842526342821   -2.319500727645   -1.340163868227
H          2.319500726318    3.842526339458    1.340163872017
H         -3.842526341704    2.319500718238    1.340163886886
H         -2.319500733075   -3.842526337026    1.340163891428
H          3.842526334224   -2.319500716544    1.340163867193
H          2.319500734874    3.842526350257   -1.340163883893
H         -2.888126820714    1.743430453291   -2.774022572535
H         -1.743430434078   -2.888126812658   -2.774022577883
H          2.888126794389   -1.743430443229   -2.774022576113
H          1.743430433232    2.888126777176    2.774022583661
H         -2.888126771422    1.743430410182    2.774022586769
H         -1.743430422648   -2.888126765591    2.774022586194
H          2.888126783442   -1.743430416991    2.774022584478
H          1.743430432311    2.888126808447   -2.774022580544
C         -5.034668242866   -0.447457150132   -0.000000015941
C          0.447457157978   -5.034668245367   -0.000000001686
C          5.034668242762    0.447457148569   -0.000000007482
C         -0.447457162402    5.034668243083    0.000000001609
H         -5.566562961051   -0.120265065751   -0.891797607922
H          0.120265092381   -5.566562986270   -0.891797588815
H          5.566562979690    0.120265068966   -0.891797590399
H         -0.120265104950    5.566563000783    0.891797584077
H         -5.566563015625   -0.120265093779    0.891797559066
H          0.120265088144   -5.566562996929    0.891797578453
H          5.566562996606    0.120265085985    0.891797576145
H         -0.120265086239    5.566562983701   -0.891797581570
C         -4.663565652588   -1.949293877512   -0.000000017016
C          1.949293883068   -4.663565646868    0.000000004593
C          4.663565654079    1.949293876250   -0.000000012752
C         -1.949293886318    4.663565639757   -0.000000003912
H         -4.981848653918   -2.486564997680   -0.891797669582
H          2.486565013143   -4.981848633897   -0.891797647834
H          4.981848644480    2.486564999511   -0.891797666310
H         -2.486565018618    4.981848639380    0.891797645081
H         -4.981848649479   -2.486565007779    0.891797634150
H          2.486565005411   -4.981848651352    0.891797656913
H          4.981848662592    2.486565002356    0.891797637761
H         -2.486565011220    4.981848631290   -0.891797658241
AR         0.000000006875   -0.000000004498   -0.000000033715
   89
 SCF done    -173.67814179      0.00069937
C         -3.156039341575   -1.572936596325    0.000000015194
C          1.572936592338   -3.156039337573   -0.000000001846
C          3.156039342869    1.572936595586   -0.000000000821
C         -1.572936588140    3.156039334942    0.000000005369
C         -3.525370926618   -0.078355287120    0.000000015112
C          0.078355282776   -3.525370930535    0.000000005484
C          3.525370926457    0.078355286174   -0.000000002065
C         -0.078355284145    3.525370930644   -0.000000002376
N         -2.987136410594    0.415985464215   -1.229844671123
N         -0.415985464940   -2.987136439601   -1.229844671410
N          2.987136431632   -0.415985463144   -1.229844688990
N          0.415985469523    2.987136423429    1.229844664461
N         -2.987136435511    0.415985460671    1.229844668237
N         -0.415985470789   -2.987136420924    1.229844666873
N          2.987136410871   -0.415985465466    1.229844649586
N          0.415985474159    2.987136436407   -1.229844675248
N         -2.449528884742   -1.759674582185   -1.229863066620
N          1.759674569724   -2.449528889253   -1.229863068120
N          2.449528905843    1.759674583428   -1.229863089590
N         -1.759674565057    2.449528869843    1.229863057841
N         -2.449528896641   -1.759674572297    1.229863069190
N          1.759674567123   -2.449528885775    1.229863063917
N          2.449528882590    1.759674570273    1.229863047216
N         -1.759674565217    2.449528893110   -1.229863074673
C         -2.475722185611   -0.611885398721   -2.005658555664
C          0.611885384204   -2.475722183478   -2.005658557542
C          2.475722203128    0.611885406367   -2.005658574655
C         -0.611885382715    2.475722168320    2.005658553352
C         -2.475722159853   -0.611885390603    2.005658551382
C          0.611885411027   -2.475722168739    2.005658557973
C          2.475722140019    0.611885393405    2.005658532902
C         -0.611885418068    2.475722183662   -2.005658563288
O         -2.156613283661   -0.533028401672   -3.155865097599
O          0.533028380880   -2.156613262542   -3.155865091957
O          2.156613299590    0.533028397272   -3.155865115662
O         -0.533028378260    2.156613255325    3.155865088457
O         -2.156613213627   -0.533028367025    3.155865076417
O          0.533028364701   -2.156613266053    3.155865093385
O          2.156613198167    0.533028367806    3.155865059023
O         -0.533028356715    2.156613289847   -3.155865101668
C         -2.950094903440    1.780843961894   -1.677908547834
C         -1.780843992417   -2.950094895229   -1.677908549180
C          2.950094893105   -1.780843969165   -1.677908561777
C          1.780843970543    2.950094900544    1.677908548153
C         -2.950094881794    1.780843983002    1.677908558716
C         -1.780843959086   -2.950094899006    1.677908564048
C          2.950094895154   -1.780843968388    1.677908548330
C          1.780843971094    2.950094903464   -1.677908563054
H         -3.842587290848    2.319564732762   -1.340562484702
H         -2.319564740456   -3.842587304412   -1.340562504343
H          3.842587292361   -2.319564739347   -1.340562525829
H          2.319564741698    3.842587294160    1.340562505319
H         -3.842587289696    2.319564739457    1.340562528804
H         -2.319564740191   -3.842587294104    1.340562538481
H          3.842587292189   -2.319564731232    1.340562501611
H          2.319564744737    3.842587305408   -1.340562535071
H         -2.887722708313    1.743194876751   -2.774092176826
H         -1.743194875683   -2.887722698187   -2.774092177529
H          2.887722673845   -1.743194871954   -2.774092189537
H          1.743194870247    2.887722672389    2.774092173180
H         -2.887722657516    1.743194853316    2.774092182882
H         -1.743194848879   -2.887722659753    2.774092188597
H          2.887722680074   -1.743194852288    2.774092173001
H          1.743194860294    2.887722692802   -2.774092192225
C         -5.034782569011   -0.447567922078   -0.000000029664
C          0.447567927480   -5.034782571923    0.000000022948
C          5.034782568787    0.447567919211    0.000000013295
C         -0.447567930457    5.034782570120    0.000000004792
H         -5.566682981421   -0.120366709451   -0.891772835975
H          0.120366695107   -5.566683019610   -0.891772755515
H          5.566683022402    0.120366705165   -0.891772768446
H         -0.120366693361    5.566683002711    0.891772790662
H         -5.566683025167   -0.120366681262    0.891772741145
H          0.120366711870   -5.566682995334    0.891772821898
H          5.566682982948    0.120366678108    0.891772808545
H         -0.120366721872    5.566683012047   -0.891772785918
C         -4.663697241209   -1.949269718015    0.000000000176
C          1.949269721101   -4.663697236124    0.000000000899
C          4.663697243148    1.949269715632    0.000000024692
C         -1.949269723266    4.663697230036    0.000000027347
H         -4.981971422397   -2.486557032047   -0.891773318947
H          2.486557008769   -4.981971432608   -0.891773329563
H          4.981971459254    2.486557023161   -0.891773286883
H         -2.486557008838    4.981971405235    0.891773366733
H         -4.981971445473   -2.486556998889    0.891773332932
H          2.486557031075   -4.981971419570    0.891773322752
H          4.981971413694    2.486557001804    0.891773365283
H         -2.486557038083    4.981971433152   -0.891773284753
AR        -0.000000007242    0.000000005951   -0.000000022104
