   89
 SCF done    -170.60127205      0.00000000
C         -3.198818428328   -1.595739215967    0.000000000000
C          1.595739215967   -3.198818428328    0.000000000000
C          3.198818428328    1.595739215967    0.000000000000
C         -1.595739215967    3.198818428328    0.000000000000
C         -3.573958244011   -0.077849961750    0.000000000000
C          0.077849961750   -3.573958244011    0.000000000000
C          3.573958244011    0.077849961750    0.000000000000
C         -0.077849961750    3.573958244011    0.000000000000
N         -3.036898507884    0.413919796629   -1.238489391494
N         -0.413919796629   -3.036898507884   -1.238489391494
N          3.036898507884   -0.413919796629   -1.238489391494
N          0.413919796629    3.036898507884    1.238489391494
N         -3.036898507884    0.413919796629    1.238489391494
N         -0.413919796629   -3.036898507884    1.238489391494
N          3.036898507884   -0.413919796629    1.238489391494
N          0.413919796629    3.036898507884   -1.238489391494
N         -2.494968774150   -1.781189124850   -1.239149391170
N          1.781189124850   -2.494968774150   -1.239149391170
N          2.494968774150    1.781189124850   -1.239149391170
N         -1.781189124850    2.494968774150    1.239149391170
N         -2.494968774150   -1.781189124850    1.239149391170
N          1.781189124850   -2.494968774150    1.239149391170
N          2.494968774150    1.781189124850    1.239149391170
N         -1.781189124850    2.494968774150   -1.239149391170
C         -2.499968771693   -0.617629696541   -2.021019007015
C          0.617629696541   -2.499968771693   -2.021019007015
C          2.499968771693    0.617629696541   -2.021019007015
C         -0.617629696541    2.499968771693    2.021019007015
C         -2.499968771693   -0.617629696541    2.021019007015
C          0.617629696541   -2.499968771693    2.021019007015
C          2.499968771693    0.617629696541    2.021019007015
C         -0.617629696541    2.499968771693   -2.021019007015
O         -2.145398945903   -0.529209739984   -3.172338441338
O          0.529209739984   -2.145398945903   -3.172338441338
O          2.145398945903    0.529209739984   -3.172338441338
O         -0.529209739984    2.145398945903    3.172338441338
O         -2.145398945903   -0.529209739984    3.172338441338
O          0.529209739984   -2.145398945903    3.172338441338
O          2.145398945903    0.529209739984    3.172338441338
O         -0.529209739984    2.145398945903   -3.172338441338
C         -2.969878540813    1.792699119195   -1.675689176685
C         -1.792699119195   -2.969878540813   -1.675689176685
C          2.969878540813   -1.792699119195   -1.675689176685
C          1.792699119195    2.969878540813    1.675689176685
C         -2.969878540813    1.792699119195    1.675689176685
C         -1.792699119195   -2.969878540813    1.675689176685
C          2.969878540813   -1.792699119195    1.675689176685
C          1.792699119195    2.969878540813   -1.675689176685
H         -3.858598104159    2.329338855528   -1.326159348419
H         -2.329338855528   -3.858598104159   -1.326159348419
H          3.858598104159   -2.329338855528   -1.326159348419
H          2.329338855528    3.858598104159    1.326159348419
H         -3.858598104159    2.329338855528    1.326159348419
H         -2.329338855528   -3.858598104159    1.326159348419
H          3.858598104159   -2.329338855528    1.326159348419
H          2.329338855528    3.858598104159   -1.326159348419
H         -2.949518550816    1.779139125857   -2.768808639604
H         -1.779139125857   -2.949518550816   -2.768808639604
H          2.949518550816   -1.779139125857   -2.768808639604
H          1.779139125857    2.949518550816    2.768808639604
H         -2.949518550816    1.779139125857    2.768808639604
H         -1.779139125857   -2.949518550816    2.768808639604
H          2.949518550816   -1.779139125857    2.768808639604
H          1.779139125857    2.949518550816   -2.768808639604
C         -5.095297496533   -0.452149777846    0.000000000000
C          0.452149777846   -5.095297496533    0.000000000000
C          5.095297496533    0.452149777846    0.000000000000
C         -0.452149777846    5.095297496533    0.000000000000
H         -5.627967234817   -0.118029942008   -0.893279561106
H          0.118029942008   -5.627967234817   -0.893279561106
H          5.627967234817    0.118029942008   -0.893279561106
H         -0.118029942008    5.627967234817    0.893279561106
H         -5.627967234817   -0.118029942008    0.893279561106
H          0.118029942008   -5.627967234817    0.893279561106
H          5.627967234817    0.118029942008    0.893279561106
H         -0.118029942008    5.627967234817   -0.893279561106
C         -4.719347681248   -1.972989030613    0.000000000000
C          1.972989030613   -4.719347681248    0.000000000000
C          4.719347681248    1.972989030613    0.000000000000
C         -1.972989030613    4.719347681248    0.000000000000
H         -5.034467526420   -2.517028763311   -0.893229561130
H          2.517028763311   -5.034467526420   -0.893229561130
H          5.034467526420    2.517028763311   -0.893229561130
H         -2.517028763311    5.034467526420    0.893229561130
H         -5.034467526420   -2.517028763311    0.893229561130
H          2.517028763311   -5.034467526420    0.893229561130
H          5.034467526420    2.517028763311    0.893229561130
H         -2.517028763311    5.034467526420   -0.893229561130
HE         0.000000000000    0.000000000000    0.000000000000
   89
 SCF done    -170.61354235      0.08878123
C         -3.180224061224   -1.585022456304   -0.000000000064
C          1.585022456427   -3.180224061136   -0.000000000580
C          3.180224061231    1.585022456335    0.000000000867
C         -1.585022456687    3.180224060749    0.000000000246
C         -3.552393097745   -0.078875548950   -0.000000000248
C          0.078875549009   -3.552393097754   -0.000000000811
C          3.552393097847    0.078875549179    0.000000000515
C         -0.078875548727    3.552393097568    0.000000000081
N         -3.013867408784    0.415788395453   -1.231897573720
N         -0.415788395023   -3.013867408865   -1.231897573430
N          3.013867407739   -0.415788394691   -1.231897575760
N          0.415788398008    3.013867409709    1.231897572397
N         -3.013867408096    0.415788395035    1.231897575039
N         -0.415788395579   -3.013867407866    1.231897575856
N          3.013867408808   -0.415788396297    1.231897573914
N          0.415788394009    3.013867408411   -1.231897574153
N         -2.473631981996   -1.772114869271   -1.232368442611
N          1.772114868680   -2.473631982356   -1.232368442370
N          2.473631981176    1.772114868963   -1.232368444612
N         -1.772114867926    2.473631983048    1.232368441393
N         -2.473631981914   -1.772114868216    1.232368443712
N          1.772114867418   -2.473631981812    1.232368444558
N          2.473631982833    1.772114867199    1.232368442569
N         -1.772114869242    2.473631982003   -1.232368442795
C         -2.481365624798   -0.613152407013   -2.006000182408
C          0.613152407182   -2.481365624902   -2.006000181918
C          2.481365627264    0.613152406959   -2.006000175345
C         -0.613152409323    2.481365622444    2.006000187582
C         -2.481365626518   -0.613152407543    2.006000177033
C          0.613152408610   -2.481365627057    2.006000174712
C          2.481365624957    0.613152409006    2.006000180453
C         -0.613152406144    2.481365625786   -2.006000180105
O         -2.146720736131   -0.529893164512   -3.151170682680
O          0.529893164462   -2.146720736026   -3.151170683052
O          2.146720734737    0.529893164285   -3.151170687123
O         -0.529893164270    2.146720737254    3.151170679396
O         -2.146720735082   -0.529893164222    3.151170686122
O          0.529893163956   -2.146720734688    3.151170687538
O          2.146720735821    0.529893164071    3.151170683989
O         -0.529893164580    2.146720735625   -3.151170684190
C         -2.964393701835    1.789421542393   -1.670759466646
C         -1.789421542716   -2.964393701726   -1.670759466784
C          2.964393702251   -1.789421542394   -1.670759466505
C          1.789421540921    2.964393702570    1.670759466901
C         -2.964393702553    1.789421542068    1.670759466896
C         -1.789421542127   -2.964393702288    1.670759466160
C          2.964393702337   -1.789421541983    1.670759466356
C          1.789421543376    2.964393701654   -1.670759466374
H         -3.853785739803    2.326346064264   -1.319402637743
H         -2.326346064239   -3.853785739801   -1.319402637741
H          3.853785739715   -2.326346064247   -1.319402637781
H          2.326346064314    3.853785739814    1.319402637717
H         -3.853785739699    2.326346064249    1.319402637766
H         -2.326346064250   -3.853785739733    1.319402637793
H          3.853785739757   -2.326346064232    1.319402637778
H          2.326346064174    3.853785739756   -1.319402637790
H         -2.927709458261    1.766644500484   -2.766462907579
H         -1.766644500472   -2.927709458266   -2.766462907550
H          2.927709458248   -1.766644500455   -2.766462907604
H          1.766644500574    2.927709458222    2.766462907528
H         -2.927709458238    1.766644500472    2.766462907520
H         -1.766644500478   -2.927709458234    2.766462907676
H          2.927709458218   -1.766644500518    2.766462907636
H          1.766644500444    2.927709458251   -2.766462907630
C         -5.068138480410   -0.453371172404    0.000000000010
C          0.453371172399   -5.068138480420    0.000000000063
C          5.068138480380    0.453371172393   -0.000000000037
C         -0.453371172400    5.068138480473    0.000000000006
H         -5.604186268360   -0.128853921130   -0.891528388440
H          0.128853921125   -5.604186268359   -0.891528388451
H          5.604186268365    0.128853921131   -0.891528388430
H         -0.128853921137    5.604186268353    0.891528388432
H         -5.604186268362   -0.128853921129    0.891528388437
H          0.128853921136   -5.604186268360    0.891528388422
H          5.604186268362    0.128853921128    0.891528388450
H         -0.128853921127    5.604186268357   -0.891528388435
C         -4.695908827975   -1.959607552973   -0.000000000006
C          1.959607552976   -4.695908827999    0.000000000041
C          4.695908827976    1.959607552964   -0.000000000068
C         -1.959607552997    4.695908828062   -0.000000000009
H         -5.018948555485   -2.496477807833   -0.891543344760
H          2.496477807835   -5.018948555480   -0.891543344771
H          5.018948555489    2.496477807829   -0.891543344748
H         -2.496477807831    5.018948555477    0.891543344757
H         -5.018948555486   -2.496477807838    0.891543344766
H          2.496477807832   -5.018948555485    0.891543344751
H          5.018948555481    2.496477807843    0.891543344779
H         -2.496477807829    5.018948555480   -0.891543344758
HE         0.000000000000   -0.000000000000    0.000000000000
   89
 SCF done    -170.61675668      0.02986610
C         -3.162481749024   -1.575260241396    0.000000000246
C          1.575260240973   -3.162481749168   -0.000000000858
C          3.162481749666    1.575260240475    0.000000000112
C         -1.575260240985    3.162481748909    0.000000000659
C         -3.532086589943   -0.079361088504   -0.000000000409
C          0.079361087604   -3.532086589800   -0.000000000818
C          3.532086589970    0.079361087468    0.000000000418
C         -0.079361087817    3.532086589807    0.000000000688
N         -2.991342659633    0.415986702884   -1.227744486253
N         -0.415986701598   -2.991342660089   -1.227744484413
N          2.991342659374   -0.415986700947   -1.227744487083
N          0.415986703124    2.991342659877    1.227744485311
N         -2.991342659474    0.415986703617    1.227744486784
N         -0.415986701785   -2.991342659283    1.227744487546
N          2.991342658808   -0.415986700081    1.227744487127
N          0.415986700119    2.991342658100   -1.227744489051
N         -2.453497822109   -1.761785979030   -1.227994949356
N          1.761785980533   -2.453497821860   -1.227994948058
N          2.453497821298    1.761785980395   -1.227994950631
N         -1.761785977674    2.453497822386    1.227994948999
N         -2.453497822277   -1.761785977400    1.227994950589
N          1.761785980285   -2.453497821541    1.227994950404
N          2.453497821532    1.761785980132    1.227994949837
N         -1.761785978397    2.453497821257   -1.227994951824
C         -2.468611511506   -0.610122931109   -2.000641736407
C          0.610122928196   -2.468611510293   -2.000641740559
C          2.468611513472    0.610122928122   -2.000641733544
C         -0.610122932501    2.468611510727    2.000641737992
C         -2.468611512415   -0.610122932048    2.000641733046
C          0.610122930035   -2.468611513051    2.000641734349
C          2.468611513099    0.610122929330    2.000641731740
C         -0.610122929523    2.468611515751   -2.000641726629
O         -2.140388388042   -0.528742074830   -3.145857215700
O          0.528742074223   -2.140388388842   -3.145857212314
O          2.140388387167    0.528742074367   -3.145857209838
O         -0.528742073198    2.140388389429    3.145857221143
O         -2.140388387204   -0.528742072860    3.145857211953
O          0.528742074701   -2.140388387711    3.145857208913
O          2.140388386536    0.528742074807    3.145857216001
O         -0.528742075145    2.140388386101   -3.145857220155
C         -2.955099561408    1.783826882400   -1.669404566595
C         -1.783826883377   -2.955099561688   -1.669404567053
C          2.955099561141   -1.783826883300   -1.669404567681
C          1.783826881597    2.955099561978    1.669404566192
C         -2.955099562350    1.783826881492    1.669404566841
C         -1.783826881892   -2.955099561989    1.669404568135
C          2.955099561355   -1.783826883270    1.669404567482
C          1.783826883827    2.955099560622   -1.669404567305
H         -3.844105292069    2.320400561784   -1.318070475540
H         -2.320400561725   -3.844105292648   -1.318070475267
H          3.844105292302   -2.320400561187   -1.318070475151
H          2.320400563069    3.844105292073    1.318070475507
H         -3.844105292329    2.320400561234    1.318070474586
H         -2.320400561256   -3.844105291561    1.318070475534
H          3.844105291575   -2.320400562236    1.318070475453
H          2.320400561299    3.844105291615   -1.318070475118
H         -2.906776594490    1.754489879952   -2.766485517335
H         -1.754489879689   -2.906776595081   -2.766485516808
H          2.906776594693   -1.754489879612   -2.766485517639
H          1.754489880202    2.906776594838    2.766485516701
H         -2.906776595508    1.754489879512    2.766485517078
H         -1.754489879277   -2.906776594248    2.766485518264
H          2.906776594445   -1.754489879445    2.766485517783
H          1.754489879495    2.906776594610   -2.766485518052
C         -5.042920186400   -0.450270454738    0.000000000092
C          0.450270454841   -5.042920186506    0.000000000014
C          5.042920186554    0.450270454692    0.000000000112
C         -0.450270454880    5.042920186428   -0.000000000024
H         -5.576042358511   -0.123655233210   -0.891026338492
H          0.123655233050   -5.576042358263   -0.891026338700
H          5.576042359060    0.123655233276   -0.891026338303
H         -0.123655233570    5.576042358484    0.891026338670
H         -5.576042358757   -0.123655233307    0.891026338602
H          0.123655233665   -5.576042359021    0.891026338429
H          5.576042358372    0.123655233128    0.891026338818
H         -0.123655233589    5.576042358996   -0.891026338414
C         -4.672186893213   -1.950667931856    0.000000000249
C          1.950667931942   -4.672186893097   -0.000000000130
C          4.672186893143    1.950667931802   -0.000000000108
C         -1.950667931829    4.672186893070   -0.000000000199
H         -4.991849164847   -2.487958776926   -0.891043095158
H          2.487958776854   -4.991849164452   -0.891043095782
H          4.991849165255    2.487958776692   -0.891043095532
H         -2.487958776906    4.991849164843    0.891043095234
H         -4.991849165037   -2.487958776778    0.891043095760
H          2.487958776967   -4.991849165155    0.891043095180
H          4.991849164365    2.487958777024    0.891043095393
H         -2.487958776630    4.991849164941   -0.891043095677
HE         0.000000000003   -0.000000000006   -0.000000000000
   89
 SCF done    -170.61714415      0.01457747
C         -3.153082860447   -1.571302704934   -0.000000000537
C          1.571302704856   -3.153082860744   -0.000000000788
C          3.153082861345    1.571302704976   -0.000000000354
C         -1.571302705148    3.153082861264    0.000000000282
C         -3.521916458127   -0.078474151075   -0.000000000953
C          0.078474150832   -3.521916457463   -0.000000000861
C          3.521916457658    0.078474150825   -0.000000000250
C         -0.078474150752    3.521916458565    0.000000000534
N         -2.981238409383    0.416033895630   -1.227791925867
N         -0.416033894037   -2.981238408666   -1.227791925411
N          2.981238408831   -0.416033893168   -1.227791926095
N          0.416033894197    2.981238408990    1.227791926771
N         -2.981238408199    0.416033895273    1.227791927789
N         -0.416033893573   -2.981238407982    1.227791927554
N          2.981238407640   -0.416033891751    1.227791928132
N          0.416033893323    2.981238409166   -1.227791927381
N         -2.444467415814   -1.757100497777   -1.227922430645
N          1.757100499171   -2.444467415105   -1.227922430485
N          2.444467414956    1.757100500133   -1.227922431237
N         -1.757100497768    2.444467415669    1.227922432040
N         -2.444467415074   -1.757100496637    1.227922433113
N          1.757100499403   -2.444467414562    1.227922432632
N          2.444467414730    1.757100499717    1.227922433307
N         -1.757100498878    2.444467415691   -1.227922432163
C         -2.462834238576   -0.608741955792   -2.001871742000
C          0.608741953114   -2.462834238938   -2.001871742387
C          2.462834239473    0.608741951808   -2.001871741229
C         -0.608741956094    2.462834240902    2.001871735423
C         -2.462834240525   -0.608741956528    2.001871733724
C          0.608741953154   -2.462834240981    2.001871738252
C          2.462834242379    0.608741952070    2.001871732061
C         -0.608741952982    2.462834241522   -2.001871735062
O         -2.138209543248   -0.528412085398   -3.149967418929
O          0.528412085638   -2.138209544099   -3.149967423471
O          2.138209542759    0.528412085383   -3.149967418919
O         -0.528412083223    2.138209542299    3.149967421511
O         -2.138209540837   -0.528412082864    3.149967422020
O          0.528412085340   -2.138209543589    3.149967422840
O          2.138209539163    0.528412084928    3.149967420473
O         -0.528412084997    2.138209538904   -3.149967412233
C         -2.950352075760    1.780962948200   -1.672802188801
C         -1.780962948801   -2.950352076342   -1.672802188200
C          2.950352075681   -1.780962949748   -1.672802188243
C          1.780962948588    2.950352075976    1.672802187891
C         -2.950352077137    1.780962947569    1.672802187692
C         -1.780962948308   -2.950352076920    1.672802188290
C          2.950352075442   -1.780962950376    1.672802188230
C          1.780962950254    2.950352075259   -1.672802188805
H         -3.839751835317    2.317739548467   -1.324348362568
H         -2.317739547867   -3.839751835782   -1.324348361437
H          3.839751836447   -2.317739546908   -1.324348361524
H          2.317739548425    3.839751835958    1.324348363267
H         -3.839751835968    2.317739547833    1.324348361598
H         -2.317739547677   -3.839751835216    1.324348360975
H          3.839751835793   -2.317739546981    1.324348361386
H          2.317739546819    3.839751836221   -1.324348361501
H         -2.896884139862    1.748641653896   -2.769804404678
H         -1.748641653919   -2.896884141404   -2.769804403564
H          2.896884141484   -1.748641653793   -2.769804403712
H          1.748641652833    2.896884140532    2.769804404363
H         -2.896884141316    1.748641653702    2.769804403981
H         -1.748641653864   -2.896884141289    2.769804404244
H          2.896884141464   -1.748641652975    2.769804404332
H          1.748641653051    2.896884141243   -2.769804404588
C         -5.031405746808   -0.447260179169    0.000000000151
C          0.447260178589   -5.031405746572    0.000000000126
C          5.031405746819    0.447260178406   -0.000000000294
C         -0.447260179005    5.031405747424   -0.000000000080
H         -5.563350172528   -0.119717565373   -0.891519680450
H          0.119717564872   -5.563350172059   -0.891519680622
H          5.563350172083    0.119717564456   -0.891519681069
H         -0.119717564769    5.563350172419    0.891519680676
H         -5.563350172472   -0.119717565502    0.891519680758
H          0.119717564766   -5.563350172396    0.891519680601
H          5.563350172371    0.119717564300    0.891519680225
H         -0.119717565156    5.563350173142   -0.891519680672
C         -4.660634255730   -1.947934095529    0.000000000195
C          1.947934095002   -4.660634255902    0.000000000311
C          4.660634256270    1.947934094912   -0.000000000088
C         -1.947934095489    4.660634256423   -0.000000000114
H         -4.978843072755   -2.485508692520   -0.891523395286
H          2.485508692004   -4.978843073089   -0.891523395139
H          4.978843073385    2.485508691954   -0.891523395548
H         -2.485508692616    4.978843073136    0.891523395368
H         -4.978843072631   -2.485508692580    0.891523395673
H          2.485508691762   -4.978843073353    0.891523395751
H          4.978843073690    2.485508691584    0.891523395398
H         -2.485508692468    4.978843073205   -0.891523395697
HE         0.000000000047   -0.000000000102   -0.000000000001
   89
 SCF done    -170.61717696      0.00330200
C         -3.151486958552   -1.570890423911   -0.000000000414
C          1.570890424213   -3.151486958896   -0.000000000332
C          3.151486959292    1.570890424516   -0.000000000303
C         -1.570890424230    3.151486959122    0.000000000202
C         -3.520322134229   -0.078083993852   -0.000000000589
C          0.078083993972   -3.520322133598   -0.000000000340
C          3.520322133582    0.078083994182   -0.000000000406
C         -0.078083993842    3.520322134222    0.000000000393
N         -2.979774184328    0.415945605497   -1.228205941481
N         -0.415945604257   -2.979774183263   -1.228205941593
N          2.979774183450   -0.415945603595   -1.228205942319
N          0.415945604277    2.979774183891    1.228205942954
N         -2.979774183523    0.415945604872    1.228205944113
N         -0.415945603975   -2.979774183244    1.228205943447
N          2.979774182961   -0.415945603195    1.228205943606
N          0.415945603981    2.979774184046   -1.228205943093
N         -2.443164401896   -1.756324379037   -1.228290797516
N          1.756324379957   -2.443164401405   -1.228290798048
N          2.443164401625    1.756324380765   -1.228290798539
N         -1.756324379752    2.443164402013    1.228290799641
N         -2.443164401442   -1.756324378715    1.228290800557
N          1.756324380411   -2.443164401587    1.228290799757
N          2.443164401832    1.756324380711    1.228290800329
N         -1.756324379723    2.443164402072   -1.228290799064
C         -2.463376002678   -0.608881029548   -2.003055930779
C          0.608881027930   -2.463376003695   -2.003055928289
C          2.463376003853    0.608881027399   -2.003055928977
C         -0.608881029498    2.463376005453    2.003055926398
C         -2.463376005603   -0.608881030241    2.003055923893
C          0.608881028312   -2.463376006211    2.003055927914
C          2.463376005974    0.608881027026    2.003055923956
C         -0.608881027759    2.463376003811   -2.003055926348
O         -2.139451889077   -0.528779972883   -3.151819396080
O          0.528779973339   -2.139451887604   -3.151819396480
O          2.139451887751    0.528779974184   -3.151819397297
O         -0.528779971920    2.139451889028    3.151819394220
O         -2.139451886792   -0.528779971193    3.151819394672
O          0.528779974413   -2.139451890909    3.151819396971
O          2.139451885464    0.528779973593    3.151819392757
O         -0.528779973318    2.139451884721   -3.151819394441
C         -2.949094244313    1.780201096427   -1.674866409146
C         -1.780201096738   -2.949094244320   -1.674866408583
C          2.949094243780   -1.780201097452   -1.674866408770
C          1.780201096986    2.949094243944    1.674866409668
C         -2.949094244809    1.780201096096    1.674866409390
C         -1.780201096436   -2.949094244685    1.674866409413
C          2.949094243690   -1.780201098163    1.674866409289
C          1.780201097975    2.949094243966   -1.674866409102
H         -3.839284385651    2.317462365514   -1.329537164397
H         -2.317462364725   -3.839284385559   -1.329537162733
H          3.839284386054   -2.317462363942   -1.329537163250
H          2.317462364552    3.839284385938    1.329537164931
H         -3.839284385548    2.317462364679    1.329537163436
H         -2.317462364570   -3.839284384996    1.329537162421
H          3.839284386145   -2.317462363186    1.329537162693
H          2.317462363766    3.839284386634   -1.329537163290
H         -2.893271810271    1.746478150740   -2.771591719857
H         -1.746478150998   -2.893271811276   -2.771591719110
H          2.893271811102   -1.746478151089   -2.771591719480
H          1.746478149622    2.893271809958    2.771591720727
H         -2.893271810895    1.746478150698    2.771591720513
H         -1.746478151000   -2.893271811316    2.771591720382
H          2.893271811423   -1.746478150271    2.771591720252
H          1.746478150912    2.893271811411   -2.771591719863
C         -5.029767564497   -0.446407471217   -0.000000000009
C          0.446407470464   -5.029767564218    0.000000000163
C          5.029767564195    0.446407470294    0.000000000230
C         -0.446407470889    5.029767564654    0.000000000080
H         -5.561517029093   -0.118882048915   -0.891765831225
H          0.118882047787   -5.561517028738   -0.891765830960
H          5.561517028935    0.118882047551   -0.891765830781
H         -0.118882048673    5.561517029282    0.891765831310
H         -5.561517029783   -0.118882049156    0.891765830872
H          0.118882048315   -5.561517029262    0.891765831140
H          5.561517028853    0.118882047943    0.891765831422
H         -0.118882048569    5.561517029709   -0.891765830890
C         -4.658792226429   -1.947902455041    0.000000000250
C          1.947902454552   -4.658792226923   -0.000000000088
C          4.658792227273    1.947902454388   -0.000000000059
C         -1.947902454715    4.658792227068   -0.000000000068
H         -4.976826566311   -2.485380930573   -0.891765789851
H          2.485380929672   -4.976826567185   -0.891765790271
H          4.976826567900    2.485380929502   -0.891765790119
H         -2.485380930052    4.976826567650    0.891765789916
H         -4.976826567007   -2.485380930316    0.891765790244
H          2.485380929943   -4.976826567676    0.891765789738
H          4.976826567811    2.485380929646    0.891765789926
H         -2.485380929961    4.976826567295   -0.891765790227
HE         0.000000000032   -0.000000000054    0.000000000672
   89
 SCF done    -170.61719008      0.00107125
C         -3.151070638078   -1.570959078879   -0.000000000680
C          1.570959079237   -3.151070638375   -0.000000000138
C          3.151070638594    1.570959079433   -0.000000000323
C         -1.570959079203    3.151070638487   -0.000000000154
C         -3.520002788597   -0.077814759776   -0.000000000714
C          0.077814759979   -3.520002788190   -0.000000000115
C          3.520002788143    0.077814760176   -0.000000000496
C         -0.077814759848    3.520002788504   -0.000000000121
N         -2.979593756253    0.415941852361   -1.228455680985
N         -0.415941851684   -2.979593755221   -1.228455681197
N          2.979593755266   -0.415941851153   -1.228455681771
N          0.415941851584    2.979593755857    1.228455681062
N         -2.979593755722    0.415941851925    1.228455682338
N         -0.415941851382   -2.979593755377    1.228455681999
N          2.979593755274   -0.415941851429    1.228455681906
N          0.415941851585    2.979593756170   -1.228455682341
N         -2.442953269721   -1.756205541198   -1.228502673266
N          1.756205541964   -2.442953269525   -1.228502673766
N          2.442953269726    1.756205542289   -1.228502674105
N         -1.756205542233    2.442953270068    1.228502674019
N         -2.442953269409   -1.756205541538    1.228502674930
N          1.756205542173   -2.442953269859    1.228502674523
N          2.442953270231    1.756205542524    1.228502674691
N         -1.756205541723    2.442953270272   -1.228502674416
C         -2.464624679637   -0.609180632892   -2.003729894095
C          0.609180631948   -2.464624679895   -2.003729891492
C          2.464624680529    0.609180631905   -2.003729891350
C         -0.609180632122    2.464624681148    2.003729893285
C         -2.464624681134   -0.609180632750    2.003729890363
C          0.609180632343   -2.464624682568    2.003729892141
C          2.464624680900    0.609180631357    2.003729891427
C         -0.609180632179    2.464624679687   -2.003729891801
O         -2.141741324809   -0.529377842818   -3.152960270120
O          0.529377843318   -2.141741321696   -3.152960267156
O          2.141741322156    0.529377844403   -3.152960269310
O         -0.529377843280    2.141741326341    3.152960267991
O         -2.141741322851   -0.529377842002    3.152960266870
O          0.529377845193   -2.141741327302    3.152960270028
O          2.141741322553    0.529377844545    3.152960267417
O         -0.529377843512    2.141741320105   -3.152960269183
C         -2.948390019116    1.779782364842   -1.676602224437
C         -1.779782364894   -2.948390018873   -1.676602224009
C          2.948390018484   -1.779782365515   -1.676602224193
C          1.779782365643    2.948390018575    1.676602224750
C         -2.948390019019    1.779782365023    1.676602224486
C         -1.779782365161   -2.948390018957    1.676602224349
C          2.948390018566   -1.779782366069    1.676602224278
C          1.779782365728    2.948390018792   -1.676602224321
H         -3.839590626826    2.317672733483   -1.334828368800
H         -2.317672732564   -3.839590626629   -1.334828367192
H          3.839590626771   -2.317672732400   -1.334828367652
H          2.317672732518    3.839590627094    1.334828368593
H         -3.839590626767    2.317672732666    1.334828367447
H         -2.317672732875   -3.839590626242    1.334828366622
H          3.839590627223   -2.317672731832    1.334828366946
H          2.317672732400    3.839590627273   -1.334828367795
H         -2.889777946500    1.744391949844   -2.773066380207
H         -1.744391950057   -2.889777947124   -2.773066379768
H          2.889777946818   -1.744391950146   -2.773066380113
H          1.744391949016    2.889777946016    2.773066380482
H         -2.889777946833    1.744391949929    2.773066380403
H         -1.744391950293   -2.889777947385    2.773066380316
H          2.889777947226   -1.744391950207    2.773066380204
H          1.744391950601    2.889777947089   -2.773066380255
C         -5.029542714791   -0.446097731353    0.000000000317
C          0.446097730729   -5.029542714567   -0.000000000090
C          5.029542714459    0.446097730574   -0.000000000294
C         -0.446097730956    5.029542714820   -0.000000000014
H         -5.561308331730   -0.118812917162   -0.891869636430
H          0.118812916743   -5.561308331297   -0.891869637033
H          5.561308331093    0.118812916375   -0.891869637241
H         -0.118812916606    5.561308331345    0.891869636947
H         -5.561308331743   -0.118812917477    0.891869637143
H          0.118812916186   -5.561308331436    0.891869636546
H          5.561308331362    0.118812915996    0.891869636366
H         -0.118812916829    5.561308331934   -0.891869636651
C         -4.658438135878   -1.948076024516    0.000000000109
C          1.948076024147   -4.658438136422    0.000000000357
C          4.658438136671    1.948076024006    0.000000000201
C         -1.948076024190    4.658438136471    0.000000000149
H         -4.976585705062   -2.485356935748   -0.891869096981
H          2.485356935543   -4.976585705947   -0.891869096487
H          4.976585706212    2.485356935432   -0.891869096599
H         -2.485356935316    4.976585705717    0.891869097267
H         -4.976585705110   -2.485356935957    0.891869097016
H          2.485356935071   -4.976585705808    0.891869097487
H          4.976585706164    2.485356934830    0.891869097382
H         -2.485356935603    4.976585705888   -0.891869096720
HE         0.000000000025   -0.000000000063    0.000000001225
   89
 SCF done    -170.61719435      0.00104274
C         -3.151213545238   -1.571138397145   -0.000000000314
C          1.571138397373   -3.151213545415   -0.000000000115
C          3.151213545466    1.571138397523   -0.000000000132
C         -1.571138397398    3.151213545430    0.000000000050
C         -3.520233956125   -0.077712346456   -0.000000000428
C          0.077712346719   -3.520233956022    0.000000000079
C          3.520233955946    0.077712346740   -0.000000000106
C         -0.077712346601    3.520233956143   -0.000000000018
N         -2.979940042731    0.415995449711   -1.228485078225
N         -0.415995449728   -2.979940042158   -1.228485078558
N          2.979940042330   -0.415995449653   -1.228485078719
N          0.415995449770    2.979940042663    1.228485077847
N         -2.979940043041    0.415995449899    1.228485078508
N         -0.415995449397   -2.979940042371    1.228485078729
N          2.979940042427   -0.415995449881    1.228485078482
N          0.415995449895    2.979940042915   -1.228485079109
N         -2.443191849797   -1.756378065382   -1.228511514188
N          1.756378065670   -2.443191849844   -1.228511514586
N          2.443191850092    1.756378065493   -1.228511514548
N         -1.756378066039    2.443191850487    1.228511514227
N         -2.443191849867   -1.756378065675    1.228511514773
N          1.756378066002   -2.443191850386    1.228511514556
N          2.443191850804    1.756378066103    1.228511514579
N         -1.756378065532    2.443191850355   -1.228511514750
C         -2.465664528214   -0.609421357899   -2.003859766407
C          0.609421357543   -2.465664527661   -2.003859765436
C          2.465664528166    0.609421358048   -2.003859764746
C         -0.609421357551    2.465664528732    2.003859768347
C         -2.465664528070   -0.609421357492    2.003859767160
C          0.609421358061   -2.465664529986    2.003859766383
C          2.465664527958    0.609421357587    2.003859767317
C         -0.609421358047    2.465664527382   -2.003859765825
O         -2.143719706982   -0.529867850014   -3.153343863444
O          0.529867850128   -2.143719704305   -3.153343861704
O          2.143719704352    0.529867850881   -3.153343861687
O         -0.529867851213    2.143719709377    3.153343863753
O         -2.143719705873   -0.529867849635    3.153343861452
O          0.529867852194   -2.143719709154    3.153343863126
O          2.143719705637    0.529867851588    3.153343862397
O         -0.529867850215    2.143719702985   -3.153343862442
C         -2.948087061896    1.779612093824   -1.677501398702
C         -1.779612093806   -2.948087061725   -1.677501398349
C          2.948087061542   -1.779612094048   -1.677501398666
C          1.779612094339    2.948087061606    1.677501398961
C         -2.948087061840    1.779612094244    1.677501398827
C         -1.779612094102   -2.948087061623    1.677501398667
C          2.948087061659   -1.779612094443    1.677501398625
C          1.779612093924    2.948087061823   -1.677501398647
H         -3.839955615336    2.317927810440   -1.338027707347
H         -2.317927809927   -3.839955615343   -1.338027706165
H          3.839955615352   -2.317927809831   -1.338027706611
H          2.317927809932    3.839955615741    1.338027707245
H         -3.839955615714    2.317927810019    1.338027706498
H         -2.317927810021   -3.839955615113    1.338027705884
H          3.839955615724   -2.317927809788    1.338027706048
H          2.317927810109    3.839955615501   -1.338027706616
H         -2.887414735947    1.742988090873   -2.773821660734
H         -1.742988091450   -2.887414736505   -2.773821660512
H          2.887414736301   -1.742988091033   -2.773821660829
H          1.742988090718    2.887414735919    2.773821660674
H         -2.887414736602    1.742988091517    2.773821660635
H         -1.742988091385   -2.887414736995    2.773821660664
H          2.887414736751   -1.742988091931    2.773821660511
H          1.742988091682    2.887414736264   -2.773821660780
C         -5.029837185429   -0.446166876780   -0.000000000476
C          0.446166876391   -5.029837185196    0.000000000082
C          5.029837185313    0.446166876264    0.000000000292
C         -0.446166876458    5.029837185433   -0.000000000094
H         -5.561637761688   -0.118982831802   -0.891852786143
H          0.118982830510   -5.561637761834   -0.891852785154
H          5.561637761811    0.118982830307   -0.891852784952
H         -0.118982831457    5.561637762062    0.891852785446
H         -5.561637762548   -0.118982831509    0.891852784604
H          0.118982831516   -5.561637761921    0.891852785634
H          5.561637761845    0.118982831331    0.891852785789
H         -0.118982830933    5.561637762053   -0.891852785300
C         -4.658706176660   -1.948172618692    0.000000000046
C          1.948172618450   -4.658706177039   -0.000000000819
C          4.658706177263    1.948172618385   -0.000000000625
C         -1.948172618435    4.658706177175   -0.000000000322
H         -4.976918463103   -2.485387061267   -0.891852950610
H          2.485387060135   -4.976918463994   -0.891852951794
H          4.976918464296    2.485387059989   -0.891852951502
H         -2.485387060767    4.976918464191    0.891852950202
H         -4.976918463831   -2.485387060821    0.891852950651
H          2.485387061169   -4.976918464109    0.891852949472
H          4.976918464218    2.485387060996    0.891852949729
H         -2.485387060528    4.976918464002   -0.891852951035
HE         0.000000000038   -0.000000000122    0.000000001320
   89
 SCF done    -170.61719509      0.00067759
C         -3.151369350196   -1.571216499448   -0.000000000175
C          1.571216499683   -3.151369350362   -0.000000000050
C          3.151369350327    1.571216499724    0.000000000045
C         -1.571216499643    3.151369350356   -0.000000000086
C         -3.520424553436   -0.077708877144   -0.000000000086
C          0.077708877410   -3.520424553408   -0.000000000178
C          3.520424553406    0.077708877358   -0.000000000059
C         -0.077708877310    3.520424553528   -0.000000000188
N         -2.980203879411    0.416043316210   -1.228439794762
N         -0.416043316058   -2.980203879093   -1.228439794978
N          2.980203879217   -0.416043316260   -1.228439794896
N          0.416043316342    2.980203879152    1.228439793974
N         -2.980203879469    0.416043316285    1.228439794365
N         -0.416043316182   -2.980203879121    1.228439794456
N          2.980203879255   -0.416043316371    1.228439794447
N          0.416043316296    2.980203879541   -1.228439795204
N         -2.443381089811   -1.756515858472   -1.228461574532
N          1.756515859221   -2.443381090205   -1.228461574473
N          2.443381090108    1.756515858591   -1.228461574485
N         -1.756515858909    2.443381090251    1.228461573896
N         -2.443381089915   -1.756515858817    1.228461574083
N          1.756515858903   -2.443381090109    1.228461574138
N          2.443381090504    1.756515858940    1.228461574165
N         -1.756515858925    2.443381090257   -1.228461574582
C         -2.466039660328   -0.609500267748   -2.003776958038
C          0.609500267824   -2.466039659463   -2.003776958748
C          2.466039659575    0.609500268210   -2.003776957727
C         -0.609500267652    2.466039660152    2.003776959450
C         -2.466039658905   -0.609500267436    2.003776959599
C          0.609500267688   -2.466039660309    2.003776958671
C          2.466039659132    0.609500267675    2.003776959265
C         -0.609500267969    2.466039658971   -2.003776958637
O         -2.144508295430   -0.530047795605   -3.153336943063
O          0.530047796106   -2.144508293788   -3.153336942050
O          2.144508293589    0.530047795999   -3.153336941988
O         -0.530047796562    2.144508296656    3.153336943561
O         -2.144508294137   -0.530047795616    3.153336942773
O          0.530047796724   -2.144508296037    3.153336942634
O          2.144508293803    0.530047796407    3.153336942693
O         -0.530047795684    2.144508292516   -3.153336942031
C         -2.948029942514    1.779589873526   -1.677669880081
C         -1.779589873319   -2.948029942181   -1.677669879931
C          2.948029942402   -1.779589873498   -1.677669880014
C          1.779589873645    2.948029942273    1.677669879844
C         -2.948029942275    1.779589873750    1.677669879817
C         -1.779589873713   -2.948029942315    1.677669879648
C          2.948029942268   -1.779589873670    1.677669879828
C          1.779589873268    2.948029942521   -1.677669880100
H         -3.840067151243    2.318023544121   -1.338797517758
H         -2.318023543734   -3.840067150953   -1.338797517168
H          3.840067151376   -2.318023543730   -1.338797517362
H          2.318023543968    3.840067151376    1.338797517770
H         -3.840067151375    2.318023543974    1.338797517431
H         -2.318023543878   -3.840067151206    1.338797516769
H          3.840067151289   -2.318023543960    1.338797517212
H          2.318023544036    3.840067151117   -1.338797517500
H         -2.886663173812    1.742547141642   -2.773954377695
H         -1.742547142155   -2.886663173920   -2.773954377626
H          2.886663174078   -1.742547141863   -2.773954377660
H          1.742547141641    2.886663173652    2.773954377287
H         -2.886663173856    1.742547142307    2.773954377270
H         -1.742547142132   -2.886663174528    2.773954377206
H          2.886663173970   -1.742547142428    2.773954377323
H          1.742547142249    2.886663173724   -2.773954377754
C         -5.030035474780   -0.446309758870    0.000000000566
C          0.446309758587   -5.030035474619   -0.000000000521
C          5.030035474744    0.446309758575   -0.000000000720
C         -0.446309758662    5.030035474764   -0.000000000437
H         -5.561865295205   -0.119108010626   -0.891810430168
H          0.119108011354   -5.561865294830   -0.891810431776
H          5.561865294581    0.119108011308   -0.891810432155
H         -0.119108010371    5.561865294956    0.891810430432
H         -5.561865294754   -0.119108011292    0.891810431757
H          0.119108009595   -5.561865294795    0.891810430107
H          5.561865295149    0.119108009768    0.891810429759
H         -0.119108010884    5.561865294924   -0.891810431481
C         -4.658925703210   -1.948159946874   -0.000000000236
C          1.948159946701   -4.658925703588    0.000000000891
C          4.658925703625    1.948159946699    0.000000000610
C         -1.948159946737    4.658925703598    0.000000000080
H         -4.977145632210   -2.485409328963   -0.891811052860
H          2.485409330009   -4.977145632639   -0.891811050952
H          4.977145632461    2.485409329885   -0.891811051360
H         -2.485409328992    4.977145632359    0.891811052621
H         -4.977145631805   -2.485409329937    0.891811051871
H          2.485409328387   -4.977145632282    0.891811053789
H          4.977145632496    2.485409328427    0.891811053425
H         -2.485409329502    4.977145632510   -0.891811052148
HE         0.000000000057   -0.000000000160    0.000000000951
