**! THIS FILE CONTAINS THE OUTPUT FROM 'gcp' AND 'dftd3' !** 
 **! AND THE UPLOADED COORDINATES  !**
 ---upload---
 72 
 xyz generated by gcpd3 webservice: 
C      -3.18068558   -1.62391625    0.00000000 
C       1.62391625   -3.18068558    0.00000000 
C       3.18068558    1.62391625    0.00000000 
C      -1.62391625    3.18068558    0.00000000 
C      -3.56960376   -0.09747054    0.00000000 
C       0.09747054   -3.56960376    0.00000000 
C       3.56960376    0.09747054    0.00000000 
C      -0.09747054    3.56960376    0.00000000 
N      -3.03233464    0.38266988   -1.24751632 
N      -0.38266988   -3.03233464   -1.24751632 
N       3.03233464   -0.38266988   -1.24751632 
N       0.38266988    3.03233464    1.24751632 
N      -3.03233464    0.38266988    1.24751632 
N      -0.38266988   -3.03233464    1.24751632 
N       3.03233464   -0.38266988    1.24751632 
N       0.38266988    3.03233464   -1.24751632 
N      -2.47979160   -1.78876838   -1.24818746 
N       1.78876838   -2.47979160   -1.24818746 
N       2.47979160    1.78876838   -1.24818746 
N      -1.78876838    2.47979160    1.24818746 
N      -2.47979160   -1.78876838    1.24818746 
N       1.78876838   -2.47979160    1.24818746 
N       2.47979160    1.78876838    1.24818746 
N      -1.78876838    2.47979160   -1.24818746 
C      -2.45938762   -0.62715300   -2.01542078 
C       0.62715300   -2.45938762   -2.01542078 
C       2.45938762    0.62715300   -2.01542078 
C      -0.62715300    2.45938762    2.01542078 
C      -2.45938762   -0.62715300    2.01542078 
C       0.62715300   -2.45938762    2.01542078 
C       2.45938762    0.62715300    2.01542078 
C      -0.62715300    2.45938762   -2.01542078 
O      -2.11857617   -0.53977559   -3.17400248 
O       0.53977559   -2.11857617   -3.17400248 
O       2.11857617    0.53977559   -3.17400248 
O      -0.53977559    2.11857617    3.17400248 
O      -2.11857617   -0.53977559    3.17400248 
O       0.53977559   -2.11857617    3.17400248 
O       2.11857617    0.53977559    3.17400248 
O      -0.53977559    2.11857617   -3.17400248 
C      -2.96479588    1.75970745   -1.67044700 
C      -1.75970745   -2.96479588   -1.67044700 
C       2.96479588   -1.75970745   -1.67044700 
C       1.75970745    2.96479588    1.67044700 
C      -2.96479588    1.75970745    1.67044700 
C      -1.75970745   -2.96479588    1.67044700 
C       2.96479588   -1.75970745    1.67044700 
C       1.75970745    2.96479588   -1.67044700 
H      -3.85837830    2.28993108   -1.31320560 
H      -2.28993108   -3.85837830   -1.31320560 
H       3.85837830   -2.28993108   -1.31320560 
H       2.28993108    3.85837830    1.31320560 
H      -3.85837830    2.28993108    1.31320560 
H      -2.28993108   -3.85837830    1.31320560 
H       3.85837830   -2.28993108    1.31320560 
H       2.28993108    3.85837830   -1.31320560 
H      -2.94840211    1.74900121   -2.76444461 
H      -1.74900121   -2.94840211   -2.76444461 
H       2.94840211   -1.74900121   -2.76444461 
H       1.74900121    2.94840211    2.76444461 
H      -2.94840211    1.74900121    2.76444461 
H      -1.74900121   -2.94840211    2.76444461 
H       2.94840211   -1.74900121    2.76444461 
H       1.74900121    2.94840211   -2.76444461 
H      -4.66379914    0.05199575    0.00000000 
H      -0.05199575   -4.66379914    0.00000000 
H       4.66379914   -0.05199575    0.00000000 
H       0.05199575    4.66379914    0.00000000 
H      -4.07018548   -2.27846986    0.00000000 
H       2.27846986   -4.07018548    0.00000000 
H       4.07018548    2.27846986    0.00000000 
H      -2.27846986    4.07018548    0.00000000 
 ------
  _________________________________
                                   
 |         DFTD3 V3.1 Rev 1        |
 | S.Grimme, University Bonn       |
 |         October  2015           |
 |   see dftd3 -h for options      |
  _________________________________
 
 Please cite DFT-D3 work done with this code as:
 S. Grimme, J. Antony, S. Ehrlich and H. Krieg,
 J. Chem. Phys. 132 (2010), 154104
 If used with BJ-damping cite also
 S. Grimme, S. Ehrlich and L. Goerigk,
 J. Comput. Chem. 32 (2011), 1456-1465
 For DFT-D2 the reference is
 S. Grimme, J. Comput. Chem., 27 (2006), 1787-1799
 
  files read :     
 /scratch///HnYBqZv.[F-]@Q4_opt_DFT-D4_def2TZVP_C4h_1.tmol
C6 coefficients used:
           2  C6 for element            1
Z=  1 CN= 0.912     C6(AA)=    3.03
Z=  1 CN= 0.000     C6(AA)=    7.59
           5  C6 for element            6
Z=  6 CN= 0.000     C6(AA)=   49.11
Z=  6 CN= 0.987     C6(AA)=   43.25
Z=  6 CN= 1.998     C6(AA)=   29.36
Z=  6 CN= 2.999     C6(AA)=   25.78
Z=  6 CN= 3.984     C6(AA)=   18.21
           4  C6 for element            7
Z=  7 CN= 0.000     C6(AA)=   25.27
Z=  7 CN= 0.994     C6(AA)=   22.12
Z=  7 CN= 2.014     C6(AA)=   19.68
Z=  7 CN= 2.990     C6(AA)=   15.58
           3  C6 for element            8
Z=  8 CN= 0.000     C6(AA)=   15.51
Z=  8 CN= 0.993     C6(AA)=   12.82
Z=  8 CN= 1.989     C6(AA)=   10.37

#               XYZ [au]               R0(AA) [Ang.]  CN       C6(AA)     C8(AA)   C10(AA) [au] 
   1  -6.01062  -3.06876   0.00000   c     0.789    4.306        18.2       526.9     18667.0
   2   3.06876  -6.01062   0.00000   c     0.789    4.306        18.2       526.9     18667.0
   3   6.01062   3.06876   0.00000   c     0.789    4.306        18.2       526.9     18667.0
   4  -3.06876   6.01062   0.00000   c     0.789    4.306        18.2       526.9     18667.0
   5  -6.74557  -0.18419   0.00000   c     0.789    4.306        18.2       526.9     18667.0
   6   0.18419  -6.74557   0.00000   c     0.789    4.306        18.2       526.9     18667.0
   7   6.74557   0.18419   0.00000   c     0.789    4.306        18.2       526.9     18667.0
   8  -0.18419   6.74557   0.00000   c     0.789    4.306        18.2       526.9     18667.0
   9  -5.73028   0.72314  -2.35746   n     0.689    3.219        15.6       344.1      9298.0
  10  -0.72314  -5.73028  -2.35746   n     0.689    3.219        15.6       344.1      9298.0
  11   5.73028  -0.72314  -2.35746   n     0.689    3.219        15.6       344.1      9298.0
  12   0.72314   5.73028   2.35746   n     0.689    3.219        15.6       344.1      9298.0
  13  -5.73028   0.72314   2.35746   n     0.689    3.219        15.6       344.1      9298.0
  14  -0.72314  -5.73028   2.35746   n     0.689    3.219        15.6       344.1      9298.0
  15   5.73028  -0.72314   2.35746   n     0.689    3.219        15.6       344.1      9298.0
  16   0.72314   5.73028  -2.35746   n     0.689    3.219        15.6       344.1      9298.0
  17  -4.68613  -3.38028  -2.35873   n     0.689    3.219        15.6       344.1      9298.0
  18   3.38028  -4.68613  -2.35873   n     0.689    3.219        15.6       344.1      9298.0
  19   4.68613   3.38028  -2.35873   n     0.689    3.219        15.6       344.1      9298.0
  20  -3.38028   4.68613   2.35873   n     0.689    3.219        15.6       344.1      9298.0
  21  -4.68613  -3.38028   2.35873   n     0.689    3.219        15.6       344.1      9298.0
  22   3.38028  -4.68613   2.35873   n     0.689    3.219        15.6       344.1      9298.0
  23   4.68613   3.38028   2.35873   n     0.689    3.219        15.6       344.1      9298.0
  24  -3.38028   4.68613  -2.35873   n     0.689    3.219        15.6       344.1      9298.0
  25  -4.64757  -1.18515  -3.80859   c     0.789    3.261        24.6       712.1     25228.5
  26   1.18515  -4.64757  -3.80859   c     0.789    3.261        24.6       712.1     25228.5
  27   4.64757   1.18515  -3.80859   c     0.789    3.261        24.6       712.1     25228.5
  28  -1.18515   4.64757   3.80859   c     0.789    3.261        24.6       712.1     25228.5
  29  -4.64757  -1.18515   3.80859   c     0.789    3.261        24.6       712.1     25228.5
  30   1.18515  -4.64757   3.80859   c     0.789    3.261        24.6       712.1     25228.5
  31   4.64757   1.18515   3.80859   c     0.789    3.261        24.6       712.1     25228.5
  32  -1.18515   4.64757  -3.80859   c     0.789    3.261        24.6       712.1     25228.5
  33  -4.00353  -1.02003  -5.99799   o     0.659    1.060        12.8       257.5      6366.9
  34   1.02003  -4.00353  -5.99799   o     0.659    1.060        12.8       257.5      6366.9
  35   4.00353   1.02003  -5.99799   o     0.659    1.060        12.8       257.5      6366.9
  36  -1.02003   4.00353   5.99799   o     0.659    1.060        12.8       257.5      6366.9
  37  -4.00353  -1.02003   5.99799   o     0.659    1.060        12.8       257.5      6366.9
  38   1.02003  -4.00353   5.99799   o     0.659    1.060        12.8       257.5      6366.9
  39   4.00353   1.02003   5.99799   o     0.659    1.060        12.8       257.5      6366.9
  40  -1.02003   4.00353  -5.99799   o     0.659    1.060        12.8       257.5      6366.9
  41  -5.60265   3.32536  -3.15669   c     0.789    4.142        18.2       527.7     18696.2
  42  -3.32536  -5.60265  -3.15669   c     0.789    4.142        18.2       527.7     18696.2
  43   5.60265  -3.32536  -3.15669   c     0.789    4.142        18.2       527.7     18696.2
  44   3.32536   5.60265   3.15669   c     0.789    4.142        18.2       527.7     18696.2
  45  -5.60265   3.32536   3.15669   c     0.789    4.142        18.2       527.7     18696.2
  46  -3.32536  -5.60265   3.15669   c     0.789    4.142        18.2       527.7     18696.2
  47   5.60265  -3.32536   3.15669   c     0.789    4.142        18.2       527.7     18696.2
  48   3.32536   5.60265  -3.15669   c     0.789    4.142        18.2       527.7     18696.2
  49  -7.29128   4.32734  -2.48160   h     0.510    1.002         3.1        37.3       553.0
  50  -4.32734  -7.29128  -2.48160   h     0.510    1.002         3.1        37.3       553.0
  51   7.29128  -4.32734  -2.48160   h     0.510    1.002         3.1        37.3       553.0
  52   4.32734   7.29128   2.48160   h     0.510    1.002         3.1        37.3       553.0
  53  -7.29128   4.32734   2.48160   h     0.510    1.002         3.1        37.3       553.0
  54  -4.32734  -7.29128   2.48160   h     0.510    1.002         3.1        37.3       553.0
  55   7.29128  -4.32734   2.48160   h     0.510    1.002         3.1        37.3       553.0
  56   4.32734   7.29128  -2.48160   h     0.510    1.002         3.1        37.3       553.0
  57  -5.57167   3.30513  -5.22404   h     0.510    1.006         3.1        37.3       552.7
  58  -3.30513  -5.57167  -5.22404   h     0.510    1.006         3.1        37.3       552.7
  59   5.57167  -3.30513  -5.22404   h     0.510    1.006         3.1        37.3       552.7
  60   3.30513   5.57167   5.22404   h     0.510    1.006         3.1        37.3       552.7
  61  -5.57167   3.30513   5.22404   h     0.510    1.006         3.1        37.3       552.7
  62  -3.30513  -5.57167   5.22404   h     0.510    1.006         3.1        37.3       552.7
  63   5.57167  -3.30513   5.22404   h     0.510    1.006         3.1        37.3       552.7
  64   3.30513   5.57167  -5.22404   h     0.510    1.006         3.1        37.3       552.7
  65  -8.81330   0.09826   0.00000   h     0.510    1.004         3.1        37.3       552.9
  66  -0.09826  -8.81330   0.00000   h     0.510    1.004         3.1        37.3       552.9
  67   8.81330  -0.09826   0.00000   h     0.510    1.004         3.1        37.3       552.9
  68   0.09826   8.81330   0.00000   h     0.510    1.004         3.1        37.3       552.9
  69  -7.69154  -4.30568   0.00000   h     0.510    1.004         3.1        37.3       552.9
  70   4.30568  -7.69154   0.00000   h     0.510    1.004         3.1        37.3       552.9
  71   7.69154   4.30568   0.00000   h     0.510    1.004         3.1        37.3       552.9
  72  -4.30568   7.69154   0.00000   h     0.510    1.004         3.1        37.3       552.9

molecular C6(AA) [au] =     58189.28

           DFT-D V3(BJ)
 DF b97-d                                             
 parameters
 s6       :    1.0000
 s8       :    2.2609
 a1       :    0.5545
 a2       :    3.2297
 k1-k3    :   16.0000    1.3333   -4.0000
 Cutoff   :   94.8683 a.u.
 CN-Cutoff:   40.0000 a.u.
 
 Edisp /kcal,au:  -211.6110 -0.33722353

 E6    /kcal :   -89.5057
 E8    /kcal :  -122.1053
 % E8        : 57.70
 normal termination of dftd3
  ___________________________________________ 
                                              
 |              **  g C P  **                |
 |  a geometrical counterpoise correction    |
 |     H.Kruse J.G.Brandenburg S.Grimme      |
 |          Version 1.06 Sep 2014            |
 |                                           |
  ___________________________________________ 

 Please cite work done with this code as:
 H. Kruse, S. Grimme J. Chem. Phys. 136, 154101 (2012)
 DOI: 10.1063/1.3700154 
 For the periodic version, please also cite:
 J. G. Brandenburg, M. Alessio, B. Civalleri, M. F. Peintinger
 T. Bredow, S.Grimme J. Phys. Chem. A 117, 9282-9292 (2013).
 DOI: 10.1021/jp406658y 


 reading...      XYZ file [angst]: /scratch///HnYBqZv.[F-]@Q4_opt_DFT-D4_def2TZVP_C4h_1.tmol
 
  level    dft/def2tzvp  
  Nbf              1632
  Atoms              72
 
  Parameters: 
  sigma         0.2905
  eta           2.2495
  alpha         0.8120
  beta          1.4412
 
  
 element parameters dft/def2tzvp
  elem   emiss   nbas    elem   emiss   nbas    elem   emiss   nbas
    h    0.00758    6      he   0.00331    6      li   0.08676   14
    be   0.00996   19      b    0.01396   31      c    0.00600   31
    n    0.00473   31      o    0.00569   31      f    0.00637   31
    ne   0.00751   31      na   0.07772   32      mg   0.05000   32
    al   0.06832   37      si   0.04183   37      p    0.02580   37
    s    0.02551   37      cl   0.02334   37      ar   0.02273   37
    k    0.09724   33      ca   0.09917   36      sc   0.21919   45
    ti   0.18910   45      v    0.16438   45      cr   0.14724   45
    mn   0.13730   45      fe   0.12751   45      co   0.11859   45
    ni   0.03187   45      cu   0.12099   45      zn   0.05683   48
    ga   0.09100   48      ge   0.07182   48      as   0.06356   48
    se   0.06424   48      br   0.06185   48      kr   0.06102   48
  
   
 cutoffs: 
   distance [bohr] 60.0
   noise    [a.u.] 2.2E-16
   SR-damping      F
   
      #     ON  sites    Nvirt           Emiss    BSSE [kcal/mol]
      1      6     71     28.0          0.0060          0.5743
      2      6     71     28.0          0.0060          0.5743
      3      6     71     28.0          0.0060          0.5743
      4      6     71     28.0          0.0060          0.5743
      5      6     71     28.0          0.0060          0.5744
      6      6     71     28.0          0.0060          0.5744
      7      6     71     28.0          0.0060          0.5744
      8      6     71     28.0          0.0060          0.5744
      9      7     71     27.5          0.0047          0.6538
     10      7     71     27.5          0.0047          0.6538
     11      7     71     27.5          0.0047          0.6538
     12      7     71     27.5          0.0047          0.6538
     13      7     71     27.5          0.0047          0.6538
     14      7     71     27.5          0.0047          0.6538
     15      7     71     27.5          0.0047          0.6538
     16      7     71     27.5          0.0047          0.6538
     17      7     71     27.5          0.0047          0.6536
     18      7     71     27.5          0.0047          0.6536
     19      7     71     27.5          0.0047          0.6536
     20      7     71     27.5          0.0047          0.6536
     21      7     71     27.5          0.0047          0.6536
     22      7     71     27.5          0.0047          0.6536
     23      7     71     27.5          0.0047          0.6536
     24      7     71     27.5          0.0047          0.6536
     25      6     71     28.0          0.0060          0.4094
     26      6     71     28.0          0.0060          0.4094
     27      6     71     28.0          0.0060          0.4094
     28      6     71     28.0          0.0060          0.4094
     29      6     71     28.0          0.0060          0.4094
     30      6     71     28.0          0.0060          0.4094
     31      6     71     28.0          0.0060          0.4094
     32      6     71     28.0          0.0060          0.4094
     33      8     71     27.0          0.0057          0.5866
     34      8     71     27.0          0.0057          0.5866
     35      8     71     27.0          0.0057          0.5866
     36      8     71     27.0          0.0057          0.5866
     37      8     71     27.0          0.0057          0.5866
     38      8     71     27.0          0.0057          0.5866
     39      8     71     27.0          0.0057          0.5866
     40      8     71     27.0          0.0057          0.5866
     41      6     71     28.0          0.0060          0.6375
     42      6     71     28.0          0.0060          0.6375
     43      6     71     28.0          0.0060          0.6375
     44      6     71     28.0          0.0060          0.6375
     45      6     71     28.0          0.0060          0.6375
     46      6     71     28.0          0.0060          0.6375
     47      6     71     28.0          0.0060          0.6375
     48      6     71     28.0          0.0060          0.6375
     49      1     71      5.5          0.0076          0.3229
     50      1     71      5.5          0.0076          0.3229
     51      1     71      5.5          0.0076          0.3229
     52      1     71      5.5          0.0076          0.3229
     53      1     71      5.5          0.0076          0.3229
     54      1     71      5.5          0.0076          0.3229
     55      1     71      5.5          0.0076          0.3229
     56      1     71      5.5          0.0076          0.3229
     57      1     71      5.5          0.0076          0.3279
     58      1     71      5.5          0.0076          0.3279
     59      1     71      5.5          0.0076          0.3279
     60      1     71      5.5          0.0076          0.3279
     61      1     71      5.5          0.0076          0.3279
     62      1     71      5.5          0.0076          0.3279
     63      1     71      5.5          0.0076          0.3279
     64      1     71      5.5          0.0076          0.3279
     65      1     71      5.5          0.0076          0.2685
     66      1     71      5.5          0.0076          0.2685
     67      1     71      5.5          0.0076          0.2685
     68      1     71      5.5          0.0076          0.2685
     69      1     71      5.5          0.0076          0.2684
     70      1     71      5.5          0.0076          0.2684
     71      1     71      5.5          0.0076          0.2684
     72      1     71      5.5          0.0076          0.2684
                 
 ** gCP correction ** 
  Egcp:        0.0565363262 / (a.u.) ||      35.4771 / (kcal/mol)
                 
cpu-time for gCP    0.0 s
 
     normal termination of gCP
