**! THIS FILE CONTAINS THE OUTPUT FROM 'gcp' AND 'dftd3' !** 
 **! AND THE UPLOADED COORDINATES  !**
 ---upload---
 77 
 xyz generated by gcpd3 webservice: 
C      -3.21292013   -1.63372918    0.00107557 
C       1.63372918   -3.21292013   -0.00107557 
C       3.21292013    1.63372918    0.00107557 
C      -1.63372918    3.21292013   -0.00107557 
C      -3.59154863   -0.10087375    0.00179152 
C       0.10087375   -3.59154864   -0.00179152 
C       3.59154864    0.10087376    0.00179152 
C      -0.10087376    3.59154863   -0.00179152 
N      -3.05974525    0.39317996   -1.25104935 
N      -0.37073048   -3.04993518   -1.25131036 
N       3.05974524   -0.39317995   -1.25104934 
N       0.39317995    3.05974525    1.25104935 
N      -3.04993519    0.37073048    1.25131037 
N      -0.39317995   -3.05974524    1.25104935 
N       3.04993519   -0.37073048    1.25131037 
N       0.37073048    3.04993519   -1.25131037 
N      -2.46104320   -1.77847124   -1.22533026 
N       1.83664127   -2.57869538   -1.29002046 
N       2.46104321    1.77847124   -1.22533027 
N      -1.77847124    2.46104320    1.22533027 
N      -2.57869538   -1.83664127    1.29002046 
N       1.77847124   -2.46104321    1.22533026 
N       2.57869538    1.83664127    1.29002046 
N      -1.83664127    2.57869538   -1.29002046 
C      -2.47535748   -0.62242408   -2.00995603 
C       0.64707803   -2.50085489   -2.03078238 
C       2.47535748    0.62242409   -2.00995604 
C      -0.62242409    2.47535749    2.00995602 
C      -2.50085490   -0.64707803    2.03078237 
C       0.62242409   -2.47535748    2.00995603 
C       2.50085490    0.64707803    2.03078237 
C      -0.64707803    2.50085490   -2.03078237 
O      -2.13438704   -0.54492988   -3.16930440 
O       0.54474793   -2.13371332   -3.17724969 
O       2.13438704    0.54492987   -3.16930439 
O      -0.54492987    2.13438703    3.16930441 
O      -2.13371332   -0.54474793    3.17724970 
O       0.54492987   -2.13438704    3.16930440 
O       2.13371332    0.54474793    3.17724970 
O      -0.54474793    2.13371332   -3.17724970 
C      -2.99204406    1.78273943   -1.67970775 
C      -1.75402918   -2.96225658   -1.66327063 
C       2.99204407   -1.78273943   -1.67970776 
C       1.78273943    2.99204406    1.67970775 
C      -2.96225658    1.75402918    1.66327063 
C      -1.78273944   -2.99204407    1.67970776 
C       2.96225658   -1.75402918    1.66327064 
C       1.75402918    2.96225658   -1.66327064 
H      -3.88959641    2.29463520   -1.31972281 
H      -2.28768224   -3.85090630   -1.30734435 
H       3.88959642   -2.29463520   -1.31972281 
H       2.29463520    3.88959641    1.31972281 
H      -3.85090630    2.28768224    1.30734435 
H      -2.29463520   -3.88959642    1.31972281 
H       3.85090631   -2.28768224    1.30734435 
H       2.28768224    3.85090630   -1.30734435 
H      -2.96646204    1.75199134   -2.77398871 
H      -1.74826212   -2.94136784   -2.75819093 
H       2.96646205   -1.75199134   -2.77398872 
H       1.75199134    2.96646205    2.77398871 
H      -2.94136784    1.74826212    2.75819093 
H      -1.75199134   -2.96646204    2.77398871 
H       2.94136784   -1.74826212    2.75819093 
H       1.74826212    2.94136784   -2.75819093 
H      -4.68436419    0.04860953    0.00617982 
H      -0.04860953   -4.68436419   -0.00617982 
H       4.68436419   -0.04860953    0.00617982 
H       0.04860954    4.68436419   -0.00617981 
H      -4.10605152   -2.28137878   -0.04264651 
H       2.28137878   -4.10605152    0.04264651 
H       4.10605152    2.28137878   -0.04264651 
H      -2.28137878    4.10605152    0.04264651 
B       0.00000000    0.00000000    0.00000000 
H      -0.70801396    0.65393912   -0.70332618 
H       0.70801395   -0.65393913   -0.70332618 
H       0.65393913    0.70801395    0.70332618 
H      -0.65393913   -0.70801395    0.70332618 
 ------
  _________________________________
                                   
 |         DFTD3 V3.1 Rev 1        |
 | S.Grimme, University Bonn       |
 |         October  2015           |
 |   see dftd3 -h for options      |
  _________________________________
 
 Please cite DFT-D3 work done with this code as:
 S. Grimme, J. Antony, S. Ehrlich and H. Krieg,
 J. Chem. Phys. 132 (2010), 154104
 If used with BJ-damping cite also
 S. Grimme, S. Ehrlich and L. Goerigk,
 J. Comput. Chem. 32 (2011), 1456-1465
 For DFT-D2 the reference is
 S. Grimme, J. Comput. Chem., 27 (2006), 1787-1799
 
  files read :     
 /scratch///ZsAZyVq.BH4-@Q4_opt_DFT-D4_def2TZVP_C1_2.tmol
C6 coefficients used:
           2  C6 for element            1
Z=  1 CN= 0.912     C6(AA)=    3.03
Z=  1 CN= 0.000     C6(AA)=    7.59
           5  C6 for element            5
Z=  5 CN= 0.000     C6(AA)=  107.18
Z=  5 CN= 0.971     C6(AA)=   75.37
Z=  5 CN= 1.944     C6(AA)=   53.11
Z=  5 CN= 2.913     C6(AA)=   31.44
Z=  5 CN= 4.586     C6(AA)=   28.03
           5  C6 for element            6
Z=  6 CN= 0.000     C6(AA)=   49.11
Z=  6 CN= 0.987     C6(AA)=   43.25
Z=  6 CN= 1.998     C6(AA)=   29.36
Z=  6 CN= 2.999     C6(AA)=   25.78
Z=  6 CN= 3.984     C6(AA)=   18.21
           4  C6 for element            7
Z=  7 CN= 0.000     C6(AA)=   25.27
Z=  7 CN= 0.994     C6(AA)=   22.12
Z=  7 CN= 2.014     C6(AA)=   19.68
Z=  7 CN= 2.990     C6(AA)=   15.58
           3  C6 for element            8
Z=  8 CN= 0.000     C6(AA)=   15.51
Z=  8 CN= 0.993     C6(AA)=   12.82
Z=  8 CN= 1.989     C6(AA)=   10.37

#               XYZ [au]               R0(AA) [Ang.]  CN       C6(AA)     C8(AA)   C10(AA) [au] 
   1  -6.07154  -3.08730   0.00203   c     0.789    4.291        18.2       526.9     18668.4
   2   3.08730  -6.07154  -0.00203   c     0.789    4.291        18.2       526.9     18668.4
   3   6.07154   3.08730   0.00203   c     0.789    4.291        18.2       526.9     18668.4
   4  -3.08730   6.07154  -0.00203   c     0.789    4.291        18.2       526.9     18668.4
   5  -6.78704  -0.19062   0.00339   c     0.789    4.296        18.2       526.9     18667.8
   6   0.19062  -6.78704  -0.00339   c     0.789    4.296        18.2       526.9     18667.8
   7   6.78704   0.19062   0.00339   c     0.789    4.296        18.2       526.9     18667.8
   8  -0.19062   6.78704  -0.00339   c     0.789    4.296        18.2       526.9     18667.8
   9  -5.78208   0.74300  -2.36414   n     0.689    3.200        15.6       344.1      9299.3
  10  -0.70058  -5.76354  -2.36463   n     0.689    3.212        15.6       344.1      9298.5
  11   5.78208  -0.74300  -2.36414   n     0.689    3.200        15.6       344.1      9299.3
  12   0.74300   5.78208   2.36414   n     0.689    3.200        15.6       344.1      9299.3
  13  -5.76354   0.70058   2.36463   n     0.689    3.212        15.6       344.1      9298.5
  14  -0.74300  -5.78208   2.36414   n     0.689    3.200        15.6       344.1      9299.3
  15   5.76354  -0.70058   2.36463   n     0.689    3.212        15.6       344.1      9298.5
  16   0.70058   5.76354  -2.36463   n     0.689    3.212        15.6       344.1      9298.5
  17  -4.65070  -3.36082  -2.31554   n     0.689    3.212        15.6       344.1      9298.4
  18   3.47075  -4.87303  -2.43779   n     0.689    3.196        15.6       344.1      9299.6
  19   4.65070   3.36082  -2.31554   n     0.689    3.212        15.6       344.1      9298.4
  20  -3.36082   4.65070   2.31554   n     0.689    3.212        15.6       344.1      9298.4
  21  -4.87303  -3.47075   2.43779   n     0.689    3.196        15.6       344.1      9299.6
  22   3.36082  -4.65070   2.31554   n     0.689    3.212        15.6       344.1      9298.4
  23   4.87303   3.47075   2.43779   n     0.689    3.196        15.6       344.1      9299.6
  24  -3.47075   4.87303  -2.43779   n     0.689    3.196        15.6       344.1      9299.6
  25  -4.67775  -1.17621  -3.79827   c     0.789    3.255        24.7       713.4     25273.5
  26   1.22280  -4.72593  -3.83762   c     0.789    3.255        24.7       713.4     25274.5
  27   4.67775   1.17621  -3.79827   c     0.789    3.255        24.7       713.4     25273.5
  28  -1.17621   4.67775   3.79827   c     0.789    3.255        24.7       713.4     25273.5
  29  -4.72593  -1.22280   3.83762   c     0.789    3.255        24.7       713.4     25274.5
  30   1.17621  -4.67775   3.79827   c     0.789    3.255        24.7       713.4     25273.5
  31   4.72593   1.22280   3.83762   c     0.789    3.255        24.7       713.4     25274.5
  32  -1.22280   4.72593  -3.83762   c     0.789    3.255        24.7       713.4     25274.5
  33  -4.03341  -1.02977  -5.98912   o     0.659    1.059        12.8       257.6      6367.2
  34   1.02942  -4.03213  -6.00413   o     0.659    1.060        12.8       257.6      6367.0
  35   4.03341   1.02977  -5.98912   o     0.659    1.059        12.8       257.6      6367.2
  36  -1.02977   4.03341   5.98912   o     0.659    1.059        12.8       257.6      6367.2
  37  -4.03213  -1.02942   6.00413   o     0.659    1.060        12.8       257.6      6367.0
  38   1.02977  -4.03341   5.98912   o     0.659    1.059        12.8       257.6      6367.2
  39   4.03213   1.02942   6.00413   o     0.659    1.060        12.8       257.6      6367.0
  40  -1.02942   4.03213  -6.00413   o     0.659    1.060        12.8       257.6      6367.0
  41  -5.65414   3.36889  -3.17419   c     0.789    4.128        18.3       527.8     18700.6
  42  -3.31463  -5.59785  -3.14313   c     0.789    4.137        18.2       527.8     18697.7
  43   5.65414  -3.36889  -3.17419   c     0.789    4.128        18.3       527.8     18700.6
  44   3.36889   5.65414   3.17419   c     0.789    4.128        18.3       527.8     18700.6
  45  -5.59785   3.31463   3.14313   c     0.789    4.137        18.2       527.8     18697.7
  46  -3.36889  -5.65414   3.17419   c     0.789    4.128        18.3       527.8     18700.6
  47   5.59785  -3.31463   3.14313   c     0.789    4.137        18.2       527.8     18697.7
  48   3.31463   5.59785  -3.14313   c     0.789    4.137        18.2       527.8     18697.7
  49  -7.35027   4.33623  -2.49391   h     0.510    1.003         3.1        37.3       553.0
  50  -4.32309  -7.27716  -2.47052   h     0.510    1.003         3.1        37.3       553.0
  51   7.35027  -4.33623  -2.49391   h     0.510    1.003         3.1        37.3       553.0
  52   4.33623   7.35027   2.49391   h     0.510    1.003         3.1        37.3       553.0
  53  -7.27716   4.32309   2.47052   h     0.510    1.003         3.1        37.3       553.0
  54  -4.33623  -7.35027   2.49391   h     0.510    1.003         3.1        37.3       553.0
  55   7.27716  -4.32309   2.47052   h     0.510    1.003         3.1        37.3       553.0
  56   4.32309   7.27716  -2.47052   h     0.510    1.003         3.1        37.3       553.0
  57  -5.60580   3.31078  -5.24208   h     0.510    1.006         3.1        37.3       552.7
  58  -3.30374  -5.55838  -5.21222   h     0.510    1.006         3.1        37.3       552.8
  59   5.60580  -3.31078  -5.24208   h     0.510    1.006         3.1        37.3       552.7
  60   3.31078   5.60580   5.24208   h     0.510    1.006         3.1        37.3       552.7
  61  -5.55838   3.30374   5.21222   h     0.510    1.006         3.1        37.3       552.8
  62  -3.31078  -5.60580   5.24208   h     0.510    1.006         3.1        37.3       552.7
  63   5.55838  -3.30374   5.21222   h     0.510    1.006         3.1        37.3       552.8
  64   3.30374   5.55838  -5.21222   h     0.510    1.006         3.1        37.3       552.8
  65  -8.85216   0.09186   0.01168   h     0.510    1.004         3.1        37.3       552.9
  66  -0.09186  -8.85216  -0.01168   h     0.510    1.004         3.1        37.3       552.9
  67   8.85216  -0.09186   0.01168   h     0.510    1.004         3.1        37.3       552.9
  68   0.09186   8.85216  -0.01168   h     0.510    1.004         3.1        37.3       552.9
  69  -7.75931  -4.31118  -0.08059   h     0.510    1.004         3.1        37.3       552.9
  70   4.31118  -7.75931   0.08059   h     0.510    1.004         3.1        37.3       552.9
  71   7.75931   4.31118  -0.08059   h     0.510    1.004         3.1        37.3       552.9
  72  -4.31118   7.75931   0.08059   h     0.510    1.004         3.1        37.3       552.9
  73   0.00000   0.00000   0.00000   b     0.926    3.937        28.3      1126.8     54999.9
  74  -1.33795   1.23577  -1.32909   h     0.510    0.980         3.1        37.5       555.0
  75   1.33795  -1.23577  -1.32909   h     0.510    0.980         3.1        37.5       555.0
  76   1.23577   1.33795   1.32909   h     0.510    0.980         3.1        37.5       555.0
  77  -1.23577  -1.33795   1.32909   h     0.510    0.980         3.1        37.5       555.0

molecular C6(AA) [au] =     64284.50

           DFT-D V3(BJ)
 DF b97-d                                             
 parameters
 s6       :    1.0000
 s8       :    2.2609
 a1       :    0.5545
 a2       :    3.2297
 k1-k3    :   16.0000    1.3333   -4.0000
 Cutoff   :   94.8683 a.u.
 CN-Cutoff:   40.0000 a.u.
 
 Edisp /kcal,au:  -243.0223 -0.38728072

 E6    /kcal :  -103.3223
 E8    /kcal :  -139.7000
 % E8        : 57.48
 normal termination of dftd3
  ___________________________________________ 
                                              
 |              **  g C P  **                |
 |  a geometrical counterpoise correction    |
 |     H.Kruse J.G.Brandenburg S.Grimme      |
 |          Version 1.06 Sep 2014            |
 |                                           |
  ___________________________________________ 

 Please cite work done with this code as:
 H. Kruse, S. Grimme J. Chem. Phys. 136, 154101 (2012)
 DOI: 10.1063/1.3700154 
 For the periodic version, please also cite:
 J. G. Brandenburg, M. Alessio, B. Civalleri, M. F. Peintinger
 T. Bredow, S.Grimme J. Phys. Chem. A 117, 9282-9292 (2013).
 DOI: 10.1021/jp406658y 


 reading...      XYZ file [angst]: /scratch///ZsAZyVq.BH4-@Q4_opt_DFT-D4_def2TZVP_C1_2.tmol
 
  level    dft/def2tzvp  
  Nbf              1687
  Atoms              77
 
  Parameters: 
  sigma         0.2905
  eta           2.2495
  alpha         0.8120
  beta          1.4412
 
  
 element parameters dft/def2tzvp
  elem   emiss   nbas    elem   emiss   nbas    elem   emiss   nbas
    h    0.00758    6      he   0.00331    6      li   0.08676   14
    be   0.00996   19      b    0.01396   31      c    0.00600   31
    n    0.00473   31      o    0.00569   31      f    0.00637   31
    ne   0.00751   31      na   0.07772   32      mg   0.05000   32
    al   0.06832   37      si   0.04183   37      p    0.02580   37
    s    0.02551   37      cl   0.02334   37      ar   0.02273   37
    k    0.09724   33      ca   0.09917   36      sc   0.21919   45
    ti   0.18910   45      v    0.16438   45      cr   0.14724   45
    mn   0.13730   45      fe   0.12751   45      co   0.11859   45
    ni   0.03187   45      cu   0.12099   45      zn   0.05683   48
    ga   0.09100   48      ge   0.07182   48      as   0.06356   48
    se   0.06424   48      br   0.06185   48      kr   0.06102   48
  
   
 cutoffs: 
   distance [bohr] 60.0
   noise    [a.u.] 2.2E-16
   SR-damping      F
   
      #     ON  sites    Nvirt           Emiss    BSSE [kcal/mol]
      1      6     76     28.0          0.0060          0.5835
      2      6     76     28.0          0.0060          0.5835
      3      6     76     28.0          0.0060          0.5835
      4      6     76     28.0          0.0060          0.5835
      5      6     76     28.0          0.0060          0.5836
      6      6     76     28.0          0.0060          0.5836
      7      6     76     28.0          0.0060          0.5836
      8      6     76     28.0          0.0060          0.5836
      9      7     76     27.5          0.0047          0.6793
     10      7     76     27.5          0.0047          0.6748
     11      7     76     27.5          0.0047          0.6793
     12      7     76     27.5          0.0047          0.6793
     13      7     76     27.5          0.0047          0.6748
     14      7     76     27.5          0.0047          0.6793
     15      7     76     27.5          0.0047          0.6748
     16      7     76     27.5          0.0047          0.6748
     17      7     76     27.5          0.0047          0.6737
     18      7     76     27.5          0.0047          0.6762
     19      7     76     27.5          0.0047          0.6737
     20      7     76     27.5          0.0047          0.6737
     21      7     76     27.5          0.0047          0.6762
     22      7     76     27.5          0.0047          0.6737
     23      7     76     27.5          0.0047          0.6762
     24      7     76     27.5          0.0047          0.6762
     25      6     76     28.0          0.0060          0.4315
     26      6     76     28.0          0.0060          0.4408
     27      6     76     28.0          0.0060          0.4315
     28      6     76     28.0          0.0060          0.4315
     29      6     76     28.0          0.0060          0.4408
     30      6     76     28.0          0.0060          0.4315
     31      6     76     28.0          0.0060          0.4408
     32      6     76     28.0          0.0060          0.4408
     33      8     76     27.0          0.0057          0.5911
     34      8     76     27.0          0.0057          0.5970
     35      8     76     27.0          0.0057          0.5911
     36      8     76     27.0          0.0057          0.5911
     37      8     76     27.0          0.0057          0.5970
     38      8     76     27.0          0.0057          0.5911
     39      8     76     27.0          0.0057          0.5970
     40      8     76     27.0          0.0057          0.5970
     41      6     76     28.0          0.0060          0.6458
     42      6     76     28.0          0.0060          0.6412
     43      6     76     28.0          0.0060          0.6458
     44      6     76     28.0          0.0060          0.6458
     45      6     76     28.0          0.0060          0.6412
     46      6     76     28.0          0.0060          0.6458
     47      6     76     28.0          0.0060          0.6412
     48      6     76     28.0          0.0060          0.6412
     49      1     76      5.5          0.0076          0.3207
     50      1     76      5.5          0.0076          0.3241
     51      1     76      5.5          0.0076          0.3207
     52      1     76      5.5          0.0076          0.3207
     53      1     76      5.5          0.0076          0.3241
     54      1     76      5.5          0.0076          0.3207
     55      1     76      5.5          0.0076          0.3241
     56      1     76      5.5          0.0076          0.3241
     57      1     76      5.5          0.0076          0.3287
     58      1     76      5.5          0.0076          0.3285
     59      1     76      5.5          0.0076          0.3287
     60      1     76      5.5          0.0076          0.3287
     61      1     76      5.5          0.0076          0.3285
     62      1     76      5.5          0.0076          0.3287
     63      1     76      5.5          0.0076          0.3285
     64      1     76      5.5          0.0076          0.3285
     65      1     76      5.5          0.0076          0.2686
     66      1     76      5.5          0.0076          0.2686
     67      1     76      5.5          0.0076          0.2686
     68      1     76      5.5          0.0076          0.2686
     69      1     76      5.5          0.0076          0.2665
     70      1     76      5.5          0.0076          0.2665
     71      1     76      5.5          0.0076          0.2665
     72      1     76      5.5          0.0076          0.2665
     73      5     76     28.5          0.0140          1.2378
     74      1     76      5.5          0.0076          0.4226
     75      1     76      5.5          0.0076          0.4226
     76      1     76      5.5          0.0076          0.4226
     77      1     76      5.5          0.0076          0.4226
                 
 ** gCP correction ** 
  Egcp:        0.0623914794 / (a.u.) ||      39.1513 / (kcal/mol)
                 
cpu-time for gCP    0.0 s
 
     normal termination of gCP
