**! THIS FILE CONTAINS THE OUTPUT FROM 'gcp' AND 'dftd3' !** 
 **! AND THE UPLOADED COORDINATES  !**
 ---upload---
 5 
 xyz generated by gcpd3 webservice: 
B       0.00000000    0.00000000    0.00000000 
H      -0.70801396    0.65393912   -0.70332618 
H       0.70801395   -0.65393913   -0.70332618 
H       0.65393913    0.70801395    0.70332618 
H      -0.65393913   -0.70801395    0.70332618 
 ------
  _________________________________
                                   
 |         DFTD3 V3.1 Rev 1        |
 | S.Grimme, University Bonn       |
 |         October  2015           |
 |   see dftd3 -h for options      |
  _________________________________
 
 Please cite DFT-D3 work done with this code as:
 S. Grimme, J. Antony, S. Ehrlich and H. Krieg,
 J. Chem. Phys. 132 (2010), 154104
 If used with BJ-damping cite also
 S. Grimme, S. Ehrlich and L. Goerigk,
 J. Comput. Chem. 32 (2011), 1456-1465
 For DFT-D2 the reference is
 S. Grimme, J. Comput. Chem., 27 (2006), 1787-1799
 
  files read :     
 /scratch///CgYYeKu.BH4-@[Q4]_opt_DFT-D4_def2TZVP_C1_2.tmol
C6 coefficients used:
           2  C6 for element            1
Z=  1 CN= 0.912     C6(AA)=    3.03
Z=  1 CN= 0.000     C6(AA)=    7.59
           5  C6 for element            5
Z=  5 CN= 0.000     C6(AA)=  107.18
Z=  5 CN= 0.971     C6(AA)=   75.37
Z=  5 CN= 1.944     C6(AA)=   53.11
Z=  5 CN= 2.913     C6(AA)=   31.44
Z=  5 CN= 4.586     C6(AA)=   28.03

#               XYZ [au]               R0(AA) [Ang.]  CN       C6(AA)     C8(AA)   C10(AA) [au] 
   1   0.00000   0.00000   0.00000   b     0.926    3.882        28.5      1136.2     55458.4
   2  -1.33795   1.23577  -1.32909   h     0.510    0.971         3.1        37.5       555.9
   3   1.33795  -1.23577  -1.32909   h     0.510    0.971         3.1        37.5       555.9
   4   1.23577   1.33795   1.32909   h     0.510    0.971         3.1        37.5       555.9
   5  -1.23577  -1.33795   1.32909   h     0.510    0.971         3.1        37.5       555.9

molecular C6(AA) [au] =       153.47

           DFT-D V3(BJ)
 DF b97-d                                             
 parameters
 s6       :    1.0000
 s8       :    2.2609
 a1       :    0.5545
 a2       :    3.2297
 k1-k3    :   16.0000    1.3333   -4.0000
 Cutoff   :   94.8683 a.u.
 CN-Cutoff:   40.0000 a.u.
 
 Edisp /kcal,au:    -2.6281 -0.00418820

 E6    /kcal :    -1.1496
 E8    /kcal :    -1.4786
 % E8        : 56.26
 normal termination of dftd3
  ___________________________________________ 
                                              
 |              **  g C P  **                |
 |  a geometrical counterpoise correction    |
 |     H.Kruse J.G.Brandenburg S.Grimme      |
 |          Version 1.06 Sep 2014            |
 |                                           |
  ___________________________________________ 

 Please cite work done with this code as:
 H. Kruse, S. Grimme J. Chem. Phys. 136, 154101 (2012)
 DOI: 10.1063/1.3700154 
 For the periodic version, please also cite:
 J. G. Brandenburg, M. Alessio, B. Civalleri, M. F. Peintinger
 T. Bredow, S.Grimme J. Phys. Chem. A 117, 9282-9292 (2013).
 DOI: 10.1021/jp406658y 


 reading...      XYZ file [angst]: /scratch///CgYYeKu.BH4-@[Q4]_opt_DFT-D4_def2TZVP_C1_2.tmol
 
  level    dft/def2tzvp  
  Nbf                55
  Atoms               5
 
  Parameters: 
  sigma         0.2905
  eta           2.2495
  alpha         0.8120
  beta          1.4412
 
  
 element parameters dft/def2tzvp
  elem   emiss   nbas    elem   emiss   nbas    elem   emiss   nbas
    h    0.00758    6      he   0.00331    6      li   0.08676   14
    be   0.00996   19      b    0.01396   31      c    0.00600   31
    n    0.00473   31      o    0.00569   31      f    0.00637   31
    ne   0.00751   31      na   0.07772   32      mg   0.05000   32
    al   0.06832   37      si   0.04183   37      p    0.02580   37
    s    0.02551   37      cl   0.02334   37      ar   0.02273   37
    k    0.09724   33      ca   0.09917   36      sc   0.21919   45
    ti   0.18910   45      v    0.16438   45      cr   0.14724   45
    mn   0.13730   45      fe   0.12751   45      co   0.11859   45
    ni   0.03187   45      cu   0.12099   45      zn   0.05683   48
    ga   0.09100   48      ge   0.07182   48      as   0.06356   48
    se   0.06424   48      br   0.06185   48      kr   0.06102   48
  
   
 cutoffs: 
   distance [bohr] 60.0
   noise    [a.u.] 2.2E-16
   SR-damping      F
   
      #     ON  sites    Nvirt           Emiss    BSSE [kcal/mol]
      1      5      4     28.5          0.0140          1.1398
      2      1      4      5.5          0.0076          0.2571
      3      1      4      5.5          0.0076          0.2571
      4      1      4      5.5          0.0076          0.2571
      5      1      4      5.5          0.0076          0.2571
                 
 ** gCP correction ** 
  Egcp:        0.0034552032 / (a.u.) ||       2.1682 / (kcal/mol)
                 
cpu-time for gCP    0.0 s
 
     normal termination of gCP
