   73
 SCF done    -152.12495466      0.00000000
C         -3.180688437236   -1.623919202121    0.000000000000
C          1.623919202121   -3.180688437236    0.000000000000
C          3.180688437236    1.623919202121    0.000000000000
C         -1.623919202121    3.180688437236    0.000000000000
C         -3.569608246148   -0.097469952110    0.000000000000
C          0.097469952110   -3.569608246148    0.000000000000
C          3.569608246148    0.097469952110    0.000000000000
C         -0.097469952110    3.569608246148    0.000000000000
N         -3.032338510124    0.382669811983   -1.247519387058
N         -0.382669811983   -3.032338510124   -1.247519387058
N          3.032338510124   -0.382669811983   -1.247519387058
N          0.382669811983    3.032338510124   -1.247519387058
N         -2.479788781608   -1.788769121126   -1.248189386728
N          1.788769121126   -2.479788781608   -1.248189386728
N          2.479788781608    1.788769121126   -1.248189386728
N         -1.788769121126    2.479788781608   -1.248189386728
C         -2.459388791631   -0.627149691863   -2.015419009766
C          0.627149691863   -2.459388791631   -2.015419009766
C          2.459388791631    0.627149691863   -2.015419009766
C         -0.627149691863    2.459388791631   -2.015419009766
O         -2.118578959081   -0.539779734791   -3.173998440523
O          0.539779734791   -2.118578959081   -3.173998440523
O          2.118578959081    0.539779734791   -3.173998440523
O         -0.539779734791    2.118578959081   -3.173998440523
C         -2.964798543309    1.759709135404   -1.670449179260
C         -1.759709135404   -2.964798543309   -1.670449179260
C          2.964798543309   -1.759709135404   -1.670449179260
C          1.759709135404    2.964798543309   -1.670449179260
H         -3.858378104267    2.289928874892   -1.313209354782
H         -2.289928874892   -3.858378104267   -1.313209354782
H          3.858378104267   -2.289928874892   -1.313209354782
H          2.289928874892    3.858378104267   -1.313209354782
H         -2.948398551366    1.748999140666   -2.764448641746
H         -1.748999140666   -2.948398551366   -2.764448641746
H          2.948398551366   -1.748999140666   -2.764448641746
H          1.748999140666    2.948398551366   -2.764448641746
H         -4.663797708541    0.051999974451    0.000000000000
H         -0.051999974451   -4.663797708541    0.000000000000
H          4.663797708541   -0.051999974451    0.000000000000
H          0.051999974451    4.663797708541    0.000000000000
H         -4.070188000199   -2.278468880522    0.000000000000
H          2.278468880522   -4.070188000199    0.000000000000
H          4.070188000199    2.278468880522    0.000000000000
H         -2.278468880522    4.070188000199    0.000000000000
N         -3.032338510124    0.382669811983    1.247519387058
N         -0.382669811983   -3.032338510124    1.247519387058
N          3.032338510124   -0.382669811983    1.247519387058
N          0.382669811983    3.032338510124    1.247519387058
N         -2.479788781608   -1.788769121126    1.248189386728
N          1.788769121126   -2.479788781608    1.248189386728
N          2.479788781608    1.788769121126    1.248189386728
N         -1.788769121126    2.479788781608    1.248189386728
C         -2.459388791631   -0.627149691863    2.015419009766
C          0.627149691863   -2.459388791631    2.015419009766
C          2.459388791631    0.627149691863    2.015419009766
C         -0.627149691863    2.459388791631    2.015419009766
O         -2.118578959081   -0.539779734791    3.173998440523
O          0.539779734791   -2.118578959081    3.173998440523
O          2.118578959081    0.539779734791    3.173998440523
O         -0.539779734791    2.118578959081    3.173998440523
C         -2.964798543309    1.759709135404    1.670449179260
C         -1.759709135404   -2.964798543309    1.670449179260
C          2.964798543309   -1.759709135404    1.670449179260
C          1.759709135404    2.964798543309    1.670449179260
H         -3.858378104267    2.289928874892    1.313209354782
H         -2.289928874892   -3.858378104267    1.313209354782
H          3.858378104267   -2.289928874892    1.313209354782
H          2.289928874892    3.858378104267    1.313209354782
H         -2.948398551366    1.748999140666    2.764448641746
H         -1.748999140666   -2.948398551366    2.764448641746
H          2.948398551366   -1.748999140666    2.764448641746
H          1.748999140666    2.948398551366    2.764448641746
F          0.000000000000    0.000000000000    0.999999508671
   73
 SCF done    -152.13945372      0.09274233
C         -3.163461275164   -1.611602885343    0.003002039680
C          1.611602885178   -3.163461275252    0.003002039403
C          3.163461275701    1.611602885409    0.003002039554
C         -1.611602885727    3.163461275498    0.003002040837
C         -3.548497391655   -0.100147089640    0.002998339248
C          0.100147090605   -3.548497391632    0.002998337894
C          3.548497390791    0.100147090183    0.002998339017
C         -0.100147089707    3.548497391008    0.002998339115
N         -3.007085842929    0.382407195755   -1.239458418591
N         -0.382407196458   -3.007085843730   -1.239458416799
N          3.007085844916   -0.382407198598   -1.239458415534
N          0.382407194526    3.007085842849   -1.239458418476
N         -2.457635759312   -1.776402250741   -1.239971744024
N          1.776402252877   -2.457635759291   -1.239971742592
N          2.457635759327    1.776402251999   -1.239971742538
N         -1.776402250895    2.457635758435   -1.239971745589
C         -2.438668974526   -0.621947089093   -2.001690077954
C          0.621947087677   -2.438668972757   -2.001690084114
C          2.438668970633    0.621947090161   -2.001690088492
C         -0.621947088741    2.438668975555   -2.001690075279
O         -2.117577580918   -0.539751995316   -3.155129704130
O          0.539751995782   -2.117577581957   -3.155129700382
O          2.117577582901    0.539751995533   -3.155129697507
O         -0.539751995384    2.117577580392   -3.155129705776
C         -2.957552796056    1.755446200209   -1.663415739223
C         -1.755446199450   -2.957552796129   -1.663415740020
C          2.957552795064   -1.755446199107   -1.663415740155
C          1.755446200867    2.957552795596   -1.663415740000
H         -3.850782909320    2.285396311259   -1.304779998578
H         -2.285396311359   -3.850782909422   -1.304779998488
H          3.850782909655   -2.285396311466   -1.304779998395
H          2.285396311267    3.850782909372   -1.304779998522
H         -2.926049011465    1.736240132081   -2.759796613677
H         -1.736240132131   -2.926049011477   -2.759796613464
H          2.926049011541   -1.736240132148   -2.759796613442
H          1.736240132023    2.926049011518   -2.759796613490
H         -4.647049227760    0.047949452208    0.002390664642
H         -0.047949452267   -4.647049227786    0.002390664733
H          4.647049228045   -0.047949452286    0.002390664649
H          0.047949452242    4.647049227965    0.002390664702
H         -4.057346565176   -2.267118130340    0.002392277154
H          2.267118130355   -4.057346565179    0.002392277130
H          4.057346565003    2.267118130251    0.002392277147
H         -2.267118130239    4.057346565034    0.002392277087
N         -3.006830766172    0.383983471516    1.240470879027
N         -0.383983476438   -3.006830766684    1.240470879855
N          3.006830767760   -0.383983475325    1.240470877177
N          0.383983475637    3.006830768284    1.240470876484
N         -2.456670048501   -1.777654407050    1.241003601034
N          1.777654404804   -2.456670048736    1.241003601746
N          2.456670048388    1.777654407100    1.241003600643
N         -1.777654405634    2.456670049401    1.241003599385
C         -2.402748710996   -0.612793323874    1.994488796470
C          0.612793328791   -2.402748709852    1.994488796269
C          2.402748708277    0.612793326708    1.994488802298
C         -0.612793327942    2.402748707022    1.994488804959
O         -2.122975604803   -0.541105882858    3.160326993824
O          0.541105881959   -2.122975605013    3.160326993888
O          2.122975605960    0.541105882600    3.160326990272
O         -0.541105882420    2.122975606532    3.160326988555
C         -2.958383216271    1.755939575189    1.661250614270
C         -1.755939573110   -2.958383215863    1.661250613084
C          2.958383216004   -1.755939573612    1.661250614067
C          1.755939574188    2.958383215030    1.661250613907
H         -3.854619014255    2.287673196373    1.309646663391
H         -2.287673196570   -3.854619014462    1.309646663355
H          3.854619014511   -2.287673196515    1.309646663303
H          2.287673196521    3.854619014605    1.309646663286
H         -2.916869470220    1.730791436511    2.756408589851
H         -1.730791436620   -2.916869470227    2.756408590134
H          2.916869470207   -1.730791436643    2.756408589842
H          1.730791436607    2.916869470263    2.756408589957
F         -0.000000000001    0.000000000000    0.959450861578
   73
 SCF done    -152.14354164      0.03096434
C         -3.150773353341   -1.601982468043    0.004724653058
C          1.601982416496   -3.150773370586    0.004724677208
C          3.150773354052    1.601982464155    0.004724527014
C         -1.601982461381    3.150773339380    0.004724757494
C         -3.532768189162   -0.102557676489    0.004715997869
C          0.102557721682   -3.532768224673    0.004716070439
C          3.532768307892    0.102557675665    0.004716054311
C         -0.102557657153    3.532768183479    0.004716215014
N         -2.984479711023    0.381074531076   -1.233084386316
N         -0.381074493973   -2.984479743147   -1.233084384950
N          2.984479632708   -0.381074390350   -1.233084535149
N          0.381074577616    2.984479802560   -1.233084382940
N         -2.438236952513   -1.764310171494   -1.233397451530
N          1.764310218593   -2.438236985299   -1.233397413881
N          2.438236932722    1.764310173549   -1.233397389801
N         -1.764310341726    2.438236965920   -1.233397347640
C         -2.425337518264   -0.618622081650   -1.994921079506
C          0.618622017228   -2.425337502409   -1.994921097463
C          2.425337545453    0.618622007929   -1.994921080495
C         -0.618622082059    2.425337467495   -1.994921113634
O         -2.108006644852   -0.537579171127   -3.147157703297
O          0.537579177524   -2.108006630522   -3.147157758317
O          2.108006665058    0.537579164524   -3.147157651877
O         -0.537579138362    2.108006612782   -3.147157843400
C         -2.947873704471    1.749737291814   -1.658464176529
C         -1.749737323636   -2.947873597284   -1.658464124903
C          2.947873621714   -1.749737267392   -1.658464065007
C          1.749737467379    2.947873592184   -1.658464141889
H         -3.839913595352    2.278934509044   -1.299799710629
H         -2.278934533627   -3.839913675419   -1.299799695276
H          3.839913688504   -2.278934560869   -1.299799695439
H          2.278934487690    3.839913640585   -1.299799705653
H         -2.904115283164    1.723631852220   -2.756253558474
H         -1.723631852048   -2.904115291936   -2.756253607971
H          2.904115292444   -1.723631853966   -2.756253645608
H          1.723631833969    2.904115296394   -2.756253587266
H         -4.632088822463    0.055352046747   -0.000439539712
H         -0.055352045934   -4.632088801384   -0.000439557395
H          4.632088769377   -0.055352036382   -0.000439543286
H          0.055352044762    4.632088831524   -0.000439580425
H         -4.040533381886   -2.266599334084   -0.000426136325
H          2.266599337467   -4.040533381500   -0.000426147088
H          4.040533371223    2.266599325711   -0.000426119940
H         -2.266599336742    4.040533382594   -0.000426164232
N         -2.983528895775    0.383167003321    1.231878833295
N         -0.383167027127   -2.983528813871    1.231878888935
N          2.983528828269   -0.383166992965    1.231878897537
N          0.383166853358    2.983528782003    1.231878894469
N         -2.436433965050   -1.765664846819    1.232237130521
N          1.765664877192   -2.436433899365    1.232237178843
N          2.436433962396    1.765664921774    1.232237124750
N         -1.765664697248    2.436433944656    1.232237175278
C         -2.359913377184   -0.601935073534    1.978381459874
C          0.601935003197   -2.359913420465    1.978381474774
C          2.359913397981    0.601934958266    1.978381491748
C         -0.601935083546    2.359913431566    1.978381419251
O         -2.094675928461   -0.534133424413    3.144338966705
O          0.534133446523   -2.094675947033    3.144338879639
O          2.094675936459    0.534133440066    3.144338958875
O         -0.534133426623    2.094675978037    3.144338828237
C         -2.945820018181    1.748526073702    1.653439403995
C         -1.748525951749   -2.945820140617    1.653439408175
C          2.945820105124   -1.748526086795    1.653439360702
C          1.748525959452    2.945820106639    1.653439393063
H         -3.842626812902    2.280558377859    1.308164761190
H         -2.280558377866   -3.842626754208    1.308164774884
H          3.842626742784   -2.280558352710    1.308164783184
H          2.280558407619    3.842626785816    1.308164765808
H         -2.886593200184    1.713233865967    2.749743672581
H         -1.713233877311   -2.886593186429    2.749743654875
H          2.886593189400   -1.713233865913    2.749743677016
H          1.713233878091    2.886593190583    2.749743676464
F         -0.000000007059    0.000000003552    1.065274744842
   73
 SCF done    -152.14423915      0.01654922
C         -3.144012645591   -1.598716287459    0.006499868204
C          1.598716276327   -3.144012682495    0.006499891446
C          3.144012642667    1.598716337105    0.006499769482
C         -1.598716307518    3.144012670306    0.006499969560
C         -3.525344644718   -0.102181751652    0.006488287579
C          0.102181805420   -3.525344663615    0.006488347492
C          3.525344660864    0.102181788415    0.006488320091
C         -0.102181758201    3.525344673479    0.006488469070
N         -2.974869188243    0.380817592557   -1.231841971059
N         -0.380817552238   -2.974869261910   -1.231841988697
N          2.974869099477   -0.380817515662   -1.231842088014
N          0.380817595804    2.974869378418   -1.231842012365
N         -2.429745495206   -1.759387243565   -1.232022992655
N          1.759387301685   -2.429745589051   -1.232022983656
N          2.429745446696    1.759387246150   -1.232022926721
N         -1.759387350788    2.429745594745   -1.232022931847
C         -2.422197689206   -0.617842601939   -1.996154342567
C          0.617842563537   -2.422197736775   -1.996154350108
C          2.422197693510    0.617842524016   -1.996154342123
C         -0.617842600436    2.422197746802   -1.996154335073
O         -2.104755192669   -0.536882388571   -3.150524929459
O          0.536882434879   -2.104755213336   -3.150524940967
O          2.104755200299    0.536882438598   -3.150524951041
O         -0.536882361838    2.104755201620   -3.150524925275
C         -2.943748931038    1.747304418714   -1.660019197798
C         -1.747304433774   -2.943748885427   -1.660019159504
C          2.943748900670   -1.747304424835   -1.660019117555
C          1.747304544760    2.943748877283   -1.660019174946
H         -3.835245630191    2.276202380361   -1.302062932411
H         -2.276202429400   -3.835245627179   -1.302062874359
H          3.835245658883   -2.276202378671   -1.302062822707
H          2.276202448531    3.835245613630   -1.302062905224
H         -2.895434569574    1.718607456180   -2.757789332186
H         -1.718607475095   -2.895434671176   -2.757789349169
H          2.895434714586   -1.718607565779   -2.757789364287
H          1.718607474450    2.895434616485   -2.757789342756
H         -4.623435068858    0.063507045684    0.001670004060
H         -0.063507074561   -4.623435038711    0.001670061402
H          4.623434941173   -0.063507109252    0.001669963313
H          0.063507050475    4.623435098562    0.001670053889
H         -4.028913040979   -2.269663038942    0.001686605182
H          2.269663063688   -4.028913067323    0.001686671690
H          4.028913048805    2.269663079216    0.001686630173
H         -2.269663068320    4.028913076926    0.001686691821
N         -2.970482938399    0.382775389988    1.228958369011
N         -0.382775390774   -2.970482824279    1.228958382599
N          2.970482829658   -0.382775333535    1.228958378162
N          0.382775280122    2.970482815667    1.228958372300
N         -2.425008229377   -1.758967781690    1.229205764476
N          1.758967825855   -2.425008166355    1.229205788848
N          2.425008239694    1.758967900567    1.229205782569
N         -1.758967702081    2.425008176797    1.229205787339
C         -2.334126216053   -0.595370829252    1.972907075134
C          0.595370799253   -2.334126284523    1.972907128338
C          2.334126238496    0.595370776439    1.972907109499
C         -0.595370856503    2.334126287363    1.972907081301
O         -2.064802119617   -0.526635422934    3.138596911320
O          0.526635533338   -2.064802286442    3.138596966679
O          2.064802173757    0.526635521248    3.138596936222
O         -0.526635452882    2.064802257222    3.138596925005
C         -2.938305869714    1.744086017978    1.655506216472
C         -1.744085908831   -2.938305939053    1.655506209409
C          2.938305908564   -1.744086008406    1.655506162890
C          1.744085927798    2.938305941416    1.655506206987
H         -3.835972582134    2.276658024887    1.316320360278
H         -2.276657974702   -3.835972574318    1.316320367906
H          3.835972580604   -2.276657928304    1.316320325789
H          2.276657906340    3.835972657476    1.316320363043
H         -2.870202212284    1.703624155750    2.751666434799
H         -1.703624170728   -2.870202178287    2.751666421310
H          2.870202249685   -1.703624148996    2.751666416043
H          1.703624125912    2.870202236861    2.751666433496
F         -0.000000053744   -0.000000565214    1.083637811520
   73
 SCF done    -152.14434729      0.00785793
C         -3.143055774791   -1.598824760724    0.007152478060
C          1.598824780517   -3.143055787312    0.007152506531
C          3.143055763962    1.598824827576    0.007152426168
C         -1.598824805927    3.143055851283    0.007152534204
C         -3.524624255641   -0.101640491284    0.007139703533
C          0.101640535811   -3.524624249569    0.007139751779
C          3.524624240274    0.101640554459    0.007139711607
C         -0.101640528834    3.524624352803    0.007139797200
N         -2.973542320327    0.380844740538   -1.232448685538
N         -0.380844689614   -2.973542426256   -1.232448715287
N          2.973542265423   -0.380844700735   -1.232448730338
N          0.380844683863    2.973542587497   -1.232448751727
N         -2.428426038665   -1.758698594838   -1.232562681533
N          1.758698659004   -2.428426163552   -1.232562699300
N          2.428425961996    1.758698616953   -1.232562622577
N         -1.758698649958    2.428426207398   -1.232562675990
C         -2.422951204259   -0.618024229522   -1.997725015290
C          0.618024244686   -2.422951303598   -1.997725031484
C          2.422951184681    0.618024207904   -1.997725011627
C         -0.618024255497    2.422951372268   -1.997725015957
O         -2.106047896895   -0.537236092283   -3.152930762268
O          0.537236179139   -2.106047969923   -3.152930767113
O          2.106047879561    0.537236208904   -3.152930776909
O         -0.537236118053    2.106047991151   -3.152930720268
C         -2.943152714909    1.746959014549   -1.662340332102
C         -1.746958992095   -2.943152723740   -1.662340309980
C          2.943152732626   -1.746959013213   -1.662340289118
C          1.746959031661    2.943152745082   -1.662340321631
H         -3.835193749604    2.276234902921   -1.306521806855
H         -2.276234933342   -3.835193695059   -1.306521714868
H          3.835193740862   -2.276234842974   -1.306521638369
H          2.276234984463    3.835193724734   -1.306521768751
H         -2.892664986353    1.716991965898   -2.759722982242
H         -1.716991976060   -2.892665109104   -2.759722970863
H          2.892665175388   -1.716992067908   -2.759722961696
H          1.716991970364    2.892665063503   -2.759722975785
H         -4.621576338842    0.067406439963    0.002903811327
H         -0.067406440459   -4.621576315015    0.002903941410
H          4.621576267251   -0.067406472493    0.002903749194
H          0.067406422011    4.621576430321    0.002903937054
H         -4.025307202083   -2.272248371339    0.002919285393
H          2.272248391331   -4.025307219487    0.002919430087
H          4.025307196904    2.272248440699    0.002919283132
H         -2.272248440010    4.025307266265    0.002919427843
N         -2.967265648610    0.382441557086    1.227962208922
N         -0.382441554039   -2.967265515462    1.227962187591
N          2.967265618635   -0.382441474110    1.227962198845
N          0.382441512210    2.967265585648    1.227962166103
N         -2.422202562488   -1.757059821436    1.228148480175
N          1.757059843500   -2.422202437993    1.228148459453
N          2.422202574485    1.757059916942    1.228148505805
N         -1.757059813935    2.422202509506    1.228148466142
C         -2.324436278374   -0.592886495996    1.970565819638
C          0.592886462956   -2.324436179445    1.970565819420
C          2.324436418973    0.592886524675    1.970565877676
C         -0.592886557348    2.324436490493    1.970565876662
O         -2.045828979506   -0.521824376213    3.134188077882
O          0.521824477397   -2.045829007814    3.134188128216
O          2.045829110111    0.521824524560    3.134188130914
O         -0.521824421094    2.045829154433    3.134188125302
C         -2.935918861011    1.742675231339    1.658037727491
C         -1.742675177420   -2.935918863126    1.658037726118
C          2.935918867438   -1.742675195344    1.658037693188
C          1.742675197228    2.935918892556    1.658037723025
H         -3.834524378957    2.275863769724    1.323087956376
H         -2.275863714927   -3.834524397040    1.323087985388
H          3.834524410375   -2.275863682723    1.323087914154
H          2.275863642579    3.834524466259    1.323087954902
H         -2.864146171513    1.700047412790    2.753638898861
H         -1.700047401258   -2.864146112407    2.753638897932
H          2.864146212145   -1.700047389058    2.753638875675
H          1.700047378195    2.864146211756    2.753638896418
F         -0.000000185305   -0.000002212344    1.114029691340
   73
 SCF done    -152.14434410      0.00392181
C         -3.143144555822   -1.599413106680    0.008990568766
C          1.599413166096   -3.143144435916    0.008990621895
C          3.143144531907    1.599413244111    0.008990552288
C         -1.599413222537    3.143144746602    0.008990548042
C         -3.525058114523   -0.101186591851    0.008978424792
C          0.101186653883   -3.525058032838    0.008978485270
C          3.525058171209    0.101186752377    0.008978396448
C         -0.101186693517    3.525058377607    0.008978395041
N         -2.973861889621    0.380837878446   -1.231991982624
N         -0.380837787625   -2.973862009219   -1.231992040612
N          2.973861900205   -0.380837815762   -1.231991960880
N          0.380837757482    2.973862230886   -1.231992049889
N         -2.428560011739   -1.758764058837   -1.232050486855
N          1.758764185347   -2.428560112734   -1.232050523300
N          2.428559910882    1.758764168042   -1.232050406601
N         -1.758764131938    2.428560243761   -1.232050506467
C         -2.425083116610   -0.618548370686   -1.998140156943
C          0.618548432069   -2.425083231180   -1.998140199980
C          2.425083096437    0.618548424959   -1.998140141124
C         -0.618548408246    2.425083414850   -1.998140176122
O         -2.108528441712   -0.537865178958   -3.153968580665
O          0.537865333514   -2.108528546516   -3.153968635089
O          2.108528391145    0.537865400782   -3.153968574751
O         -0.537865297178    2.108528643617   -3.153968547804
C         -2.943040557950    1.746900592031   -1.663184971635
C         -1.746900523615   -2.943040572479   -1.663184976950
C          2.943040620592   -1.746900520245   -1.663184977398
C          1.746900487765    2.943040697691   -1.663184981352
H         -3.835712937783    2.276616493684   -1.309618897587
H         -2.276616457953   -3.835712816258   -1.309618779353
H          3.835712897391   -2.276616332490   -1.309618711218
H          2.276616539841    3.835712945075   -1.309618867730
H         -2.890919674915    1.715968767117   -2.760198040949
H         -1.715968741953   -2.890919767040   -2.760198008693
H          2.890919866923   -1.715968757678   -2.760197974772
H          1.715968720405    2.890919785755   -2.760198011761
H         -4.621052587056    0.069907468977    0.004698603585
H         -0.069907355169   -4.621052524571    0.004698786718
H          4.621052668805   -0.069907330627    0.004698465754
H          0.069907394161    4.621052822406    0.004698708866
H         -4.023522530845   -2.274259598359    0.004710992569
H          2.274259640784   -4.023522442234    0.004711249378
H          4.023522503855    2.274259805544    0.004710964523
H         -2.274259772305    4.023522669407    0.004711104328
N         -2.965894092504    0.382116332281    1.228706244322
N         -0.382116312936   -2.965893937816    1.228706214564
N          2.965894336896   -0.382116144864    1.228706288793
N          0.382116280866    2.965894233901    1.228706197301
N         -2.421003800834   -1.756041283179    1.228836797175
N          1.756041251698   -2.421003434826    1.228836704659
N          2.421003753502    1.756041368379    1.228836795661
N         -1.756041325783    2.421003834589    1.228836756986
C         -2.317835462605   -0.591181519406    1.970290840967
C          0.591181419216   -2.317834873608    1.970290683964
C          2.317836003787    0.591181685401    1.970290993455
C         -0.591181745262    2.317836316688    1.970291068056
O         -2.031063924108   -0.518060563331    3.132124560100
O          0.518060608587   -2.031063530587    3.132124498349
O          2.031064281908    0.518060846336    3.132124658754
O         -0.518060728276    2.031064454324    3.132124654217
C         -2.934465653272    1.741819105653    1.661545674046
C         -1.741819067713   -2.934465585368    1.661545694309
C          2.934465662416   -1.741818967175    1.661545674628
C          1.741819072966    2.934465676847    1.661545671632
H         -3.833807664290    2.275511967354    1.329951439733
H         -2.275511917272   -3.833807685851    1.329951530217
H          3.833807689486   -2.275511940288    1.329951437827
H          2.275511900951    3.833807727636    1.329951418247
H         -2.859904910330    1.697536790001    2.756530170547
H         -1.697536701063   -2.859904778204    2.756530184529
H          2.859904912336   -1.697536693417    2.756530154289
H          1.697536750677    2.859904994244    2.756530165086
F         -0.000000679133   -0.000007816280    1.055153637100
   73
 SCF done    -152.14438457      0.00368547
C         -3.143798153759   -1.599545683541    0.008326623918
C          1.599545784494   -3.143797869618    0.008326746730
C          3.143798157250    1.599545960972    0.008326495562
C         -1.599545818756    3.143798457920    0.008326513923
C         -3.525692243524   -0.101390700613    0.008315750086
C          0.101390817632   -3.525692033347    0.008315958951
C          3.525692378028    0.101391005957    0.008315730609
C         -0.101390912074    3.525692618786    0.008315672035
N         -2.974674527966    0.380834715879   -1.232310005107
N         -0.380834620465   -2.974674640373   -1.232310089879
N          2.974674564302   -0.380834544154   -1.232309993432
N          0.380834521546    2.974674930680   -1.232309970357
N         -2.429280529542   -1.759152706562   -1.232382338179
N          1.759152969743   -2.429280600984   -1.232382310165
N          2.429280493950    1.759152889459   -1.232382167483
N         -1.759152827373    2.429280872782   -1.232382229151
C         -2.424687485913   -0.618442720425   -1.997789726529
C          0.618442779988   -2.424687520593   -1.997789845469
C          2.424687473694    0.618442823902   -1.997789732231
C         -0.618442753415    2.424687801855   -1.997789718708
O         -2.108660767022   -0.537877593943   -3.153299562109
O          0.537877805035   -2.108660823767   -3.153299710050
O          2.108660716632    0.537877907702   -3.153299487333
O         -0.537877768958    2.108660983866   -3.153299545872
C         -2.943302979380    1.747056429940   -1.662982964353
C         -1.747056401256   -2.943302859127   -1.662983015211
C          2.943303032188   -1.747056239273   -1.662983009219
C          1.747056358248    2.943303126252   -1.662982969794
H         -3.836050932942    2.276819637011   -1.309368665616
H         -2.276819523398   -3.836050763570   -1.309368530616
H          3.836050886839   -2.276819387617   -1.309368504461
H          2.276819620057    3.836051002235   -1.309368658147
H         -2.891305777004    1.716192418327   -2.760085962921
H         -1.716192344821   -2.891305834983   -2.760085921981
H          2.891305966408   -1.716192266274   -2.760085891197
H          1.716192296598    2.891305916073   -2.760085931769
H         -4.622097167783    0.068098982924    0.003600116200
H         -0.068098717492   -4.622097058514    0.003600263330
H          4.622097437486   -0.068098626549    0.003599841869
H          0.068098867524    4.622097613171    0.003600047945
H         -4.025296373182   -2.273184522600    0.003611197937
H          2.273184624626   -4.025296100688    0.003611544735
H          4.025296305016    2.273184948942    0.003611203047
H         -2.273184866000    4.025296639546    0.003611194576
N         -2.967827734574    0.382188151814    1.228650910751
N         -0.382187958344   -2.967827527096    1.228650908687
N          2.967828370898   -0.382187755253    1.228651060245
N          0.382187992082    2.967828197649    1.228651002516
N         -2.422670784449   -1.757035255785    1.228788647237
N          1.757035204374   -2.422670043466    1.228788507841
N          2.422670574467    1.757035470227    1.228788683364
N         -1.757035453857    2.422670943036    1.228788725448
C         -2.321670168448   -0.592155626091    1.970298229416
C          0.592155360555   -2.321669039817    1.970297888616
C          2.321671269632    0.592155964858    1.970298567611
C         -0.592156102361    2.321672114447    1.970298775178
O         -2.037380176031   -0.519651344344    3.132498577626
O          0.519651352372   -2.037379293771    3.132498313317
O          2.037380964856    0.519651867106    3.132498750710
O         -0.519651794091    2.037381582781    3.132498818121
C         -2.935624691693    1.742507668093    1.660296063573
C         -1.742507533006   -2.935624756989    1.660296093219
C          2.935624806815   -1.742507419018    1.660296058826
C          1.742507453983    2.935624806254    1.660296046871
H         -3.834741255163    2.276066392592    1.327494404951
H         -2.276066337068   -3.834741221603    1.327494593162
H          3.834741227947   -2.276066400030    1.327494480647
H          2.276066383099    3.834741302756    1.327494355309
H         -2.862006374172    1.698783360259    2.755357608494
H         -1.698783173982   -2.862006105207    2.755357645599
H          2.862006309914   -1.698783146148    2.755357625541
H          1.698783312955    2.862006525756    2.755357606532
F         -0.000001411967   -0.000016000077    1.083922115150
   73
 SCF done    -152.14438642      0.00099877
C         -3.143917528801   -1.599623479270    0.008495313339
C          1.599623767840   -3.143916568474    0.008495506360
C          3.143917647827    1.599624336846    0.008495164727
C         -1.599624082125    3.143918638007    0.008495076635
C         -3.525863814787   -0.101391747413    0.008485604884
C          0.101392155330   -3.525863278688    0.008485824370
C          3.525864607929    0.101392728364    0.008485481830
C         -0.101392306070    3.525865173973    0.008485372867
N         -2.974924234989    0.380832327182   -1.232301962328
N         -0.380831874534   -2.974924236618   -1.232302185426
N          2.974924418641   -0.380831631298   -1.232301899958
N          0.380831925208    2.974924881153   -1.232301800121
N         -2.429441674743   -1.759235065916   -1.232360086379
N          1.759235505802   -2.429441517573   -1.232360172500
N          2.429441550996    1.759235709090   -1.232359810218
N         -1.759235416343    2.429442211637   -1.232359849465
C         -2.424968748479   -0.618503211892   -1.997700096143
C          0.618503507574   -2.424968668704   -1.997700281329
C          2.424968788549    0.618503714546   -1.997699980715
C         -0.618503476069    2.424969310323   -1.997699910530
O         -2.109323320639   -0.538030846328   -3.153267054033
O          0.538031405322   -2.109323289419   -3.153267291812
O          2.109323176264    0.538031654717   -3.153266842564
O         -0.538031231923    2.109323610152   -3.153266698115
C         -2.943239707035    1.747024070162   -1.663081565671
C         -1.747023750823   -2.943239416551   -1.663081685739
C          2.943239792338   -1.747023425631   -1.663081640921
C          1.747023764684    2.943240082430   -1.663081516774
H         -3.836158576925    2.276915867400   -1.310032857117
H         -2.276915514411   -3.836158125914   -1.310032636789
H          3.836158558366   -2.276915175462   -1.310032689598
H          2.276915676764    3.836158900580   -1.310032886707
H         -2.890713235954    1.715847288278   -2.760161253067
H         -1.715847027857   -2.890713261784   -2.760161350758
H          2.890713589067   -1.715846593716   -2.760161292915
H          1.715846809638    2.890713590527   -2.760161192984
H         -4.622306411209    0.067750774402    0.003451701969
H         -0.067749852803   -4.622305948346    0.003451900013
H          4.622307287921   -0.067749512169    0.003450733169
H          0.067750416461    4.622307737259    0.003451015495
H         -4.025583249507   -2.273017242756    0.003459829450
H          2.273017572300   -4.025582241629    0.003460818533
H          4.025583007679    2.273018608667    0.003460008158
H         -2.273018248052    4.025584065292    0.003459502092
N         -2.968268489522    0.382159596897    1.228795103669
N         -0.382159273618   -2.968268240361    1.228795217635
N          2.968270822641   -0.382158397642    1.228795717086
N          0.382158800616    2.968270585497    1.228795486571
N         -2.423010165031   -1.757191893131    1.228912707022
N          1.757191733883   -2.423007945593    1.228912215758
N          2.423009607387    1.757192266518    1.228912466190
N         -1.757192321388    2.423011367140    1.228912824985
C         -2.321570405409   -0.592120044196    1.970114678402
C          0.592119212630   -2.321566717908    1.970113630073
C          2.321574146948    0.592121173852    1.970115800309
C         -0.592121831617    2.321577336232    1.970116680990
O         -2.036829033916   -0.519499366160    3.132149728294
O          0.519499269668   -2.036826094282    3.132149087658
O          2.036831701164    0.519500974659    3.132150400343
O         -0.519500975180    2.036834166171    3.132150877588
C         -2.935723685327    1.742570529895    1.660484367860
C         -1.742570181787   -2.935723619962    1.660484458220
C          2.935724045546   -1.742569619609    1.660484418537
C          1.742569965184    2.935724113372    1.660484340215
H         -3.834866957446    2.276169065543    1.327871074818
H         -2.276168989334   -3.834866842148    1.327871592990
H          3.834866734856   -2.276169296958    1.327871387898
H          2.276169229594    3.834866923549    1.327870882000
H         -2.861663749072    1.698587574261    2.755448142574
H         -1.698586962106   -2.861662883067    2.755448168039
H          2.861663418543   -1.698586876479    2.755448158033
H          1.698587502266    2.861664253739    2.755448138136
F         -0.000004818590   -0.000052885265    1.084941393564
   73
 SCF done    -152.14438709      0.00048107
C         -3.143915655175   -1.599654630315    0.008711013210
C          1.599655880807   -3.143910954737    0.008711713049
C          3.143916324273    1.599658782625    0.008710527636
C         -1.599657563031    3.143920942930    0.008709933554
C         -3.525919959651   -0.101377324434    0.008703617713
C          0.101379393876   -3.525917419126    0.008704159887
C          3.525924009830    0.101382002493    0.008702896656
C         -0.101379885003    3.525926460691    0.008702455867
N         -2.975085648229    0.380845437812   -1.232260534129
N         -0.380843410635   -2.975084826590   -1.232261308374
N          2.975086642821   -0.380841985816   -1.232260062920
N          0.380843858943    2.975087891057   -1.232259469194
N         -2.429491703577   -1.759270485527   -1.232297831587
N          1.759272195236   -2.429489998191   -1.232298366272
N          2.429491275382    1.759273632856   -1.232296987470
N         -1.759272048865    2.429493481664   -1.232296652118
C         -2.425295348097   -0.618570032714   -1.997624135765
C          0.618571480425   -2.425294270650   -1.997624768229
C          2.425295722788    0.618572673039   -1.997623493284
C         -0.618571363752    2.425297308499   -1.997623042173
O         -2.110012974763   -0.538183901425   -3.153293302598
O          0.538186133894   -2.110012227254   -3.153294241990
O          2.110012573783    0.538187347993   -3.153292327725
O         -0.538185333554    2.110013916307   -3.153291576427
C         -2.943110057661    1.746955921372   -1.663213114176
C         -1.746954193547   -2.943108678986   -1.663213584397
C          2.943110388757   -1.746952749123   -1.663213404575
C          1.746954423777    2.943111777936   -1.663212922556
H         -3.836206291753    2.276992147206   -1.310808156022
H         -2.276990299409   -3.836204346790   -1.310807214194
H          3.836206199840   -2.276989023563   -1.310807559027
H          2.276991008637    3.836208018731   -1.310808460881
H         -2.889958631179    1.715410115526   -2.760265061818
H         -1.715408863708   -2.889958462999   -2.760265577569
H          2.889960091768   -1.715406629171   -2.760265388005
H          1.715407874441    2.889960265823   -2.760264865934
H         -4.622414827733    0.067475038907    0.003379729997
H         -0.067470626739   -4.622412610342    0.003380048240
H          4.622418988231   -0.067469003731    0.003375194036
H          0.067473454047    4.622421060070    0.003375512585
H         -4.025720709714   -2.272878391543    0.003381140299
H          2.272880198496   -4.025715640253    0.003385004369
H          4.025719469468    2.272885071511    0.003381800830
H         -2.272883213441    4.025724450698    0.003378595380
N         -2.968596269519    0.382140325667    1.228982918506
N         -0.382138953058   -2.968595957025    1.228983756886
N          2.968607467819   -0.382134706963    1.228986105843
N          0.382136245092    2.968607053557    1.228985058961
N         -2.423222229018   -1.757288665902    1.229071120700
N          1.757288066224   -2.423212293460    1.229068707883
N          2.423219523877    1.757290206389    1.229069500504
N         -1.757290635045    2.423228761792    1.229071714000
C         -2.321348326789   -0.592049736139    1.969975321062
C          0.592046094357   -2.321331509841    1.969970525485
C          2.321365938733    0.592055180392    1.969980492652
C         -0.592058555095    2.321381768017    1.969984990288
O         -2.036116288100   -0.519302220164    3.131861314425
O          0.519301872253   -2.036102879910    3.131858516954
O          2.036128638296    0.519309869151    3.131864299059
O         -0.519309995086    2.036141009370    3.131866813548
C         -2.935729705506    1.742581801501    1.660757226715
C         -1.742580192636   -2.935729202395    1.660757679532
C          2.935731374307   -1.742577424175    1.660757521694
C          1.742579164594    2.935731790433    1.660757066270
H         -3.834886103091    2.276219973694    1.328354348945
H         -2.276219928515   -3.834885483428    1.328356922847
H          3.834885009890   -2.276221126896    1.328356002183
H          2.276220941338    3.834885748833    1.328353401488
H         -2.861188787610    1.698317625104    2.755632192434
H         -1.698314738941   -2.861184889616    2.755632365490
H          2.861187182296   -1.698314289095    2.755632306899
H          1.698317231963    2.861191052169    2.755632125869
F         -0.000023023331   -0.000251933525    1.083789257648
