   73
 SCF done    -152.12495466      0.00000000
C         -3.180688437236   -1.623919202121    0.000000000000
C          1.623919202121   -3.180688437236    0.000000000000
C          3.180688437236    1.623919202121    0.000000000000
C         -1.623919202121    3.180688437236    0.000000000000
C         -3.569608246148   -0.097469952110    0.000000000000
C          0.097469952110   -3.569608246148    0.000000000000
C          3.569608246148    0.097469952110    0.000000000000
C         -0.097469952110    3.569608246148    0.000000000000
N         -3.032338510124    0.382669811983   -1.247519387058
N         -0.382669811983   -3.032338510124   -1.247519387058
N          3.032338510124   -0.382669811983   -1.247519387058
N          0.382669811983    3.032338510124   -1.247519387058
N         -2.479788781608   -1.788769121126   -1.248189386728
N          1.788769121126   -2.479788781608   -1.248189386728
N          2.479788781608    1.788769121126   -1.248189386728
N         -1.788769121126    2.479788781608   -1.248189386728
C         -2.459388791631   -0.627149691863   -2.015419009766
C          0.627149691863   -2.459388791631   -2.015419009766
C          2.459388791631    0.627149691863   -2.015419009766
C         -0.627149691863    2.459388791631   -2.015419009766
O         -2.118578959081   -0.539779734791   -3.173998440523
O          0.539779734791   -2.118578959081   -3.173998440523
O          2.118578959081    0.539779734791   -3.173998440523
O         -0.539779734791    2.118578959081   -3.173998440523
C         -2.964798543309    1.759709135404   -1.670449179260
C         -1.759709135404   -2.964798543309   -1.670449179260
C          2.964798543309   -1.759709135404   -1.670449179260
C          1.759709135404    2.964798543309   -1.670449179260
H         -3.858378104267    2.289928874892   -1.313209354782
H         -2.289928874892   -3.858378104267   -1.313209354782
H          3.858378104267   -2.289928874892   -1.313209354782
H          2.289928874892    3.858378104267   -1.313209354782
H         -2.948398551366    1.748999140666   -2.764448641746
H         -1.748999140666   -2.948398551366   -2.764448641746
H          2.948398551366   -1.748999140666   -2.764448641746
H          1.748999140666    2.948398551366   -2.764448641746
H         -4.663797708541    0.051999974451    0.000000000000
H         -0.051999974451   -4.663797708541    0.000000000000
H          4.663797708541   -0.051999974451    0.000000000000
H          0.051999974451    4.663797708541    0.000000000000
H         -4.070188000199   -2.278468880522    0.000000000000
H          2.278468880522   -4.070188000199    0.000000000000
H          4.070188000199    2.278468880522    0.000000000000
H         -2.278468880522    4.070188000199    0.000000000000
N         -3.032338510124    0.382669811983    1.247519387058
N         -0.382669811983   -3.032338510124    1.247519387058
N          3.032338510124   -0.382669811983    1.247519387058
N          0.382669811983    3.032338510124    1.247519387058
N         -2.479788781608   -1.788769121126    1.248189386728
N          1.788769121126   -2.479788781608    1.248189386728
N          2.479788781608    1.788769121126    1.248189386728
N         -1.788769121126    2.479788781608    1.248189386728
C         -2.459388791631   -0.627149691863    2.015419009766
C          0.627149691863   -2.459388791631    2.015419009766
C          2.459388791631    0.627149691863    2.015419009766
C         -0.627149691863    2.459388791631    2.015419009766
O         -2.118578959081   -0.539779734791    3.173998440523
O          0.539779734791   -2.118578959081    3.173998440523
O          2.118578959081    0.539779734791    3.173998440523
O         -0.539779734791    2.118578959081    3.173998440523
C         -2.964798543309    1.759709135404    1.670449179260
C         -1.759709135404   -2.964798543309    1.670449179260
C          2.964798543309   -1.759709135404    1.670449179260
C          1.759709135404    2.964798543309    1.670449179260
H         -3.858378104267    2.289928874892    1.313209354782
H         -2.289928874892   -3.858378104267    1.313209354782
H          3.858378104267   -2.289928874892    1.313209354782
H          2.289928874892    3.858378104267    1.313209354782
H         -2.948398551366    1.748999140666    2.764448641746
H         -1.748999140666   -2.948398551366    2.764448641746
H          2.948398551366   -1.748999140666    2.764448641746
H          1.748999140666    2.948398551366    2.764448641746
F          0.000000000000    0.000000000000    0.999999508671
   73
 SCF done    -152.13945375      0.09274233
C         -3.163461117220   -1.611602836501    0.003002057315
C          1.611602836622   -3.163461117297    0.003002055096
C          3.163461117395    1.611602836634    0.003002054839
C         -1.611602836005    3.163461117945    0.003002054529
C         -3.548497228939   -0.100147058337    0.002998354995
C          0.100147057405   -3.548497228877    0.002998354152
C          3.548497228872    0.100147057293    0.002998352597
C         -0.100147058294    3.548497229024    0.002998353184
N         -3.007085717119    0.382407203861   -1.239458426532
N         -0.382407202539   -3.007085717671   -1.239458425161
N          3.007085718330   -0.382407201449   -1.239458422971
N          0.382407204511    3.007085718375   -1.239458424054
N         -2.457635644771   -1.776402196978   -1.239971753452
N          1.776402195551   -2.457635646094   -1.239971751611
N          2.457635646249    1.776402198045   -1.239971749909
N         -1.776402197027    2.457635645964   -1.239971750935
C         -2.438668761842   -0.621947035492   -2.001690064507
C          0.621947035828   -2.438668760969   -2.001690066660
C          2.438668759241    0.621947032838   -2.001690073793
C         -0.621947035680    2.438668759367   -2.001690071385
O         -2.117577262390   -0.539751914218   -3.155129657425
O          0.539751914187   -2.117577262767   -3.155129656205
O          2.117577263937    0.539751914987   -3.155129651755
O         -0.539751914390    2.117577263632   -3.155129653276
C         -2.957552716836    1.755446152554   -1.663415815424
C         -1.755446153958   -2.957552716522   -1.663415815365
C          2.957552717447   -1.755446153846   -1.663415816532
C          1.755446152363    2.957552716695   -1.663415815974
H         -3.850782827561    2.285396262680   -1.304780063784
H         -2.285396262532   -3.850782827498   -1.304780063821
H          3.850782827349   -2.285396262476   -1.304780063801
H          2.285396262697    3.850782827592   -1.304780063731
H         -2.926048876571    1.736240052432   -2.759796697182
H         -1.736240052399   -2.926048876555   -2.759796697147
H          2.926048876521   -1.736240052420   -2.759796696846
H          1.736240052471    2.926048876577   -2.759796697040
H         -4.647049060932    0.047949460912    0.002390699331
H         -0.047949460855   -4.647049060960    0.002390699319
H          4.647049060978   -0.047949460846    0.002390699389
H          0.047949460894    4.647049060964    0.002390699352
H         -4.057346414364   -2.267118058645    0.002392311731
H          2.267118058618   -4.057346414342    0.002392311843
H          4.057346414308    2.267118058591    0.002392311795
H         -2.267118058601    4.057346414259    0.002392311856
N         -3.006830611304    0.383983481902    1.240470900507
N         -0.383983476833   -3.006830608727    1.240470904048
N          3.006830607480   -0.383983476784    1.240470907018
N          0.383983477639    3.006830607815    1.240470906167
N         -2.456669910805   -1.777654332667    1.241003622620
N          1.777654333213   -2.456669908752    1.241003626787
N          2.456669908636    1.777654330131    1.241003629272
N         -1.777654333279    2.456669907967    1.241003628526
C         -2.402748369203   -0.612793243835    1.994488767399
C          0.612793240675   -2.402748375283    1.994488752209
C          2.402748378297    0.612793243299    1.994488741564
C         -0.612793241122    2.402748376730    1.994488747800
O         -2.122975114924   -0.541105756712    3.160326903852
O          0.541105756839   -2.122975111953    3.160326913358
O          2.122975110131    0.541105756013    3.160326919974
O         -0.541105756638    2.122975111234    3.160326915907
C         -2.958383110688    1.755939510966    1.661250729696
C         -1.755939511989   -2.958383111822    1.661250731180
C          2.958383111586   -1.755939512611    1.661250729670
C          1.755939511719    2.958383112568    1.661250729500
H         -3.854618923164    2.287673142206    1.309646841215
H         -2.287673142151   -3.854618922902    1.309646841217
H          3.854618922845   -2.287673142082    1.309646841316
H          2.287673142049    3.854618922753    1.309646841364
H         -2.916869210517    1.730791282940    2.756408707884
H         -1.730791282792   -2.916869210535    2.756408707436
H          2.916869210515   -1.730791282760    2.756408707743
H          1.730791282836    2.916869210438    2.756408707801
F          0.000000000001    0.000000000000    0.959449830601
   73
 SCF done    -152.14354165      0.03096433
C         -3.150773292523   -1.601982419210    0.004724639821
C          1.601982419635   -3.150773294518    0.004724636974
C          3.150773295439    1.601982420677    0.004724634225
C         -1.601982419133    3.150773295369    0.004724635839
C         -3.532768190416   -0.102557669615    0.004716183504
C          0.102557669326   -3.532768191778    0.004716181961
C          3.532768192675    0.102557668897    0.004716179046
C         -0.102557669743    3.532768192258    0.004716181941
N         -2.984479650787    0.381074413391   -1.233084339315
N         -0.381074410061   -2.984479651881   -1.233084337906
N          2.984479654476   -0.381074412022   -1.233084332094
N          0.381074417154    2.984479654180   -1.233084335003
N         -2.438236911311   -1.764310300420   -1.233397436038
N          1.764310301795   -2.438236912685   -1.233397432681
N          2.438236916823    1.764310301211   -1.233397428442
N         -1.764310299205    2.438236914973   -1.233397431527
C         -2.425337492195   -0.618622107218   -1.994921090106
C          0.618622105526   -2.425337491736   -1.994921090956
C          2.425337485260    0.618622105442   -1.994921107276
C         -0.618622110131    2.425337487127   -1.994921100521
O         -2.108006624129   -0.537579100610   -3.147157691379
O          0.537579101600   -2.108006622663   -3.147157690836
O          2.108006623240    0.537579101846   -3.147157686921
O         -0.537579099184    2.108006624496   -3.147157689108
C         -2.947873633334    1.749737222960   -1.658464169548
C         -1.749737225303   -2.947873632273   -1.658464169725
C          2.947873632544   -1.749737224812   -1.658464170007
C          1.749737221071    2.947873633875   -1.658464169633
H         -3.839913601258    2.278934554600   -1.299799766811
H         -2.278934554977   -3.839913600570   -1.299799766863
H          3.839913601256   -2.278934555619   -1.299799767445
H          2.278934555986    3.839913602451   -1.299799769328
H         -2.904115068136    1.723631728458   -2.756253672454
H         -1.723631727526   -2.904115068270   -2.756253673015
H          2.904115066692   -1.723631727719   -2.756253671878
H          1.723631727558    2.904115067114   -2.756253671716
H         -4.632088765611    0.055352130428   -0.000439525259
H         -0.055352131717   -4.632088766378   -0.000439522510
H          4.632088767487   -0.055352132372   -0.000439521389
H          0.055352132397    4.632088766919   -0.000439521104
H         -4.040533308666   -2.266599302804   -0.000426091528
H          2.266599304500   -4.040533309553   -0.000426088542
H          4.040533310861    2.266599304697   -0.000426087328
H         -2.266599303845    4.040533310067   -0.000426087808
N         -2.983528863840    0.383167037953    1.231878993508
N         -0.383167033935   -2.983528861616    1.231878996424
N          2.983528861426   -0.383167032881    1.231879000698
N          0.383167034188    2.983528861842    1.231878997863
N         -2.436433909965   -1.765664712775    1.232237145128
N          1.765664717970   -2.436433907749    1.232237149896
N          2.436433908517    1.765664714131    1.232237153401
N         -1.765664717020    2.436433908980    1.232237150471
C         -2.359913313062   -0.601934943753    1.978381465450
C          0.601934936085   -2.359913316030    1.978381451715
C          2.359913320807    0.601934940116    1.978381434169
C         -0.601934936914    2.359913317677    1.978381448763
O         -2.094675626899   -0.534133399169    3.144338869793
O          0.534133395870   -2.094675608882    3.144338855996
O          2.094675598011    0.534133393270    3.144338852000
O         -0.534133397331    2.094675605295    3.144338852354
C         -2.945820029626    1.748526072195    1.653439447177
C         -1.748526072843   -2.945820031709    1.653439448323
C          2.945820029953   -1.748526074874    1.653439447853
C          1.748526074104    2.945820031387    1.653439448005
H         -3.842626737876    2.280558297483    1.308164666423
H         -2.280558294372   -3.842626738854    1.308164664843
H          3.842626738677   -2.280558294062    1.308164664771
H          2.280558295691    3.842626737146    1.308164663459
H         -2.886593266826    1.713233800973    2.749743749617
H         -1.713233799357   -2.886593267436    2.749743748955
H          2.886593267074   -1.713233798366    2.749743750581
H          1.713233800900    2.886593266258    2.749743750556
F          0.000000006490   -0.000000003261    1.065274071169
   73
 SCF done    -152.14423915      0.01654932
C         -3.144012842459   -1.598716364527    0.006499866003
C          1.598716365961   -3.144012843562    0.006499863416
C          3.144012846453    1.598716366511    0.006499860057
C         -1.598716363660    3.144012845092    0.006499861697
C         -3.525344855629   -0.102181805571    0.006488379838
C          0.102181807207   -3.525344855726    0.006488378229
C          3.525344859201    0.102181806626    0.006488375118
C         -0.102181805427    3.525344857715    0.006488377401
N         -2.974869330782    0.380817551669   -1.231841929024
N         -0.380817549023   -2.974869329667   -1.231841930105
N          2.974869334043   -0.380817549648   -1.231841923681
N          0.380817553975    2.974869332687   -1.231841926370
N         -2.429745715227   -1.759387416828   -1.232022980870
N          1.759387418127   -2.429745714726   -1.232022980196
N          2.429745720396    1.759387418487   -1.232022974930
N         -1.759387415224    2.429745716678   -1.232022977687
C         -2.422197798933   -0.617842605631   -1.996154282447
C          0.617842605002   -2.422197797678   -1.996154277237
C          2.422197792007    0.617842604660   -1.996154293532
C         -0.617842606659    2.422197793144   -1.996154287554
O         -2.104755244857   -0.536882321233   -3.150524846678
O          0.536882323138   -2.104755237856   -3.150524848203
O          2.104755238766    0.536882322053   -3.150524848735
O         -0.536882316646    2.104755240479   -3.150524848487
C         -2.943748993129    1.747304463796   -1.660019120876
C         -1.747304465254   -2.943748992515   -1.660019121195
C          2.943748993418   -1.747304464073   -1.660019120949
C          1.747304462494    2.943748994239   -1.660019120936
H         -3.835245753933    2.276202474866   -1.302062918166
H         -2.276202473664   -3.835245754149   -1.302062918430
H          3.835245755752   -2.276202475191   -1.302062922112
H          2.276202476675    3.835245756779   -1.302062924270
H         -2.895434710569    1.718607494317   -2.757789314257
H         -1.718607493043   -2.895434710744   -2.757789315160
H          2.895434708557   -1.718607491329   -2.757789314012
H          1.718607493290    2.895434707854   -2.757789313710
H         -4.623435254995    0.063506900315    0.001669907106
H         -0.063506899939   -4.623435254426    0.001669908257
H          4.623435258279   -0.063506899451    0.001669911219
H          0.063506901072    4.623435256744    0.001669909239
H         -4.028913334445   -2.269662999207    0.001686620345
H          2.269663000451   -4.028913335348    0.001686621941
H          4.028913338583    2.269663000600    0.001686625446
H         -2.269662998323    4.028913336750    0.001686621055
N         -2.970483281020    0.382775349962    1.228958534072
N         -0.382775347400   -2.970483280855    1.228958533604
N          2.970483283315   -0.382775345465    1.228958538854
N          0.382775348110    2.970483282640    1.228958536595
N         -2.425008453249   -1.758967907373    1.229205825356
N          1.758967913035   -2.425008452982    1.229205827155
N          2.425008454999    1.758967910583    1.229205830897
N         -1.758967910117    2.425008456427    1.229205828938
C         -2.334126952404   -0.595370980497    1.972907288445
C          0.595370974941   -2.334126949146    1.972907288004
C          2.334126953349    0.595370976334    1.972907271312
C         -0.595370974551    2.334126957650    1.972907284233
O         -2.064803012020   -0.526635766401    3.138597188818
O          0.526635767459   -2.064803001505    3.138597177517
O          2.064802981335    0.526635762126    3.138597167482
O         -0.526635769017    2.064803003532    3.138597180388
C         -2.938306117435    1.744086127035    1.655506119662
C         -1.744086124961   -2.938306119865    1.655506120030
C          2.938306119317   -1.744086127918    1.655506120443
C          1.744086128491    2.938306120314    1.655506119999
H         -3.835972728106    2.276658059121    1.316319916254
H         -2.276658055063   -3.835972729190    1.316319913177
H          3.835972730955   -2.276658054011    1.316319913173
H          2.276658058145    3.835972728306    1.316319910600
H         -2.870202846098    1.703624527767    2.751666358163
H         -1.703624526820   -2.870202846667    2.751666357340
H          2.870202848365   -1.703624525711    2.751666358749
H          1.703624529526    2.870202848504    2.751666358485
F         -0.000000024102   -0.000000045691    1.083637134369
   73
 SCF done    -152.14434728      0.00785786
C         -3.143055727863   -1.598824761782    0.007152525980
C          1.598824764031   -3.143055725755    0.007152524314
C          3.143055734019    1.598824766305    0.007152521313
C         -1.598824762476    3.143055733864    0.007152522125
C         -3.524624203087   -0.101640523003    0.007139770930
C          0.101640526695   -3.524624202069    0.007139769600
C          3.524624210484    0.101640527630    0.007139767241
C         -0.101640524319    3.524624208640    0.007139768477
N         -2.973542226056    0.380844728006   -1.232448672925
N         -0.380844727185   -2.973542223613   -1.232448673861
N          2.973542228052   -0.380844724573   -1.232448668970
N          0.380844729063    2.973542226615   -1.232448670883
N         -2.428426073060   -1.758698595637   -1.232562710306
N          1.758698597417   -2.428426069903   -1.232562709916
N          2.428426076231    1.758698598532   -1.232562705472
N         -1.758698595888    2.428426072358   -1.232562707878
C         -2.422951296934   -0.618024229199   -1.997725049275
C          0.618024230392   -2.422951292852   -1.997725045598
C          2.422951293102    0.618024230274   -1.997725047943
C         -0.618024228355    2.422951292686   -1.997725047376
O         -2.106048052342   -0.537236103282   -3.152930831710
O          0.537236106004   -2.106048042946   -3.152930826785
O          2.106048042235    0.537236104810   -3.152930829833
O         -0.537236097924    2.106048043730   -3.152930828424
C         -2.943152681662    1.746958989746   -1.662340414974
C         -1.746958988641   -2.943152681414   -1.662340415862
C          2.943152683387   -1.746958986769   -1.662340415277
C          1.746958988125    2.943152684109   -1.662340414672
H         -3.835193744497    2.276234895112   -1.306522018943
H         -2.276234891778   -3.835193744589   -1.306522018129
H          3.835193746491   -2.276234893176   -1.306522022449
H          2.276234895316    3.835193748617   -1.306522025135
H         -2.892664878537    1.716991826819   -2.759723070981
H         -1.716991825394   -2.892664879239   -2.759723071974
H          2.892664877783   -1.716991820935   -2.759723070958
H          1.716991824635    2.892664875590   -2.759723070288
H         -4.621576248276    0.067406557798    0.002903853983
H         -0.067406554569   -4.621576246847    0.002903851383
H          4.621576255183   -0.067406554409    0.002903852670
H          0.067406558855    4.621576253228    0.002903851457
H         -4.025307075036   -2.272248482215    0.002919459934
H          2.272248485119   -4.025307072077    0.002919460191
H          4.025307079528    2.272248488400    0.002919462227
H         -2.272248484393    4.025307079539    0.002919455226
N         -2.967265515944    0.382441500481    1.227962194530
N         -0.382441497945   -2.967265518675    1.227962195777
N          2.967265529467   -0.382441494115    1.227962201063
N          0.382441497654    2.967265524991    1.227962197307
N         -2.422202292030   -1.757059745929    1.228148378478
N          1.757059748740   -2.422202288397    1.228148379150
N          2.422202298062    1.757059749384    1.228148383489
N         -1.757059749509    2.422202302513    1.228148382212
C         -2.324435851131   -0.592886395301    1.970565700193
C          0.592886394866   -2.324435850769    1.970565702719
C          2.324435875768    0.592886401053    1.970565700991
C         -0.592886399252    2.324435881909    1.970565708904
O         -2.045828264991   -0.521824315146    3.134187879807
O          0.521824322069   -2.045828270606    3.134187886621
O          2.045828267588    0.521824321277    3.134187879113
O         -0.521824325427    2.045828286319    3.134187885972
C         -2.935918808380    1.742675167691    1.658037733423
C         -1.742675162756   -2.935918810608    1.658037733237
C          2.935918812188   -1.742675164046    1.658037733622
C          1.742675166709    2.935918812365    1.658037733030
H         -3.834524345745    2.275863715434    1.323088035317
H         -2.275863714461   -3.834524344988    1.323088034003
H          3.834524347119   -2.275863712898    1.323088032057
H          2.275863715887    3.834524345505    1.323088028261
H         -2.864146021995    1.700047365940    2.753638910625
H         -1.700047364341   -2.864146021105    2.753638909935
H          2.864146026390   -1.700047365205    2.753638910740
H          1.700047368686    2.864146029504    2.753638910317
F         -0.000000101165   -0.000000182702    1.114032787526
   73
 SCF done    -152.14434411      0.00392185
C         -3.143145060088   -1.599413312944    0.008990473767
C          1.599413319457   -3.143145051926    0.008990474471
C          3.143145075146    1.599413327167    0.008990468846
C         -1.599413319298    3.143145079492    0.008990468533
C         -3.525058713266   -0.101186845240    0.008978303521
C          0.101186854765   -3.525058712402    0.008978303298
C          3.525058735863    0.101186859523    0.008978298731
C         -0.101186850156    3.525058732930    0.008978299387
N         -2.973862989290    0.380837781775   -1.231992187180
N         -0.380837777602   -2.973862986093   -1.231992187884
N          2.973862994553   -0.380837772741   -1.231992180466
N          0.380837782029    2.973862993715   -1.231992181350
N         -2.428561081383   -1.758764522318   -1.232050765333
N          1.758764528174   -2.428561074154   -1.232050765304
N          2.428561085095    1.758764531052   -1.232050757642
N         -1.758764524945    2.428561084098   -1.232050759544
C         -2.425086288302   -0.618549115533   -1.998141269305
C          0.618549120544   -2.425086282064   -1.998141267508
C          2.425086288222    0.618549122139   -1.998141260865
C         -0.618549115228    2.425086287209   -1.998141266362
O         -2.108534150695   -0.537866586963   -3.153970441646
O          0.537866593584   -2.108534140939   -3.153970436004
O          2.108534140273    0.537866593683   -3.153970427198
O         -0.537866583250    2.108534143621   -3.153970426896
C         -2.943041398718    1.746901044253   -1.663184032325
C         -1.746901037680   -2.943041397663   -1.663184033436
C          2.943041403116   -1.746901034916   -1.663184032320
C          1.746901040924    2.943041405489   -1.663184031229
H         -3.835712930992    2.276616561363   -1.309615213149
H         -2.276616553572   -3.835712928927   -1.309615210393
H          3.835712935031   -2.276616553160   -1.309615215056
H          2.276616559481    3.835712939602   -1.309615218859
H         -2.890923019019    1.715970649692   -2.760197104035
H         -1.715970645054   -2.890923020757   -2.760197105389
H          2.890923022866   -1.715970635809   -2.760197104061
H          1.715970644206    2.890923018950   -2.760197102606
H         -4.621053270957    0.069907432661    0.004699226332
H         -0.069907419229   -4.621053270504    0.004699219538
H          4.621053292829   -0.069907420418    0.004699210192
H          0.069907434452    4.621053289388    0.004699213553
H         -4.023522777008   -2.274260343052    0.004711775130
H          2.274260353595   -4.023522765650    0.004711779249
H          4.023522785023    2.274260365909    0.004711771813
H         -2.274260354321    4.023522792156    0.004711760467
N         -2.965894336321    0.382116248560    1.228705893010
N         -0.382116240433   -2.965894348646    1.228705898320
N          2.965894383171   -0.382116230181    1.228705905910
N          0.382116238529    2.965894367177    1.228705898905
N         -2.421003658311   -1.756041283938    1.228836350960
N          1.756041284701   -2.421003641238    1.228836346275
N          2.421003673662    1.756041292907    1.228836353743
N         -1.756041291085    2.421003690486    1.228836357507
C         -2.317835726416   -0.591181564922    1.970290465061
C          0.591181568435   -2.317835724517    1.970290467283
C          2.317835829762    0.591181594642    1.970290498545
C         -0.591181593478    2.317835839295    1.970290497342
O         -2.031064241902   -0.518060666520    3.132124103027
O          0.518060679689   -2.031064247724    3.132124113070
O          2.031064311075    0.518060696510    3.132124120872
O         -0.518060692383    2.031064325539    3.132124126150
C         -2.934465655520    1.741819072517    1.661544893675
C         -1.741819062659   -2.934465657081    1.661544894070
C          2.934465664379   -1.741819058052    1.661544893677
C          1.741819067339    2.934465662626    1.661544892181
H         -3.833807675899    2.275512087097    1.329950674497
H         -2.275512089716   -3.833807672125    1.329950678654
H          3.833807673463   -2.275512090613    1.329950671805
H          2.275512090258    3.833807675006    1.329950664014
H         -2.859904610700    1.697536645073    2.756529367383
H         -1.697536637877   -2.859904603750    2.756529367343
H          2.859904616868   -1.697536641897    2.756529367167
H          1.697536649547    2.859904627024    2.756529366469
F         -0.000000347353   -0.000000654951    1.055157318272
   73
 SCF done    -152.14438457      0.00368515
C         -3.143798216062   -1.599545808724    0.008326536778
C          1.599545822137   -3.143798201411    0.008326538259
C          3.143798243595    1.599545836074    0.008326529662
C         -1.599545821576    3.143798255212    0.008326528670
C         -3.525692522622   -0.101390890683    0.008315709026
C          0.101390908591   -3.525692523058    0.008315708723
C          3.525692566498    0.101390918075    0.008315700776
C         -0.101390899968    3.525692563082    0.008315701505
N         -2.974674880746    0.380834589490   -1.232310106517
N         -0.380834577063   -2.974674878036   -1.232310107332
N          2.974674891810   -0.380834572073   -1.232310095994
N          0.380834587356    2.974674891881   -1.232310096009
N         -2.429280859934   -1.759152921576   -1.232382408533
N          1.759152933144   -2.429280850276   -1.232382408173
N          2.429280866018    1.759152937491   -1.232382396664
N         -1.759152925019    2.429280869618   -1.232382398298
C         -2.424688572469   -0.618443012883   -1.997790220666
C          0.618443022934   -2.424688565901   -1.997790219652
C          2.424688576893    0.618443027100   -1.997790208348
C         -0.618443015281    2.424688578585   -1.997790212607
O         -2.108662922272   -0.537878232898   -3.153300362040
O          0.537878246488   -2.108662913264   -3.153300360799
O          2.108662914364    0.537878247855   -3.153300345041
O         -0.537878231399    2.108662920457   -3.153300346185
C         -2.943303289701    1.747056564178   -1.662982567921
C         -1.747056551656   -2.943303286800   -1.662982570332
C          2.943303298429   -1.747056546701   -1.662982567939
C          1.747056558865    2.943303302767   -1.662982565559
H         -3.836050843123    2.276819517235   -1.309366946259
H         -2.276819503636   -3.836050837800   -1.309366941533
H          3.836050851113   -2.276819501451   -1.309366947491
H          2.276819514718    3.836050858263   -1.309366953118
H         -2.891307399155    1.716193245485   -2.760085518152
H         -1.716193234635   -2.891307402743   -2.760085520793
H          2.891307409758   -1.716193221026   -2.760085518191
H          1.716193235247    2.891307404443   -2.760085515353
H         -4.622097524973    0.068098892259    0.003600034248
H         -0.068098864150   -4.622097526731    0.003600023572
H          4.622097567896   -0.068098865951    0.003600000231
H          0.068098894368    4.622097563186    0.003600009696
H         -4.025296363032   -2.273184893745    0.003611357730
H          2.273184915230   -4.025296342413    0.003611369577
H          4.025296377006    2.273184938103    0.003611349143
H         -2.273184915818    4.025296394336    0.003611332452
N         -2.967828136421    0.382187955622    1.228650910175
N         -0.382187937962   -2.967828162123    1.228650920564
N          2.967828226963   -0.382187917802    1.228650934410
N          0.382187935063    2.967828197516    1.228650922725
N         -2.422670498110   -1.757035339967    1.228788476357
N          1.757035342173   -2.422670461225    1.228788465194
N          2.422670523695    1.757035356117    1.228788478396
N         -1.757035353455    2.422670559795    1.228788488485
C         -2.321670517821   -0.592155731685    1.970298148608
C          0.592155733972   -2.321670507437    1.970298147725
C          2.321670731662    0.592155790760    1.970298214289
C         -0.592155788889    2.321670746042    1.970298214806
O         -2.037380329112   -0.519651564592    3.132498377178
O          0.519651583400   -2.037380319612    3.132498376875
O          2.037380482800    0.519651626053    3.132498412735
O         -0.519651612840    2.037380501560    3.132498418656
C         -2.935624777124    1.742507539095    1.660295978732
C         -1.742507522451   -2.935624779648    1.660295980034
C          2.935624793376   -1.742507511785    1.660295978979
C          1.742507528808    2.935624790463    1.660295976993
H         -3.834741274745    2.276066457916    1.327494435415
H         -2.276066461276   -3.834741269280    1.327494446318
H          3.834741269392   -2.276066466349    1.327494433964
H          2.276066463440    3.834741273628    1.327494420139
H         -2.862006110136    1.698783203548    2.755357555706
H         -1.698783187356   -2.862006093944    2.755357555770
H          2.862006117195   -1.698783193914    2.755357555663
H          1.698783210321    2.862006135947    2.755357555158
F         -0.000000702728   -0.000001333735    1.083921724073
   73
 SCF done    -152.14438642      0.00099878
C         -3.143917532383   -1.599623847505    0.008495217669
C          1.599623897153   -3.143917480343    0.008495218151
C          3.143917619833    1.599623942594    0.008495200205
C         -1.599623900541    3.143917669237    0.008495199315
C         -3.525864174978   -0.101392206367    0.008485515173
C          0.101392272103   -3.525864181694    0.008485515243
C          3.525864329289    0.101392297856    0.008485498271
C         -0.101392238718    3.525864318926    0.008485497719
N         -2.974924404222    0.380831963640   -1.232302032270
N         -0.380831935516   -2.974924407452   -1.232302034172
N          2.974924440033   -0.380831904538   -1.232302010373
N          0.380831965121    2.974924444091   -1.232302004713
N         -2.429441766194   -1.759235408479   -1.232360097439
N          1.759235427551   -2.429441743254   -1.232360097636
N          2.429441778424    1.759235454233   -1.232360068454
N         -1.759235399352    2.429441804604   -1.232360074519
C         -2.424969327163   -0.618503556953   -1.997700358467
C          0.618503610743   -2.424969309686   -1.997700357474
C          2.424969358237    0.618503599820   -1.997700328503
C         -0.618503592850    2.424969361253   -1.997700332627
O         -2.109324520921   -0.538031523080   -3.153267474372
O          0.538031568116   -2.109324505409   -3.153267476079
O          2.109324516591    0.538031578978   -3.153267429063
O         -0.538031523459    2.109324534534   -3.153267427992
C         -2.943239929505    1.747023899553   -1.663081326847
C         -1.747023850509   -2.943239899052   -1.663081336374
C          2.943239954016   -1.747023848162   -1.663081328352
C          1.747023890089    2.943239973276   -1.663081313806
H         -3.836158476233    2.276915546075   -1.310031622494
H         -2.276915503777   -3.836158461477   -1.310031605560
H          3.836158504153   -2.276915492598   -1.310031621719
H          2.276915536892    3.836158523094   -1.310031638038
H         -2.890714413346    1.715847562781   -2.760161034149
H         -1.715847523182   -2.890714425881   -2.760161039291
H          2.890714454891   -1.715847486319   -2.760161034234
H          1.715847528824    2.890714442159   -2.760161029807
H         -4.622306820441    0.067750196902    0.003451234907
H         -0.067750103511   -4.622306824979    0.003451200944
H          4.622306955868   -0.067750107251    0.003451118430
H          0.067750201402    4.622306949978    0.003451152598
H         -4.025583084824   -2.273017866436    0.003460008503
H          2.273017938627   -4.025583023040    0.003460049759
H          4.025583132217    2.273018012608    0.003459972786
H         -2.273017939047    4.025583190619    0.003459928041
N         -2.968269540587    0.382159050854    1.228795348446
N         -0.382159009696   -2.968269629412    1.228795384328
N          2.968269827182   -0.382158923785    1.228795415939
N          0.382158992262    2.968269742467    1.228795375991
N         -2.423009620794   -1.757192012643    1.228912429252
N          1.757192003637   -2.423009500799    1.228912393925
N          2.423009697941    1.757192049925    1.228912419369
N         -1.757192034495    2.423009822013    1.228912457163
C         -2.321571747569   -0.592120450153    1.970114995193
C          0.592120471428   -2.321571704737    1.970114981978
C          2.321572457781    0.592120643490    1.970115202508
C         -0.592120660119    2.321572491850    1.970115214222
O         -2.036829902818   -0.519500069408    3.132149861093
O          0.519500125284   -2.036829860860    3.132149859507
O          2.036830416704    0.519500273802    3.132149985069
O         -0.519500214061    2.036830461705    3.132149987490
C         -2.935723846500    1.742570127565    1.660484350888
C         -1.742570067813   -2.935723855753    1.660484353229
C          2.935723905401   -1.742570027263    1.660484350846
C          1.742570080870    2.935723886730    1.660484344064
H         -3.834866871787    2.276169183201    1.327871231550
H         -2.276169191269   -3.834866851133    1.327871272973
H          3.834866852051   -2.276169213611    1.327871233833
H          2.276169205710    3.834866874409    1.327871189810
H         -2.861663466654    1.698587245506    2.755448096221
H         -1.698587190677   -2.861663411576    2.755448097758
H          2.861663483340   -1.698587208694    2.755448096585
H          1.698587263731    2.861663541163    2.755448095972
F         -0.000002337984   -0.000004431711    1.084941490582
   73
 SCF done    -152.14438708      0.00048101
C         -3.143915002786   -1.599656243444    0.008711426109
C          1.599656480143   -3.143914769407    0.008711433998
C          3.143915388557    1.599656696659    0.008711318663
C         -1.599656461282    3.143915608763    0.008711306315
C         -3.525920835970   -0.101379235509    0.008703901105
C          0.101379520534   -3.525920856347    0.008703900760
C          3.525921506221    0.101379650024    0.008703786062
C         -0.101379371953    3.525921490522    0.008703781256
N         -2.975085558123    0.380843807889   -1.232260405479
N         -0.380843577789   -2.975085557514   -1.232260418792
N          2.975085757289   -0.380843480785   -1.232260296754
N          0.380843741553    2.975085792584   -1.232260272249
N         -2.429491150843   -1.759271799838   -1.232297562948
N          1.759271960459   -2.429491043048   -1.232297542715
N          2.429491268593    1.759272047628   -1.232297408406
N         -1.759271833266    2.429491373249   -1.232297423797
C         -2.425296051733   -0.618571458694   -1.997624379796
C          0.618571659611   -2.425295991112   -1.997624375244
C          2.425296198559    0.618571687889   -1.997624252291
C         -0.618571536294    2.425296244802   -1.997624258155
O         -2.110014649186   -0.538186122857   -3.153293908264
O          0.538186337303   -2.110014584813   -3.153293925595
O          2.110014673092    0.538186395147   -3.153293744024
O         -0.538186141150    2.110014748024   -3.153293738784
C         -2.943110394916    1.746954535730   -1.663213152068
C         -1.746954345755   -2.943110297195   -1.663213183735
C          2.943110534328   -1.746954289558   -1.663213158996
C          1.746954500359    2.943110629903   -1.663213119811
H         -3.836206169699    2.276990605803   -1.310806729779
H         -2.276990396277   -3.836206091967   -1.310806679119
H          3.836206300725   -2.276990344134   -1.310806724769
H          2.276990558644    3.836206392559   -1.310806812040
H         -2.889960441921    1.715409188459   -2.760265095865
H         -1.715408988075   -2.889960480928   -2.760265135057
H          2.889960638966   -1.715408836479   -2.760265097843
H          1.715409037138    2.889960599350   -2.760265069572
H         -4.622415365676    0.067473728236    0.003378724919
H         -0.067473264405   -4.622415411616    0.003378571814
H          4.622416037135   -0.067473299248    0.003378168645
H          0.067473748029    4.622416007198    0.003378328604
H         -4.025718545942   -2.272881634964    0.003382680631
H          2.272881986871   -4.025718229507    0.003382873493
H          4.025718760562    2.272882349022    0.003382496164
H         -2.272882002978    4.025719050646    0.003382294277
N         -2.968598969224    0.382137708655    1.228984080090
N         -0.382137423043   -2.968599372785    1.228984249261
N          2.968600327680   -0.382137070529    1.228984404449
N          0.382137392078    2.968599930230    1.228984236164
N         -2.423218603462   -1.757288196233    1.229069918127
N          1.757288210843   -2.423218024093    1.229069729408
N          2.423218982349    1.757288403072    1.229069853805
N         -1.757288361369    2.423219550635    1.229070054805
C         -2.321348126911   -0.592050181942    1.969975376516
C          0.592050250298   -2.321347919935    1.969975323731
C          2.321351452835    0.592051121149    1.969976334901
C         -0.592051100731    2.321351644781    1.969976386443
O         -2.036107065248   -0.519302124792    3.131858544545
O          0.519302395916   -2.036106849730    3.131858507538
O          2.036109486542    0.519303096658    3.131859078704
O         -0.519302806845    2.036109704061    3.131859105425
C         -2.935728818281    1.742578899904    1.660758714996
C         -1.742578659208   -2.935728860137    1.660758740779
C          2.935729069281   -1.742578483419    1.660758723280
C          1.742578706581    2.935729032238    1.660758691402
H         -3.834884753637    2.276219849815    1.328359159033
H         -2.276219875612   -3.834884672696    1.328359376144
H          3.834884679669   -2.276219959854    1.328359176955
H          2.276219933985    3.834884758147    1.328358987408
H         -2.861183153039    1.698313248223    2.755633379950
H         -1.698312964221   -2.861182888462    2.755633406488
H          2.861183242516   -1.698313031819    2.755633380763
H          1.698313311059    2.861183495970    2.755633363287
F         -0.000011269455   -0.000021378232    1.083778103405
   73
 SCF done    -152.14438714      0.00017876
C         -3.143865780746   -1.599641457079    0.008747368782
C          1.599642204911   -3.143865023637    0.008747420788
C          3.143867235885    1.599642952083    0.008746991082
C         -1.599642195065    3.143867980770    0.008746937453
C         -3.525890243145   -0.101375130988    0.008741807977
C          0.101376083929   -3.525890321617    0.008741800506
C          3.525892621378    0.101376588137    0.008741366553
C         -0.101375631704    3.525892556087    0.008741376173
N         -2.975087935705    0.380855584650   -1.232246476842
N         -0.380854819162   -2.975087898207   -1.232246534681
N          2.975088643990   -0.380854572616   -1.232246112458
N          0.380855357666    2.975088726915   -1.232246052534
N         -2.429448204786   -1.759258946666   -1.232274723631
N          1.759259599981   -2.429447816192   -1.232274690350
N          2.429448588746    1.759259857090   -1.232274268370
N         -1.759259164219    2.429448964586   -1.232274288794
C         -2.425378702060   -0.618585359879   -1.997619782300
C          0.618585938602   -2.425378516576   -1.997619798092
C          2.425379188463    0.618586127581   -1.997619360038
C         -0.618585564330    2.425379366382   -1.997619344367
O         -2.110167098748   -0.538214179512   -3.153325804856
O          0.538214945851   -2.110166868977   -3.153325830954
O          2.110167191620    0.538215110304   -3.153325159287
O         -0.538214283378    2.110167427651   -3.153325137725
C         -2.943060769038    1.746928957963   -1.663268764318
C         -1.746928271414   -2.943060537067   -1.663268885613
C          2.943061257732   -1.746928041647   -1.663268778485
C          1.746928754458    2.943061493045   -1.663268659988
H         -3.836200772438    2.277009473310   -1.311040718193
H         -2.277008744590   -3.836200457537   -1.311040495912
H          3.836201207629   -2.277008599364   -1.311040688737
H          2.277009345186    3.836201556319   -1.311040945956
H         -2.889741367357    1.715283204455   -2.760313374569
H         -1.715282529018   -2.889741536302   -2.760313503182
H          2.889742050523   -1.715281997142   -2.760313383521
H          1.715282670663    2.889741889511   -2.760313259346
H         -4.622407307341    0.067438921385    0.003392125700
H         -0.067437356269   -4.622407465163    0.003391586116
H          4.622409609514   -0.067437455059    0.003390213364
H          0.067438997966    4.622409471717    0.003390773596
H         -4.025686762221   -2.272871157932    0.003392061810
H          2.272872345435   -4.025685701199    0.003392740727
H          4.025687489178    2.272873566739    0.003391443546
H         -2.272872387855    4.025688519266    0.003390757683
N         -2.968628711006    0.382141088850    1.229032505016
N         -0.382140117852   -2.968630112248    1.229033079475
N          2.968633477586   -0.382139006480    1.229033641375
N          0.382139998168    2.968632079494    1.229033075933
N         -2.423202816557   -1.757285759231    1.229103286819
N          1.757285859263   -2.423200785775    1.229102656189
N          2.423204102556    1.757286540849    1.229103156822
N         -1.757286419089    2.423206116856    1.229103791762
C         -2.321322138529   -0.592038350161    1.969978271811
C          0.592038446401   -2.321321455796    1.969978096192
C          2.321333717693    0.592041560268    1.969981629589
C         -0.592041497856    2.321334394327    1.969981805142
O         -2.036013948449   -0.519273011956    3.131851561578
O          0.519273927546   -2.036013217648    3.131851452266
O          2.036022397619    0.519276346095    3.131853466935
O         -0.519275405166    2.036023144624    3.131853571304
C         -2.935702236070    1.742566509516    1.660824192037
C         -1.742565651735   -2.935702381673    1.660824321930
C          2.935703090520   -1.742565027941    1.660824208316
C          1.742565864975    2.935702948872    1.660824084223
H         -3.834860952564    2.276223423052    1.328476848034
H         -2.276223568206   -3.834860707454    1.328477543500
H          3.834860666354   -2.276223867871    1.328476905207
H          2.276223730151    3.834860921377    1.328476245413
H         -2.861078145834    1.698256472975    2.755692483538
H         -1.698255527954   -2.861077248598    2.755692543226
H          2.861078421561   -1.698255772989    2.755692486555
H          1.698256713908    2.861079300472    2.755692434813
F         -0.000038716153   -0.000073397396    1.083418214909
