   73
 SCF done    -148.63034224      0.00000000
C         -3.198588428441   -1.630339198967    0.000000000000
C          1.630339198967   -3.198588428441    0.000000000000
C          3.198588428441    1.630339198967    0.000000000000
C         -1.630339198967    3.198588428441    0.000000000000
C         -3.588798236719   -0.100559950592    0.000000000000
C          0.100559950592   -3.588798236719    0.000000000000
C          3.588798236719    0.100559950592    0.000000000000
C         -0.100559950592    3.588798236719    0.000000000000
N         -3.030028511259    0.384739810966   -1.240509390502
N         -0.384739810966   -3.030028511259   -1.240509390502
N          3.030028511259   -0.384739810966   -1.240509390502
N          0.384739810966    3.030028511259    1.240509390502
N         -3.030028511259    0.384739810966    1.240509390502
N         -0.384739810966   -3.030028511259    1.240509390502
N          3.030028511259   -0.384739810966    1.240509390502
N          0.384739810966    3.030028511259   -1.240509390502
N         -2.475778783578   -1.788969121028   -1.240819390349
N          1.788969121028   -2.475778783578   -1.240819390349
N          2.475778783578    1.788969121028   -1.240819390349
N         -1.788969121028    2.475778783578    1.240819390349
N         -2.475778783578   -1.788969121028    1.240819390349
N          1.788969121028   -2.475778783578    1.240819390349
N          2.475778783578    1.788969121028    1.240819390349
N         -1.788969121028    2.475778783578   -1.240819390349
C         -2.481808780615   -0.632799689087   -2.022119006474
C          0.632799689087   -2.481808780615   -2.022119006474
C          2.481808780615    0.632799689087   -2.022119006474
C         -0.632799689087    2.481808780615    2.022119006474
C         -2.481808780615   -0.632799689087    2.022119006474
C          0.632799689087   -2.481808780615    2.022119006474
C          2.481808780615    0.632799689087    2.022119006474
C         -0.632799689087    2.481808780615   -2.022119006474
O         -2.118718959012   -0.539699734830   -3.170538442223
O          0.539699734830   -2.118718959012   -3.170538442223
O          2.118718959012    0.539699734830   -3.170538442223
O         -0.539699734830    2.118718959012    3.170538442223
O         -2.118718959012   -0.539699734830    3.170538442223
O          0.539699734830   -2.118718959012    3.170538442223
O          2.118718959012    0.539699734830    3.170538442223
O         -0.539699734830    2.118718959012   -3.170538442223
C         -2.975108538243    1.765859132382   -1.672269178366
C         -1.765859132382   -2.975108538243   -1.672269178366
C          2.975108538243   -1.765859132382   -1.672269178366
C          1.765859132382    2.975108538243    1.672269178366
C         -2.975108538243    1.765859132382    1.672269178366
C         -1.765859132382   -2.975108538243    1.672269178366
C          2.975108538243   -1.765859132382    1.672269178366
C          1.765859132382    2.975108538243   -1.672269178366
H         -3.866598100228    2.295168872317   -1.316549353141
H         -2.295168872317   -3.866598100228   -1.316549353141
H          3.866598100228   -2.295168872317   -1.316549353141
H          2.295168872317    3.866598100228    1.316549353141
H         -3.866598100228    2.295168872317    1.316549353141
H         -2.295168872317   -3.866598100228    1.316549353141
H          3.866598100228   -2.295168872317    1.316549353141
H          2.295168872317    3.866598100228   -1.316549353141
H         -2.958898546207    1.755439137502   -2.765508641225
H         -1.755439137502   -2.958898546207   -2.765508641225
H          2.958898546207   -1.755439137502   -2.765508641225
H          1.755439137502    2.958898546207    2.765508641225
H         -2.958898546207    1.755439137502    2.765508641225
H         -1.755439137502   -2.958898546207    2.765508641225
H          2.958898546207   -1.755439137502    2.765508641225
H          1.755439137502    2.958898546207   -2.765508641225
H         -4.678987701078    0.051369974760    0.000000000000
H         -0.051369974760   -4.678987701078    0.000000000000
H          4.678987701078   -0.051369974760    0.000000000000
H          0.051369974760    4.678987701078    0.000000000000
H         -4.083017993895   -2.285618877009    0.000000000000
H          2.285618877009   -4.083017993895    0.000000000000
H          4.083017993895    2.285618877009    0.000000000000
H         -2.285618877009    4.083017993895    0.000000000000
HE         0.000000000000    0.000000000000    0.000000000000
   73
 SCF done    -148.64377215      0.09161860
C         -3.182580119134   -1.618892374341    0.000000002698
C          1.618892374361   -3.182580116603   -0.000000006539
C          3.182580118288    1.618892373852   -0.000000002798
C         -1.618892377025    3.182580115523    0.000000005443
C         -3.569166927242   -0.103034997956   -0.000000003021
C          0.103034992337   -3.569166925313   -0.000000007194
C          3.569166926429    0.103034994945    0.000000002918
C         -0.103034995382    3.569166925177    0.000000006114
N         -3.000727393348    0.385908551780   -1.229314156376
N         -0.385908582820   -3.000727410703   -1.229314132959
N          3.000727410511   -0.385908627868   -1.229314148067
N          0.385908592177    3.000727410834    1.229314136347
N         -3.000727409763    0.385908634842    1.229314151198
N         -0.385908593409   -3.000727402546    1.229314149380
N          3.000727393939   -0.385908544618    1.229314153486
N          0.385908603763    3.000727404994   -1.229314147887
N         -2.449508321354   -1.775964525522   -1.229532553896
N          1.775964492846   -2.449508341954   -1.229532536538
N          2.449508346138    1.775964448938   -1.229532557635
N         -1.775964478491    2.449508344829    1.229532541792
N         -2.449508345811   -1.775964443603    1.229532561497
N          1.775964505081   -2.449508328328    1.229532551145
N          2.449508321481    1.775964531286    1.229532550169
N         -1.775964493384    2.449508332615   -1.229532551396
C         -2.456641176415   -0.626454594513   -2.004677924908
C          0.626454638599   -2.456641142752   -2.004677986562
C          2.456641146665    0.626454702974   -2.004677930498
C         -0.626454655797    2.456641144574    2.004677968911
C         -2.456641148296   -0.626454711603    2.004677920078
C          0.626454635758   -2.456641153289    2.004677961651
C          2.456641174881    0.626454585363    2.004677935416
C         -0.626454650898    2.456641149234   -2.004677961992
O         -2.115447007832   -0.539090708515   -3.147785026796
O          0.539090702761   -2.115447022221   -3.147784988763
O          2.115447013899    0.539090689233   -3.147785023436
O         -0.539090699085    2.115447019474    3.147784999818
O         -2.115447012191   -0.539090687332    3.147785029862
O          0.539090702379   -2.115447017104    3.147785003218
O          2.115447009551    0.539090710515    3.147785020255
O         -0.539090699700    2.115447017867   -3.147785003054
C         -2.966913924539    1.761044023700   -1.662690360657
C         -1.761044019971   -2.966913910294   -1.662690357163
C          2.966913927372   -1.761043988495   -1.662690356894
C          1.761044016351    2.966913908926    1.662690355671
C         -2.966913932766    1.761043982837    1.662690356100
C         -1.761043996264   -2.966913943045    1.662690361013
C          2.966913919671   -1.761044029581    1.662690360686
C          1.761043992439    2.966913941488   -1.662690360393
H         -3.860109545142    2.291292471705   -1.308364483469
H         -2.291292472906   -3.860109547978   -1.308364482484
H          3.860109547477   -2.291292474297   -1.308364482392
H          2.291292473351    3.860109548435    1.308364482329
H         -3.860109547026    2.291292474281    1.308364482580
H         -2.291292472208   -3.860109544358    1.308364483606
H          3.860109545494   -2.291292471610    1.308364483375
H          2.291292472655    3.860109544903   -1.308364483377
H         -2.934486579090    1.741407708761   -2.758733527032
H         -1.741407709316   -2.934486579799   -2.758733527990
H          2.934486579143   -1.741407710578   -2.758733528057
H          1.741407709431    2.934486579925    2.758733528344
H         -2.934486578827    1.741407710865    2.758733528193
H         -1.741407710322   -2.934486578023    2.758733526920
H          2.934486579330   -1.741407708501    2.758733527044
H          1.741407710507    2.934486578147   -2.758733527099
H         -4.663910516873    0.051329208543    0.000000000637
H         -0.051329208385   -4.663910517085    0.000000000321
H          4.663910516969   -0.051329208410   -0.000000000633
H          0.051329208571    4.663910517216   -0.000000000293
H         -4.069737239718   -2.278608632949   -0.000000000644
H          2.278608633262   -4.069737239997    0.000000000325
H          4.069737239873    2.278608633117    0.000000000652
H         -2.278608633008    4.069737239986   -0.000000000300
HE        -0.000000000001    0.000000000000    0.000000000000
   73
 SCF done    -148.64742463      0.03085048
C         -3.169866694480   -1.609578286131   -0.000000002173
C          1.609578287157   -3.169866688553   -0.000000007616
C          3.169866694019    1.609578288170    0.000000001917
C         -1.609578287456    3.169866686244    0.000000006351
C         -3.553518398618   -0.105144237437    0.000000001656
C          0.105144232095   -3.553518389517   -0.000000008587
C          3.553518395915    0.105144235798   -0.000000002100
C         -0.105144233967    3.553518393358    0.000000007357
N         -2.974332033062    0.385338593958   -1.219634865571
N         -0.385338615012   -2.974332047306   -1.219634841053
N          2.974332050146   -0.385338656009   -1.219634856556
N          0.385338624202    2.974332051164    1.219634846110
N         -2.974332049847    0.385338661577    1.219634862346
N         -0.385338629038   -2.974332032136    1.219634859861
N          2.974332032197   -0.385338588406    1.219634863384
N          0.385338637626    2.974332037134   -1.219634859448
N         -2.426602508744   -1.762802828699   -1.219742939657
N          1.762802799924   -2.426602526196   -1.219742922169
N          2.426602526247    1.762802763506   -1.219742942609
N         -1.762802787017    2.426602526786    1.219742927171
N         -2.426602523911   -1.762802759215    1.219742947462
N          1.762802807473   -2.426602506822    1.219742938775
N          2.426602510383    1.762802832090    1.219742938337
N         -1.762802796895    2.426602508124   -1.219742938146
C         -2.440950168317   -0.622522308476   -1.995729626189
C          0.622522363780   -2.440950137173   -1.995729696989
C          2.440950130846    0.622522442736   -1.995729635080
C         -0.622522385349    2.440950138910    1.995729678052
C         -2.440950134462   -0.622522452390    1.995729618839
C          0.622522360685   -2.440950138005    1.995729675212
C          2.440950169539    0.622522299947    1.995729635349
C         -0.622522378591    2.440950133387   -1.995729671782
O         -2.104392691193   -0.536530847222   -3.138003337197
O          0.536530826713   -2.104392730113   -3.138003376003
O          2.104392707147    0.536530785250   -3.138003338614
O         -0.536530817059    2.104392727875    3.138003366499
O         -2.104392708276   -0.536530782588    3.138003337820
O          0.536530826817   -2.104392715781    3.138003365398
O          2.104392695343    0.536530851328    3.138003346813
O         -0.536530817956    2.104392714676   -3.138003365350
C         -2.955315683726    1.754201459880   -1.655486217074
C         -1.754201455769   -2.955315670668   -1.655486207368
C          2.955315693757   -1.754201411828   -1.655486207148
C          1.754201450967    2.955315669956    1.655486207159
C         -2.955315701909    1.754201402875    1.655486208558
C         -1.754201414925   -2.955315711627    1.655486217992
C          2.955315676660   -1.754201468359    1.655486216505
C          1.754201410119    2.955315710802   -1.655486217014
H         -3.848602020296    2.284424136520   -1.303091567159
H         -2.284424145436   -3.848602029698   -1.303091587551
H          3.848602025476   -2.284424153260   -1.303091589363
H          2.284424145677    3.848602031394    1.303091592810
H         -3.848602021880    2.284424156588    1.303091588132
H         -2.284424150302   -3.848602009731    1.303091564095
H          3.848602022218   -2.284424134135    1.303091568188
H          2.284424152333    3.848602011271   -1.303091568954
H         -2.911373140393    1.728034585889   -2.753355511563
H         -1.728034583050   -2.911373131840   -2.753355504527
H          2.911373129708   -1.728034584904   -2.753355504632
H          1.728034581271    2.911373129687    2.753355505915
H         -2.911373128298    1.728034585860    2.753355507080
H         -1.728034593854   -2.911373136698    2.753355512358
H          2.911373140942   -1.728034584887    2.753355511099
H          1.728034592926    2.911373135276   -2.753355511656
H         -4.649537132631    0.060289237044    0.000000011952
H         -0.060289227118   -4.649537128832    0.000000005905
H          4.649537131174   -0.060289236021   -0.000000011767
H          0.060289225998    4.649537132894   -0.000000005108
H         -4.052781419290   -2.279696430649   -0.000000011238
H          2.279696419371   -4.052781427929    0.000000006120
H          4.052781423445    2.279696429151    0.000000011550
H         -2.279696421952    4.052781422254   -0.000000005465
HE        -0.000000000219   -0.000000000117    0.000000000349
   73
 SCF done    -148.64770402      0.01362702
C         -3.164997861809   -1.607250936530   -0.000000003932
C          1.607250938950   -3.164997859506   -0.000000006372
C          3.164997861284    1.607250938369    0.000000003015
C         -1.607250937856    3.164997857506    0.000000004822
C         -3.548132578304   -0.104839616856    0.000000002885
C          0.104839614256   -3.548132573301   -0.000000007028
C          3.548132576114    0.104839616644   -0.000000003946
C         -0.104839614615    3.548132576612    0.000000005672
N         -2.966166267461    0.385132474893   -1.217933672570
N         -0.385132483127   -2.966166277756   -1.217933654392
N          2.966166276559   -0.385132504414   -1.217933662963
N          0.385132486630    2.966166282156    1.217933659902
N         -2.966166278137    0.385132507683    1.217933665704
N         -0.385132491892   -2.966166261958    1.217933666092
N          2.966166265676   -0.385132471589    1.217933671409
N          0.385132494983    2.966166266765   -1.217933665980
N         -2.419516760097   -1.758697566545   -1.217989903798
N          1.758697552367   -2.419516773450   -1.217989894771
N          2.419516766775    1.758697534600   -1.217989908074
N         -1.758697546671    2.419516771695    1.217989898047
N         -2.419516765738   -1.758697531769    1.217989910103
N          1.758697553984   -2.419516755828    1.217989904415
N          2.419516761427    1.758697568495    1.217989903619
N         -1.758697548679    2.419516754552   -1.217989902173
C         -2.434781370035   -0.620969720902   -1.995192700228
C          0.620969761127   -2.434781366657   -1.995192740888
C          2.434781345431    0.620969807565   -1.995192705980
C         -0.620969773463    2.434781367718    1.995192727992
C         -2.434781347526   -0.620969813744    1.995192700208
C          0.620969758734   -2.434781362585    1.995192727822
C          2.434781373620    0.620969716633    1.995192703002
C         -0.620969768071    2.434781356812   -1.995192728349
O         -2.098308388035   -0.535087904717   -3.139212924263
O          0.535087876954   -2.098308446361   -3.139212958025
O          2.098308410381    0.535087817286   -3.139212927082
O         -0.535087864686    2.098308445465    3.139212953367
O         -2.098308413837   -0.535087813616    3.139212920525
O          0.535087876344   -2.098308427826    3.139212953676
O          2.098308392479    0.535087910239    3.139212930277
O         -0.535087864136    2.098308423942   -3.139212947510
C         -2.951082865828    1.751697620407   -1.656598347440
C         -1.751697616401   -2.951082859060   -1.656598342254
C          2.951082876775   -1.751697584049   -1.656598342654
C          1.751697613831    2.951082859521    1.656598343569
C         -2.951082882919    1.751697576712    1.656598343493
C         -1.751697582989   -2.951082888583    1.656598347320
C          2.951082861268   -1.751697626550    1.656598347145
C          1.751697579572    2.951082888965   -1.656598347796
H         -3.844683213428    2.282088103880   -1.306876323479
H         -2.282088113110   -3.844683221722   -1.306876353934
H          3.844683220105   -2.282088117404   -1.306876357457
H          2.282088113765    3.844683223699    1.306876360865
H         -3.844683217261    2.282088120816    1.306876354204
H         -2.282088115995   -3.844683204142    1.306876319312
H          3.844683215246   -2.282088101313    1.306876325360
H          2.282088117578    3.844683205962   -1.306876326183
H         -2.902479842286    1.722824356886   -2.754387688482
H         -1.722824344683   -2.902479825368   -2.754387684169
H          2.902479823343   -1.722824344751   -2.754387684814
H          1.722824342544    2.902479821967    2.754387686569
H         -2.902479823752    1.722824345997    2.754387686429
H         -1.722824357769   -2.902479844128    2.754387688460
H          2.902479842084   -1.722824355608    2.754387688447
H          1.722824356007    2.902479841361   -2.754387688948
H         -4.643171792908    0.066377256069    0.000000009711
H         -0.066377251937   -4.643171791408    0.000000007182
H          4.643171791437   -0.066377255205   -0.000000009502
H          0.066377248534    4.643171795275   -0.000000006605
H         -4.044293811053   -2.281972066037   -0.000000009221
H          2.281972059526   -4.044293819316    0.000000006707
H          4.044293814006    2.281972064335    0.000000009498
H         -2.281972062430    4.044293813335   -0.000000006489
HE        -0.000000000775   -0.000000000264    0.000000000924
   73
 SCF done    -148.64772861      0.00343033
C         -3.164811426070   -1.607353510316   -0.000000002310
C          1.607353512488   -3.164811425117   -0.000000003528
C          3.164811425440    1.607353512007    0.000000001495
C         -1.607353511173    3.164811424057    0.000000002666
C         -3.548020282189   -0.104655746919    0.000000001525
C          0.104655745672   -3.548020279460   -0.000000003778
C          3.548020280469    0.104655746564   -0.000000002409
C         -0.104655745631    3.548020281539    0.000000003102
N         -2.965320130726    0.384960993403   -1.217878242016
N         -0.384960995898   -2.965320135698   -1.217878229041
N          2.965320132544   -0.384961007328   -1.217878230635
N          0.384960997488    2.965320139772    1.217878232575
N         -2.965320134717    0.384961008934    1.217878231570
N         -0.384961001589   -2.965320123350    1.217878234360
N          2.965320128950   -0.384960992148    1.217878240752
N          0.384961003242    2.965320126499   -1.217878235132
N         -2.418839320403   -1.758134574908   -1.217912838032
N          1.758134569096   -2.418839330051   -1.217912836694
N          2.418839323827    1.758134560742   -1.217912846466
N         -1.758134565775    2.418839328906    1.217912838543
N         -2.418839323729   -1.758134558951    1.217912846948
N          1.758134568784   -2.418839316310    1.217912840614
N          2.418839321031    1.758134576905    1.217912837338
N         -1.758134565113    2.418839314410   -1.217912839331
C         -2.434029287941   -0.620780022669   -1.995458438274
C          0.620780047465   -2.434029297409   -1.995458456536
C          2.434029274709    0.620780069153   -1.995458439767
C         -0.620780053470    2.434029298163    1.995458450279
C         -2.434029276038   -0.620780072539    1.995458439533
C          0.620780045144   -2.434029291394    1.995458452483
C          2.434029290565    0.620780020744    1.995458440003
C         -0.620780049322    2.434029286972   -1.995458451372
O         -2.096049726286   -0.534548178586   -3.139429007710
O          0.534548153705   -2.096049784346   -3.139429031435
O          2.096049746314    0.534548096847   -3.139429009724
O         -0.534548143400    2.096049783959    3.139429026989
O         -2.096049752428   -0.534548093977    3.139429010010
O          0.534548152058   -2.096049767076    3.139429024307
O          2.096049730744    0.534548183859    3.139429009334
O         -0.534548141630    2.096049762436   -3.139429024198
C         -2.950082360861    1.751103605913   -1.657996752938
C         -1.751103602633   -2.950082355715   -1.657996750916
C          2.950082367443   -1.751103582496   -1.657996751594
C          1.751103600980    2.950082356773    1.657996752890
C         -2.950082371016    1.751103577884    1.657996751671
C         -1.751103582049   -2.950082375421    1.657996752403
C          2.950082358184   -1.751103610209    1.657996753501
C          1.751103580180    2.950082375989   -1.657996753436
H         -3.844264592961    2.281842157652   -1.310777566036
H         -2.281842162634   -3.844264597675   -1.310777594145
H          3.844264598248   -2.281842163173   -1.310777597479
H          2.281842163446    3.844264598979    1.310777599964
H         -3.844264596612    2.281842165575    1.310777594391
H         -2.281842162482   -3.844264588986    1.310777562490
H          3.844264594401   -2.281842155563    1.310777567988
H          2.281842163399    3.844264590131   -1.310777568656
H         -2.899191453895    1.720881465008   -2.755485664799
H         -1.720881448041   -2.899191432405   -2.755485662576
H          2.899191432154   -1.720881444827   -2.755485663391
H          1.720881446137    2.899191428542    2.755485664728
H         -2.899191433824    1.720881445854    2.755485663552
H         -1.720881459328   -2.899191460170    2.755485664275
H          2.899191452937   -1.720881463598    2.755485665500
H          1.720881457314    2.899191456764   -2.755485665459
H         -4.642288195889    0.068766867502    0.000000003852
H         -0.068766866210   -4.642288194855    0.000000005769
H          4.642288194665   -0.068766867401   -0.000000003624
H          0.068766863823    4.642288197500   -0.000000005576
H         -4.042388616183   -2.283629912760   -0.000000003601
H          2.283629909881   -4.042388621047    0.000000005318
H          4.042388617746    2.283629911984    0.000000003727
H         -2.283629911425    4.042388617278   -0.000000005192
HE        -0.000000001104   -0.000000000346    0.000000001363
   73
 SCF done    -148.64773503      0.00122313
C         -3.165111806481   -1.607602651922   -0.000000000249
C          1.607602653065   -3.165111805266   -0.000000000982
C          3.165111805690    1.607602652868   -0.000000000436
C         -1.607602651880    3.165111804907    0.000000000598
C         -3.548407181067   -0.104582127643   -0.000000000192
C          0.104582127257   -3.548407178669   -0.000000000914
C          3.548407179608    0.104582127370   -0.000000000523
C         -0.104582126883    3.548407180084    0.000000000616
N         -2.965431066265    0.384888887173   -1.217940955822
N         -0.384888887188   -2.965431065800   -1.217940947562
N          2.965431061259   -0.384888891853   -1.217940943301
N          0.384888887712    2.965431068929    1.217940948657
N         -2.965431063075    0.384888892263    1.217940942928
N         -0.384888890369   -2.965431056291    1.217940948103
N          2.965431064504   -0.384888886746    1.217940954645
N          0.384888891084    2.965431058704   -1.217940948727
N         -2.418952305685   -1.758116628062   -1.217960237353
N          1.758116627659   -2.418952312889   -1.217960242055
N          2.418952309793    1.758116625653   -1.217960248659
N         -1.758116626392    2.418952311971    1.217960242500
N         -2.418952310066   -1.758116624858    1.217960247993
N          1.758116626139   -2.418952302324    1.217960241540
N          2.418952305666    1.758116629078    1.217960236492
N         -1.758116624401    2.418952300756   -1.217960240875
C         -2.433657022889   -0.620682864222   -1.995430050766
C          0.620682875998   -2.433657038225   -1.995430056914
C          2.433657017891    0.620682879672   -1.995430050812
C         -0.620682877003    2.433657037577    1.995430055363
C         -2.433657019144   -0.620682880801    1.995430051953
C          0.620682873326   -2.433657028915    1.995430056087
C          2.433657023897    0.620682863822    1.995430052195
C         -0.620682874147    2.433657026850   -1.995430055131
O         -2.094686383058   -0.534220813024   -3.139144675076
O          0.534220796687   -2.094686432023   -3.139144687879
O          2.094686396859    0.534220754158   -3.139144674217
O         -0.534220789893    2.094686430564    3.139144685743
O         -2.094686401669   -0.534220752199    3.139144676133
O          0.534220794351   -2.094686415910    3.139144684770
O          2.094686386490    0.534220816762    3.139144675788
O         -0.534220787821    2.094686412302   -3.139144682813
C         -2.949693675293    1.750872796823   -1.659110661274
C         -1.750872794362   -2.949693671152   -1.659110661438
C          2.949693676641   -1.750872785546   -1.659110662453
C          1.750872794018    2.949693671771    1.659110662930
C         -2.949693678106    1.750872783580    1.659110661777
C         -1.750872786469   -2.949693681353    1.659110660447
C          2.949693674231   -1.750872798472    1.659110661663
C          1.750872785778    2.949693681907   -1.659110662111
H         -3.844507712115    2.281992763589   -1.314194595944
H         -2.281992764280   -3.844507714196   -1.314194617366
H          3.844507715871   -2.281992762589   -1.314194619846
H          2.281992765084    3.844507715148    1.314194621541
H         -3.844507714826    2.281992764375    1.314194617647
H         -2.281992761983   -3.844507712489    1.314194593473
H          3.844507713288   -2.281992762271    1.314194597564
H          2.281992762878    3.844507712892   -1.314194597987
H         -2.896668266578    1.719390705123   -2.756357949306
H         -1.719390688226   -2.896668244618   -2.756357948659
H          2.896668245815   -1.719390682866   -2.756357949581
H          1.719390686518    2.896668241192    2.756357949784
H         -2.896668247700    1.719390683426    2.756357948757
H         -1.719390697165   -2.896668273840    2.756357948609
H          2.896668265488   -1.719390703919    2.756357949786
H          1.719390695188    2.896668270837   -2.756357950172
H         -4.642271270201    0.069514430249   -0.000000000808
H         -0.069514430226   -4.642271268295    0.000000004137
H          4.642271269008   -0.069514430206    0.000000000726
H          0.069514429336    4.642271269966   -0.000000004111
H         -4.042017864275   -2.284273885958    0.000000000767
H          2.284273884761   -4.042017865624    0.000000003899
H          4.042017864988    2.284273885432   -0.000000000986
H         -2.284273885436    4.042017863649   -0.000000003672
HE        -0.000000001208   -0.000000000385    0.000000001364
   73
 SCF done    -148.64773651      0.00070032
C         -3.165306679836   -1.607716557979    0.000000001622
C          1.607716556515   -3.165306679282    0.000000001241
C          3.165306679272    1.607716557643   -0.000000001018
C         -1.607716557484    3.165306677947   -0.000000000889
C         -3.548637702767   -0.104578758665   -0.000000002031
C          0.104578758091   -3.548637700513    0.000000001640
C          3.548637701668    0.104578757372    0.000000002679
C         -0.104578758771    3.548637700992   -0.000000001487
N         -2.965666534930    0.384886081398   -1.217959657680
N         -0.384886077224   -2.965666528656   -1.217959656838
N          2.965666523592   -0.384886078739   -1.217959649999
N          0.384886082988    2.965666532739    1.217959654851
N         -2.965666526266    0.384886083532    1.217959646844
N         -0.384886077606   -2.965666520954    1.217959654417
N          2.965666533747   -0.384886076900    1.217959654972
N          0.384886083016    2.965666524164   -1.217959653020
N         -2.419145445286   -1.758220167409   -1.217971145759
N          1.758220173666   -2.419145448926   -1.217971154504
N          2.419145450762    1.758220171648   -1.217971157048
N         -1.758220167711    2.419145451134    1.217971153055
N         -2.419145452178   -1.758220170003    1.217971154283
N          1.758220169622   -2.419145440952    1.217971151838
N          2.419145444817    1.758220171659    1.217971142609
N         -1.758220163763    2.419145442064   -1.217971150509
C         -2.433560936856   -0.620654938662   -1.995282598025
C          0.620654937875   -2.433560955914   -1.995282593212
C          2.433560939268    0.620654936032   -1.995282589894
C         -0.620654944514    2.433560950906    1.995282598876
C         -2.433560935945   -0.620654939498    1.995282599696
C          0.620654936011   -2.433560946668    1.995282587027
C          2.433560936323    0.620654933013    1.995282605672
C         -0.620654942288    2.433560942262   -1.995282591360
O         -2.094217427706   -0.534108005204   -3.138816212073
O          0.534107998819   -2.094217464304   -3.138816226855
O          2.094217433843    0.534107971479   -3.138816216537
O         -0.534107993976    2.094217463340    3.138816222636
O         -2.094217438200   -0.534107970002    3.138816211706
O          0.534107995250   -2.094217447091    3.138816226595
O          2.094217431239    0.534108008660    3.138816208959
O         -0.534107991121    2.094217446521   -3.138816222676
C         -2.949542812175    1.750784094732   -1.659611140154
C         -1.750784094439   -2.949542808434   -1.659611140541
C          2.949542807858   -1.750784094038   -1.659611140370
C          1.750784092970    2.949542807175    1.659611141281
C         -2.949542810428    1.750784090287    1.659611140667
C         -1.750784094904   -2.949542812508    1.659611139663
C          2.949542809779   -1.750784097981    1.659611140495
C          1.750784093142    2.949542812196   -1.659611140085
H         -3.844703415604    2.282115508449   -1.315929131409
H         -2.282115507338   -3.844703416566   -1.315929146408
H          3.844703418569   -2.282115505214   -1.315929147850
H          2.282115508249    3.844703417448    1.315929148985
H         -3.844703417864    2.282115506386    1.315929146646
H         -2.282115504550   -3.844703417437    1.315929129984
H          3.844703416533   -2.282115507462    1.315929132550
H          2.282115505411    3.844703417859   -1.315929132572
H         -2.895245664684    1.718552119480   -2.756752870847
H         -1.718552106616   -2.895245646648   -2.756752871077
H          2.895245648537   -1.718552101258   -2.756752871845
H          1.718552105508    2.895245644356    2.756752871614
H         -2.895245649799    1.718552101597    2.756752870917
H         -1.718552113127   -2.895245670148    2.756752870302
H          2.895245664056   -1.718552118510    2.756752871102
H          1.718552111736    2.895245668251   -2.756752871538
H         -4.642458049506    0.069391786532   -0.000000001640
H         -0.069391787071   -4.642458046660    0.000000002935
H          4.642458048513   -0.069391786558    0.000000001394
H          0.069391786480    4.642458047820   -0.000000003024
H         -4.042231405803   -2.284261677302    0.000000001616
H          2.284261676546   -4.042231404731    0.000000003007
H          4.042231405855    2.284261677186   -0.000000001909
H         -2.284261676663    4.042231403893   -0.000000002877
HE        -0.000000001128   -0.000000000372    0.000000001182
   73
 SCF done    -148.64773688      0.00040163
C         -3.165333076084   -1.607731900293    0.000000001392
C          1.607731899308   -3.165333076914    0.000000001410
C          3.165333076879    1.607731900416   -0.000000000028
C         -1.607731899483    3.165333073893   -0.000000001534
C         -3.548673421784   -0.104580943374   -0.000000001494
C          0.104580943074   -3.548673419118    0.000000002093
C          3.548673420412    0.104580942048    0.000000002708
C         -0.104580943142    3.548673420266   -0.000000002038
N         -2.965797455834    0.384906591642   -1.217959178311
N         -0.384906589167   -2.965797449821   -1.217959179619
N          2.965797443149   -0.384906590388   -1.217959174170
N          0.384906593203    2.965797453558    1.217959177689
N         -2.965797445079    0.384906593353    1.217959169916
N         -0.384906589597   -2.965797441520    1.217959175864
N          2.965797454180   -0.384906587804    1.217959175840
N          0.384906594304    2.965797445159   -1.217959174907
N         -2.419238956442   -1.758295000968   -1.217966855911
N          1.758295007523   -2.419238962460   -1.217966864632
N          2.419238964368    1.758295006362   -1.217966865387
N         -1.758295002568    2.419238963209    1.217966862527
N         -2.419238964472   -1.758295004289    1.217966861684
N          1.758295004285   -2.419238953690    1.217966860182
N          2.419238956624    1.758295004299    1.217966853303
N         -1.758294999273    2.419238953934   -1.217966859227
C         -2.433581706446   -0.620657160660   -1.995179526554
C          0.620657156286   -2.433581723714   -1.995179520874
C          2.433581711323    0.620657153783   -1.995179516608
C         -0.620657163003    2.433581717757    1.995179525996
C         -2.433581706025   -0.620657156069    1.995179527565
C          0.620657153829   -2.433581710741    1.995179510109
C          2.433581705823    0.620657154440    1.995179531767
C         -0.620657161185    2.433581709003   -1.995179516225
O         -2.094168591201   -0.534096113174   -3.138655758219
O          0.534096114921   -2.094168616284   -3.138655762671
O          2.094168590012    0.534096100330   -3.138655754343
O         -0.534096109290    2.094168612467    3.138655763839
O         -2.094168593822   -0.534096098131    3.138655757313
O          0.534096109708   -2.094168590234    3.138655752525
O          2.094168591893    0.534096116801    3.138655761791
O         -0.534096106708    2.094168597075   -3.138655756682
C         -2.949467119745    1.750740449058   -1.659794016379
C         -1.750740451280   -2.949467116736   -1.659794017107
C          2.949467113754   -1.750740454509   -1.659794017884
C          1.750740449948    2.949467115187    1.659794016963
C         -2.949467116665    1.750740449448    1.659794016867
C         -1.750740455132   -2.949467116737    1.659794016342
C          2.949467117548   -1.750740453483    1.659794016165
C          1.750740452535    2.949467117045   -1.659794016950
H         -3.844770270606    2.282161029833   -1.316632011173
H         -2.282161027471   -3.844770272080   -1.316632019865
H          3.844770274611   -2.282161023929   -1.316632022827
H          2.282161028604    3.844770273001    1.316632024775
H         -3.844770273076    2.282161026418    1.316632020912
H         -2.282161023549   -3.844770273821    1.316632009655
H          3.844770272110   -2.282161028519    1.316632012384
H          2.282161025507    3.844770273660   -1.316632013365
H         -2.894570615709    1.718154926767   -2.756902115471
H         -1.718154919785   -2.894570606220   -2.756902116399
H          2.894570606810   -1.718154914817   -2.756902117739
H          1.718154918852    2.894570603756    2.756902116013
H         -2.894570608097    1.718154916068    2.756902115736
H         -1.718154922267   -2.894570619298    2.756902115381
H          2.894570615424   -1.718154925868    2.756902115329
H          1.718154921407    2.894570617135   -2.756902116473
H         -4.642574145361    0.069128423936   -0.000000000092
H         -0.069128428737   -4.642574140863    0.000000002330
H          4.642574144091   -0.069128425819   -0.000000000840
H          0.069128425478    4.642574144017   -0.000000002096
H         -4.042446947988   -2.284094378721   -0.000000000023
H          2.284094379469   -4.042446946533    0.000000002250
H          4.042446949440    2.284094378561   -0.000000000451
H         -2.284094379553    4.042446944373   -0.000000002426
HE        -0.000000001068   -0.000000000464    0.000000000377
