   89
 SCF done    -174.47592066      0.00000000
C         -3.198818428328   -1.595739215967    0.000000000000
C          1.595739215967   -3.198818428328    0.000000000000
C          3.198818428328    1.595739215967    0.000000000000
C         -1.595739215967    3.198818428328    0.000000000000
C         -3.573958244011   -0.077849961750    0.000000000000
C          0.077849961750   -3.573958244011    0.000000000000
C          3.573958244011    0.077849961750    0.000000000000
C         -0.077849961750    3.573958244011    0.000000000000
N         -3.036898507884    0.413919796629   -1.238489391494
N         -0.413919796629   -3.036898507884   -1.238489391494
N          3.036898507884   -0.413919796629   -1.238489391494
N          0.413919796629    3.036898507884    1.238489391494
N         -3.036898507884    0.413919796629    1.238489391494
N         -0.413919796629   -3.036898507884    1.238489391494
N          3.036898507884   -0.413919796629    1.238489391494
N          0.413919796629    3.036898507884   -1.238489391494
N         -2.494968774150   -1.781189124850   -1.239149391170
N          1.781189124850   -2.494968774150   -1.239149391170
N          2.494968774150    1.781189124850   -1.239149391170
N         -1.781189124850    2.494968774150    1.239149391170
N         -2.494968774150   -1.781189124850    1.239149391170
N          1.781189124850   -2.494968774150    1.239149391170
N          2.494968774150    1.781189124850    1.239149391170
N         -1.781189124850    2.494968774150   -1.239149391170
C         -2.499968771693   -0.617629696541   -2.021019007015
C          0.617629696541   -2.499968771693   -2.021019007015
C          2.499968771693    0.617629696541   -2.021019007015
C         -0.617629696541    2.499968771693    2.021019007015
C         -2.499968771693   -0.617629696541    2.021019007015
C          0.617629696541   -2.499968771693    2.021019007015
C          2.499968771693    0.617629696541    2.021019007015
C         -0.617629696541    2.499968771693   -2.021019007015
O         -2.145398945903   -0.529209739984   -3.172338441338
O          0.529209739984   -2.145398945903   -3.172338441338
O          2.145398945903    0.529209739984   -3.172338441338
O         -0.529209739984    2.145398945903    3.172338441338
O         -2.145398945903   -0.529209739984    3.172338441338
O          0.529209739984   -2.145398945903    3.172338441338
O          2.145398945903    0.529209739984    3.172338441338
O         -0.529209739984    2.145398945903   -3.172338441338
C         -2.969878540813    1.792699119195   -1.675689176685
C         -1.792699119195   -2.969878540813   -1.675689176685
C          2.969878540813   -1.792699119195   -1.675689176685
C          1.792699119195    2.969878540813    1.675689176685
C         -2.969878540813    1.792699119195    1.675689176685
C         -1.792699119195   -2.969878540813    1.675689176685
C          2.969878540813   -1.792699119195    1.675689176685
C          1.792699119195    2.969878540813   -1.675689176685
H         -3.858598104159    2.329338855528   -1.326159348419
H         -2.329338855528   -3.858598104159   -1.326159348419
H          3.858598104159   -2.329338855528   -1.326159348419
H          2.329338855528    3.858598104159    1.326159348419
H         -3.858598104159    2.329338855528    1.326159348419
H         -2.329338855528   -3.858598104159    1.326159348419
H          3.858598104159   -2.329338855528    1.326159348419
H          2.329338855528    3.858598104159   -1.326159348419
H         -2.949518550816    1.779139125857   -2.768808639604
H         -1.779139125857   -2.949518550816   -2.768808639604
H          2.949518550816   -1.779139125857   -2.768808639604
H          1.779139125857    2.949518550816    2.768808639604
H         -2.949518550816    1.779139125857    2.768808639604
H         -1.779139125857   -2.949518550816    2.768808639604
H          2.949518550816   -1.779139125857    2.768808639604
H          1.779139125857    2.949518550816   -2.768808639604
C         -5.095297496533   -0.452149777846    0.000000000000
C          0.452149777846   -5.095297496533    0.000000000000
C          5.095297496533    0.452149777846    0.000000000000
C         -0.452149777846    5.095297496533    0.000000000000
H         -5.627967234817   -0.118029942008   -0.893279561106
H          0.118029942008   -5.627967234817   -0.893279561106
H          5.627967234817    0.118029942008   -0.893279561106
H         -0.118029942008    5.627967234817    0.893279561106
H         -5.627967234817   -0.118029942008    0.893279561106
H          0.118029942008   -5.627967234817    0.893279561106
H          5.627967234817    0.118029942008    0.893279561106
H         -0.118029942008    5.627967234817   -0.893279561106
C         -4.719347681248   -1.972989030613    0.000000000000
C          1.972989030613   -4.719347681248    0.000000000000
C          4.719347681248    1.972989030613    0.000000000000
C         -1.972989030613    4.719347681248    0.000000000000
H         -5.034467526420   -2.517028763311   -0.893229561130
H          2.517028763311   -5.034467526420   -0.893229561130
H          5.034467526420    2.517028763311   -0.893229561130
H         -2.517028763311    5.034467526420    0.893229561130
H         -5.034467526420   -2.517028763311    0.893229561130
H          2.517028763311   -5.034467526420    0.893229561130
H          5.034467526420    2.517028763311    0.893229561130
H         -2.517028763311    5.034467526420   -0.893229561130
NE         0.000000000000    0.000000000000    0.000000000000
   89
 SCF done    -174.48820985      0.08874701
C         -3.179891502242   -1.584917842274    0.000000000251
C          1.584917842395   -3.179891502092   -0.000000000506
C          3.179891502151    1.584917842337    0.000000000520
C         -1.584917842421    3.179891501973    0.000000000758
C         -3.552047240875   -0.078815845899    0.000000000349
C          0.078815845759   -3.552047240842   -0.000000000137
C          3.552047240862    0.078815845900    0.000000000626
C         -0.078815845410    3.552047240683    0.000000000643
N         -3.013652091443    0.415808090451   -1.231904305707
N         -0.415808090619   -3.013652091761   -1.231904305136
N          3.013652091716   -0.415808092078   -1.231904305552
N          0.415808090370    3.013652092599    1.231904303165
N         -3.013652092072    0.415808090921    1.231904304434
N         -0.415808089764   -3.013652091333    1.231904305771
N          3.013652092156   -0.415808090038    1.231904303934
N          0.415808089642    3.013652091173   -1.231904306114
N         -2.473432165553   -1.772034330452   -1.232373346564
N          1.772034329321   -2.473432166333   -1.232373345911
N          2.473432165774    1.772034329608   -1.232373346638
N         -1.772034331470    2.473432166405    1.232373344009
N         -2.473432165927   -1.772034330669    1.232373345529
N          1.772034330568   -2.473432165396    1.232373346838
N          2.473432165932    1.772034331717    1.232373344753
N         -1.772034330162    2.473432165456   -1.232373347082
C         -2.481072954708   -0.613082352344   -2.005956648043
C          0.613082353211   -2.481072954211   -2.005956648772
C          2.481072953998    0.613082353953   -2.005956648997
C         -0.613082351274    2.481072951984    2.005956656633
C         -2.481072953345   -0.613082352398    2.005956651950
C          0.613082351934   -2.481072955153    2.005956647031
C          2.481072952992    0.613082350986    2.005956653966
C         -0.613082352151    2.481072955530   -2.005956645768
O         -2.146427954144   -0.529825609670   -3.151100469314
O          0.529825609528   -2.146427954316   -3.151100468910
O          2.146427954405    0.529825609419   -3.151100468683
O         -0.529825610147    2.146427955782    3.151100463924
O         -2.146427954907   -0.529825609798    3.151100466872
O          0.529825609719   -2.146427953918    3.151100469966
O          2.146427955239    0.529825610112    3.151100465616
O         -0.529825609631    2.146427953677   -3.151100470773
C         -2.964269069673    1.789346028839   -1.670812516706
C         -1.789346028910   -2.964269069510   -1.670812516863
C          2.964269070164   -1.789346027736   -1.670812516905
C          1.789346029131    2.964269069059    1.670812517492
C         -2.964269069384    1.789346028560    1.670812517391
C         -1.789346029089   -2.964269069582    1.670812517037
C          2.964269069351   -1.789346029268    1.670812517084
C          1.789346029097    2.964269069876   -1.670812516877
H         -3.853662421753    2.326269518063   -1.319455835940
H         -2.326269518067   -3.853662421782   -1.319455835921
H          3.853662421762   -2.326269518127   -1.319455835915
H          2.326269518095    3.853662421853    1.319455835862
H         -3.853662421832    2.326269518134    1.319455835866
H         -2.326269518064   -3.853662421749    1.319455835924
H          3.853662421789   -2.326269518043    1.319455835913
H          2.326269518027    3.853662421700   -1.319455835955
H         -2.927312174734    1.766412955467   -2.766504592387
H         -1.766412955467   -2.927312174747   -2.766504592356
H          2.927312174722   -1.766412955516   -2.766504592346
H          1.766412955465    2.927312174782    2.766504592230
H         -2.927312174777    1.766412955473    2.766504592250
H         -1.766412955441   -2.927312174754    2.766504592316
H          2.927312174748   -1.766412955466    2.766504592310
H          1.766412955445    2.927312174727   -2.766504592345
C         -5.067676073854   -0.453310212155   -0.000000000025
C          0.453310212155   -5.067676073900    0.000000000006
C          5.067676073854    0.453310212151   -0.000000000048
C         -0.453310212169    5.067676073949   -0.000000000033
H         -5.603641631340   -0.128895954665   -0.891578178181
H          0.128895954666   -5.603641631332   -0.891578178183
H          5.603641631340    0.128895954669   -0.891578178176
H         -0.128895954665    5.603641631326    0.891578178185
H         -5.603641631339   -0.128895954662    0.891578178192
H          0.128895954666   -5.603641631334    0.891578178179
H          5.603641631340    0.128895954657    0.891578178197
H         -0.128895954667    5.603641631331   -0.891578178172
C         -4.695474156011   -1.959449882125   -0.000000000017
C          1.959449882147   -4.695474156064    0.000000000044
C          4.695474156024    1.959449882127   -0.000000000038
C         -1.959449882163    4.695474156084   -0.000000000050
H         -5.018495934266   -2.496188278172   -0.891592813099
H          2.496188278171   -5.018495934257   -0.891592813107
H          5.018495934266    2.496188278172   -0.891592813093
H         -2.496188278166    5.018495934255    0.891592813106
H         -5.018495934264   -2.496188278173    0.891592813107
H          2.496188278162   -5.018495934261    0.891592813087
H          5.018495934262    2.496188278173    0.891592813113
H         -2.496188278163    5.018495934261   -0.891592813085
NE        -0.000000000000   -0.000000000000   -0.000000000001
   89
 SCF done    -174.49134741      0.02969515
C         -3.161998735713   -1.575155187707    0.000000000230
C          1.575155187662   -3.161998735722   -0.000000000566
C          3.161998735355    1.575155187625    0.000000001003
C         -1.575155187984    3.161998735602   -0.000000000128
C         -3.531608414659   -0.079230628280   -0.000000000009
C          0.079230627188   -3.531608414561   -0.000000000832
C          3.531608414299    0.079230627402    0.000000001046
C         -0.079230627826    3.531608414531   -0.000000000038
N         -2.991177229458    0.415983518717   -1.227918041052
N         -0.415983517207   -2.991177230314   -1.227918038907
N          2.991177229393   -0.415983518739   -1.227918041320
N          0.415983517453    2.991177229238    1.227918040333
N         -2.991177229491    0.415983518614    1.227918040187
N         -0.415983517048   -2.991177229460    1.227918040644
N          2.991177230356   -0.415983517438    1.227918037510
N          0.415983518136    2.991177229655   -1.227918040701
N         -2.453352984911   -1.761710948975   -1.228167180391
N          1.761710950006   -2.453352985550   -1.228167178545
N          2.453352984713    1.761710948008   -1.228167181392
N         -1.761710948464    2.453352985040    1.228167179929
N         -2.453352984824   -1.761710948142    1.228167180199
N          1.761710950230   -2.453352984757    1.228167179875
N          2.453352985487    1.761710950887    1.228167176526
N         -1.761710948180    2.453352985580   -1.228167180387
C         -2.468306974209   -0.610050927994   -2.000847942912
C          0.610050926149   -2.468306972596   -2.000847947610
C          2.468306974699    0.610050928729   -2.000847941254
C         -0.610050926863    2.468306973749    2.000847941154
C         -2.468306973225   -0.610050927581    2.000847941900
C          0.610050925196   -2.468306973751    2.000847942853
C          2.468306970088    0.610050924577    2.000847953052
C         -0.610050927773    2.468306974478   -2.000847942770
O         -2.139826632641   -0.528609217215   -3.146032367481
O          0.528609216898   -2.139826633148   -3.146032364667
O          2.139826632859    0.528609215673   -3.146032369931
O         -0.528609216299    2.139826630049    3.146032376367
O         -2.139826630261   -0.528609215173    3.146032370850
O          0.528609216609   -2.139826629655    3.146032364590
O          2.139826632047    0.528609218012    3.146032366114
O         -0.528609216629    2.139826632237   -3.146032365171
C         -2.954877121911    1.783690450096   -1.669728989151
C         -1.783690451525   -2.954877121669   -1.669728988990
C          2.954877122067   -1.783690449894   -1.669728988628
C          1.783690451402    2.954877121384    1.669728987761
C         -2.954877122120    1.783690450792    1.669728987463
C         -1.783690451378   -2.954877121782    1.669728988728
C          2.954877120874   -1.783690451702    1.669728988885
C          1.783690450740    2.954877121730   -1.669728988992
H         -3.843913134127    2.320279353284   -1.318579210637
H         -2.320279353423   -3.843913134670   -1.318579210753
H          3.843913134484   -2.320279353874   -1.318579210755
H          2.320279353704    3.843913135212    1.318579210768
H         -3.843913135347    2.320279353327    1.318579210865
H         -2.320279352854   -3.843913134651    1.318579210580
H          3.843913134461   -2.320279353620    1.318579210542
H          2.320279352849    3.843913134194   -1.318579210052
H         -2.906198874829    1.754142457543   -2.766776377984
H         -1.754142457370   -2.906198875088   -2.766776377419
H          2.906198874952   -1.754142457774   -2.766776377495
H          1.754142457925    2.906198875590    2.766776376260
H         -2.906198875576    1.754142457793    2.766776376541
H         -1.754142457415   -2.906198875274    2.766776377482
H          2.906198875166   -1.754142457865    2.766776377195
H          1.754142457295    2.906198875368   -2.766776377954
C         -5.042315333843   -0.450059911694   -0.000000000030
C          0.450059911636   -5.042315334181    0.000000000034
C          5.042315333922    0.450059911634   -0.000000000143
C         -0.450059911542    5.042315334040   -0.000000000207
H         -5.575106617509   -0.123134498051   -0.891091764217
H          0.123134497725   -5.575106617302   -0.891091764339
H          5.575106617510    0.123134498095   -0.891091764285
H         -0.123134497520    5.575106617177    0.891091764051
H         -5.575106617181   -0.123134497733    0.891091764235
H          0.123134497887   -5.575106617659    0.891091764167
H          5.575106617263    0.123134497711    0.891091764139
H         -0.123134498058    5.575106617736   -0.891091764448
C         -4.671556929787   -1.950566917701    0.000000000050
C          1.950566917711   -4.671556930077   -0.000000000020
C          4.671556929817    1.950566917613   -0.000000000092
C         -1.950566917564    4.671556930140   -0.000000000143
H         -4.990783042513   -2.487977601597   -0.891107742083
H          2.487977601571   -4.990783042279   -0.891107742309
H          4.990783042784    2.487977601484   -0.891107742066
H         -2.487977601411    4.990783042351    0.891107742095
H         -4.990783042369   -2.487977601568    0.891107742286
H          2.487977601525   -4.990783042817    0.891107742099
H          4.990783042057    2.487977601469    0.891107742255
H         -2.487977601328    4.990783043133   -0.891107742285
NE         0.000000000015   -0.000000000022   -0.000000001299
   89
 SCF done    -174.49169906      0.01431344
C         -3.152986367935   -1.571348384190   -0.000000000013
C          1.571348384344   -3.152986368084   -0.000000000847
C          3.152986367698    1.571348384583    0.000000001189
C         -1.571348384883    3.152986368098   -0.000000000137
C         -3.521850101614   -0.078388681501    0.000000000134
C          0.078388680938   -3.521850101081   -0.000000000648
C          3.521850101240    0.078388681328    0.000000000937
C         -0.078388681637    3.521850101862   -0.000000000388
N         -2.981474292666    0.416017953070   -1.228012143546
N         -0.416017951520   -2.981474292547   -1.228012142419
N          2.981474292315   -0.416017952390   -1.228012144633
N          0.416017951877    2.981474292560    1.228012144928
N         -2.981474292010    0.416017952201    1.228012145015
N         -0.416017950896   -2.981474291699    1.228012145236
N          2.981474292361   -0.416017951257    1.228012142875
N          0.416017953059    2.981474292928   -1.228012143108
N         -2.444685499197   -1.757200770810   -1.228143365456
N          1.757200771740   -2.444685499502   -1.228143364802
N          2.444685499174    1.757200770003   -1.228143366942
N         -1.757200770478    2.444685499372    1.228143367050
N         -2.444685498613   -1.757200770460    1.228143366816
N          1.757200771707   -2.444685498888    1.228143366528
N          2.444685499000    1.757200771486    1.228143364527
N         -1.757200770494    2.444685499983   -1.228143365049
C         -2.462887397385   -0.608756964634   -2.002101132884
C          0.608756962648   -2.462887397200   -2.002101136125
C          2.462887399280    0.608756966006   -2.002101129123
C         -0.608756964320    2.462887399186    2.002101126263
C         -2.462887398325   -0.608756964784    2.002101128108
C          0.608756962834   -2.462887398620    2.002101129541
C          2.462887397060    0.608756962189    2.002101135071
C         -0.608756965525    2.462887396725   -2.002101134228
O         -2.137925083331   -0.528343901972   -3.150117837262
O          0.528343902456   -2.137925085384   -3.150117841012
O          2.137925082725    0.528343900742   -3.150117838036
O         -0.528343900444    2.137925078422    3.150117835615
O         -2.137925080400   -0.528343901126    3.150117838176
O          0.528343903376   -2.137925080385    3.150117840376
O          2.137925084517    0.528343903476    3.150117845189
O         -0.528343902300    2.137925083675   -3.150117837068
C         -2.950254221027    1.780901921148   -1.673195300510
C         -1.780901922458   -2.950254220133   -1.673195300344
C          2.950254220076   -1.780901921113   -1.673195300328
C          1.780901922368    2.950254219753    1.673195299965
C         -2.950254220318    1.780901921545    1.673195300682
C         -1.780901922232   -2.950254220239    1.673195300538
C          2.950254219764   -1.780901923081    1.673195299784
C          1.780901921245    2.950254220524   -1.673195300496
H         -3.839793310238    2.317760424520   -1.325265483123
H         -2.317760424405   -3.839793310014   -1.325265482942
H          3.839793310352   -2.317760423703   -1.325265483699
H          2.317760423441    3.839793310992    1.325265484249
H         -3.839793309942    2.317760424156    1.325265484212
H         -2.317760423614   -3.839793309827    1.325265482816
H          3.839793310283   -2.317760424611    1.325265483254
H          2.317760424220    3.839793309757   -1.325265482626
H         -2.896350244286    1.748315365262   -2.770161939204
H         -1.748315364978   -2.896350244418   -2.770161938895
H          2.896350244221   -1.748315364543   -2.770161939322
H          1.748315364500    2.896350244111    2.770161939097
H         -2.896350243402    1.748315364831    2.770161940023
H         -1.748315365372   -2.896350244247    2.770161939721
H          2.896350244705   -1.748315365564    2.770161938786
H          1.748315365006    2.896350244516   -2.770161939429
C         -5.031306911998   -0.447209122892    0.000000000080
C          0.447209122163   -5.031306912028    0.000000000157
C          5.031306912029    0.447209122796   -0.000000000004
C         -0.447209122989    5.031306912367   -0.000000000332
H         -5.563162399479   -0.119660429950   -0.891570253856
H          0.119660429173   -5.563162399156   -0.891570253922
H          5.563162399651    0.119660430141   -0.891570253884
H         -0.119660430117    5.563162400037    0.891570253445
H         -5.563162399648   -0.119660430206    0.891570253965
H          0.119660429515   -5.563162399770    0.891570253959
H          5.563162399246    0.119660429644    0.891570253947
H         -0.119660429886    5.563162399427   -0.891570254446
C         -4.660526922514   -1.947928569736   -0.000000000018
C          1.947928569048   -4.660526923114    0.000000000144
C          4.660526922739    1.947928569588    0.000000000116
C         -1.947928569880    4.660526923117   -0.000000000244
H         -4.978654719767   -2.485466814561   -0.891573860442
H          2.485466813755   -4.978654720637   -0.891573860206
H          4.978654720827    2.485466814452   -0.891573859954
H         -2.485466814649    4.978654720840    0.891573859987
H         -4.978654720043   -2.485466814779    0.891573860152
H          2.485466813752   -4.978654720877    0.891573860370
H          4.978654719669    2.485466814305    0.891573860648
H         -2.485466814771    4.978654720096   -0.891573860709
NE        -0.000000000111   -0.000000000102   -0.000000001011
   89
 SCF done    -174.49172852      0.00314517
C         -3.151744316996   -1.571021086977   -0.000000000444
C          1.571021087019   -3.151744318043   -0.000000006345
C          3.151744318194    1.571021086624   -0.000000001203
C         -1.571021088352    3.151744316274   -0.000000006122
C         -3.520608895492   -0.078088864749   -0.000000001267
C          0.078088865062   -3.520608895385   -0.000000004030
C          3.520608895793    0.078088865569   -0.000000000564
C         -0.078088864590    3.520608895289   -0.000000007426
N         -2.980237519317    0.415927221303   -1.228330788536
N         -0.415927213754   -2.980237518666   -1.228330786755
N          2.980237518370   -0.415927217977   -1.228330790195
N          0.415927224746    2.980237518247    1.228330794650
N         -2.980237517930    0.415927216300    1.228330791427
N         -0.415927221294   -2.980237517646    1.228330793731
N          2.980237518687   -0.415927219025    1.228330790530
N          0.415927213169    2.980237520493   -1.228330784498
N         -2.443584821105   -1.756527371425   -1.228416544240
N          1.756527371779   -2.443584823459   -1.228416540632
N          2.443584820171    1.756527374043   -1.228416545170
N         -1.756527372158    2.443584819253    1.228416549454
N         -2.443584820230   -1.756527373893    1.228416545254
N          1.756527376244   -2.443584818049    1.228416549808
N          2.443584819847    1.756527374032    1.228416545825
N         -1.756527367311    2.443584825310   -1.228416540534
C         -2.463718954988   -0.608967096922   -2.003131498912
C          0.608967091969   -2.463718957869   -2.003131495727
C          2.463718958383    0.608967094056   -2.003131491982
C         -0.608967098700    2.463718955569    2.003131495013
C         -2.463718957664   -0.608967091527    2.003131495512
C          0.608967093715   -2.463718957339    2.003131496413
C          2.463718956612    0.608967093331    2.003131499903
C         -0.608967096054    2.463718956617   -2.003131495714
O         -2.139513887072   -0.528796280060   -3.151792317223
O          0.528796281362   -2.139513887834   -3.151792321346
O          2.139513884744    0.528796279195   -3.151792317979
O         -0.528796279290    2.139513884795    3.151792312595
O         -2.139513886341   -0.528796280705    3.151792315110
O          0.528796282405   -2.139513885736    3.151792314819
O          2.139513889149    0.528796282512    3.151792316165
O         -0.528796280396    2.139513887253   -3.151792321852
C         -2.949095071043    1.780200270085   -1.675089019073
C         -1.780200276155   -2.949095067401   -1.675089018151
C          2.949095068662   -1.780200272374   -1.675089018479
C          1.780200270802    2.949095066456    1.675089015013
C         -2.949095066795    1.780200275307    1.675089016634
C         -1.780200271877   -2.949095066764    1.675089016325
C          2.949095064714   -1.780200275469    1.675089015350
C          1.780200277401    2.949095066351   -1.675089019200
H         -3.839459171027    2.317564794007   -1.330363613434
H         -2.317564793536   -3.839459170913   -1.330363613051
H          3.839459171702   -2.317564793221   -1.330363614103
H          2.317564793035    3.839459171960    1.330363614467
H         -3.839459170884    2.317564793590    1.330363613779
H         -2.317564793410   -3.839459170901    1.330363612753
H          3.839459171594   -2.317564793707    1.330363613712
H          2.317564793982    3.839459170846   -1.330363613091
H         -2.892769886057    1.746173330904   -2.771787913743
H         -1.746173330126   -2.892769886208   -2.771787913468
H          2.892769885555   -1.746173330031   -2.771787913817
H          1.746173330143    2.892769884833    2.771787915420
H         -2.892769885133    1.746173330215    2.771787915240
H         -1.746173330886   -2.892769885730    2.771787915212
H          2.892769885914   -1.746173330526    2.771787915173
H          1.746173330539    2.892769886236   -2.771787913733
C         -5.030042153400   -0.446473525616    0.000000000241
C          0.446473524951   -5.030042153370    0.000000000624
C          5.030042153339    0.446473525715    0.000000000270
C         -0.446473525884    5.030042153835    0.000000000916
H         -5.561774625962   -0.118962139489   -0.891774781627
H          0.118962138251   -5.561774625459   -0.891774781699
H          5.561774625966    0.118962139282   -0.891774781654
H         -0.118962139712    5.561774625934    0.891774781656
H         -5.561774625831   -0.118962139222    0.891774781624
H          0.118962138545   -5.561774626020    0.891774781667
H          5.561774625892    0.118962139373    0.891774781735
H         -0.118962139599    5.561774626196   -0.891774781588
C         -4.659068360489   -1.947969446220    0.000000000433
C          1.947969445693   -4.659068361192    0.000000000806
C          4.659068360534    1.947969446237    0.000000000422
C         -1.947969446540    4.659068361024    0.000000000868
H         -4.977095316001   -2.485426691221   -0.891774838831
H          2.485426690462   -4.977095316797   -0.891774839378
H          4.977095316647    2.485426691278   -0.891774839132
H         -2.485426691023    4.977095316111    0.891774839510
H         -4.977095315973   -2.485426690783    0.891774839743
H          2.485426690284   -4.977095317251    0.891774839258
H          4.977095315920    2.485426690954    0.891774839579
H         -2.485426691294    4.977095316467   -0.891774839088
NE        -0.000000000274   -0.000000000092    0.000000000397
   89
 SCF done    -174.49174108      0.00098215
C         -3.151492719046   -1.571122884824    0.000000000105
C          1.571122884543   -3.151492721629   -0.000000007077
C          3.151492720963    1.571122883708   -0.000000000717
C         -1.571122886077    3.151492719090   -0.000000007186
C         -3.520453022639   -0.077865418139   -0.000000000231
C          0.077865419890   -3.520453024195   -0.000000004975
C          3.520453023656    0.077865419832   -0.000000000492
C         -0.077865418161    3.520453024863   -0.000000008270
N         -2.980128865818    0.415932914783   -1.228523146391
N         -0.415932909061   -2.980128862971   -1.228523145096
N          2.980128864788   -0.415932912049   -1.228523148488
N          0.415932917650    2.980128870557    1.228523154964
N         -2.980128865132    0.415932910197    1.228523150596
N         -0.415932914703   -2.980128868146    1.228523153725
N          2.980128867248   -0.415932914539    1.228523150302
N          0.415932907847    2.980128865571   -1.228523141508
N         -2.443429746077   -1.756445806149   -1.228568511706
N          1.756445806514   -2.443429746726   -1.228568507470
N          2.443429744800    1.756445809343   -1.228568511084
N         -1.756445807537    2.443429748079    1.228568518338
N         -2.443429746946   -1.756445809286    1.228568513408
N          1.756445812127   -2.443429747106    1.228568519214
N          2.443429746383    1.756445809136    1.228568516726
N         -1.756445800783    2.443429748207   -1.228568507496
C         -2.465200880108   -0.609322743516   -2.003745630122
C          0.609322737007   -2.465200879725   -2.003745623732
C          2.465200881873    0.609322739132   -2.003745622732
C         -0.609322748586    2.465200888675    2.003745634446
C         -2.465200884577   -0.609322736595    2.003745631306
C          0.609322742494   -2.465200890647    2.003745630216
C          2.465200885235    0.609322740455    2.003745633673
C         -0.609322739899    2.465200878709   -2.003745621474
O         -2.142235175132   -0.529501798171   -3.152944683967
O          0.529501798149   -2.142235164163   -3.152944678912
O          2.142235168808    0.529501798779   -3.152944679140
O         -0.529501800140    2.142235184919    3.152944686477
O         -2.142235175637   -0.529501801108    3.152944684080
O          0.529501803097   -2.142235183704    3.152944687066
O          2.142235180368    0.529501800594    3.152944686077
O         -0.529501794038    2.142235162674   -3.152944679015
C         -2.948417866274    1.779799746106   -1.676788815853
C         -1.779799755213   -2.948417862602   -1.676788814734
C          2.948417864306   -1.779799749445   -1.676788815364
C          1.779799747739    2.948417864387    1.676788813648
C         -2.948417863028    1.779799755505    1.676788813659
C         -1.779799749022   -2.948417863375    1.676788813310
C          2.948417861499   -1.779799756134    1.676788812309
C          1.779799758169    2.948417860323   -1.676788814527
H         -3.839829069116    2.317817605950   -1.335743499430
H         -2.317817602206   -3.839829071234   -1.335743496510
H          3.839829071213   -2.317817603286   -1.335743500131
H          2.317817605972    3.839829071996    1.335743501876
H         -3.839829072844    2.317817603621    1.335743495334
H         -2.317817605526   -3.839829072502    1.335743499125
H          3.839829073695   -2.317817604446    1.335743498270
H          2.317817603099    3.839829072457   -1.335743497536
H         -2.889174106939    1.744029921856   -2.773217883388
H         -1.744029920221   -2.889174111897   -2.773217883011
H          2.889174107709   -1.744029920604   -2.773217884130
H          1.744029925544    2.889174115317    2.773217887077
H         -2.889174117979    1.744029924612    2.773217885127
H         -1.744029925191   -2.889174115042    2.773217885636
H          2.889174118311   -1.744029925317    2.773217885700
H          1.744029918194    2.889174110216   -2.773217882615
C         -5.029985555523   -0.446208832055   -0.000000000565
C          0.446208832061   -5.029985556201   -0.000000004186
C          5.029985555731    0.446208832317   -0.000000000457
C         -0.446208834341    5.029985557510   -0.000000005116
H         -5.561780002106   -0.118951857485   -0.891860385040
H          0.118951854828   -5.561780000511   -0.891860389953
H          5.561780002557    0.118951857362   -0.891860384742
H         -0.118951862702    5.561780010742    0.891860375400
H         -5.561780004387   -0.118951857516    0.891860382095
H          0.118951858888   -5.561780007484    0.891860377441
H          5.561780004604    0.118951857804    0.891860382320
H         -0.118951857772    5.561779999541   -0.891860392138
C         -4.658881296696   -1.948184609921    0.000000000201
C          1.948184609654   -4.658881298177   -0.000000005823
C          4.658881296344    1.948184609794   -0.000000000471
C         -1.948184611420    4.658881297096   -0.000000005370
H         -4.977066580010   -2.485454722385   -0.891859878616
H          2.485454720844   -4.977066576792   -0.891859888622
H          4.977066578891    2.485454722399   -0.891859880404
H         -2.485454725105    4.977066585502    0.891859870664
H         -4.977066580431   -2.485454722016    0.891859879106
H          2.485454723621   -4.977066587053    0.891859869408
H          4.977066581481    2.485454722974    0.891859877403
H         -2.485454723758    4.977066574321   -0.891859887966
NE        -0.000000000484   -0.000000000145    0.000000008150
   89
 SCF done    -174.49174428      0.00102266
C         -3.151668105910   -1.571290270185   -0.000000001201
C          1.571290269839   -3.151668107670   -0.000000004920
C          3.151668106863    1.571290269339   -0.000000002039
C         -1.571290270296    3.151668105513   -0.000000005590
C         -3.520707439812   -0.077789329036   -0.000000001767
C          0.077789330578   -3.520707440907   -0.000000004063
C          3.520707440533    0.077789330474   -0.000000001754
C         -0.077789328971    3.520707442146   -0.000000005830
N         -2.980474967246    0.415993095561   -1.228529988133
N         -0.415993092703   -2.980474965025   -1.228529986958
N          2.980474966872   -0.415993094465   -1.228529989629
N          0.415993097265    2.980474971347    1.228529989789
N         -2.980474966212    0.415993093352    1.228529986632
N         -0.415993095707   -2.980474968904    1.228529989371
N          2.980474968412   -0.415993095799    1.228529986595
N          0.415993093041    2.980474968327   -1.228529985300
N         -2.443668321040   -1.756624662287   -1.228557584598
N          1.756624663078   -2.443668321731   -1.228557581551
N          2.443668319970    1.756624663750   -1.228557584086
N         -1.756624661487    2.443668321465    1.228557584686
N         -2.443668322026   -1.756624663799    1.228557581963
N          1.756624664674   -2.443668321998    1.228557586137
N          2.443668321795    1.756624663389    1.228557584194
N         -1.756624658644    2.443668322065   -1.228557582200
C         -2.466168992832   -0.609545568036   -2.003834936606
C          0.609545563343   -2.466168989291   -2.003834931183
C          2.466168992406    0.609545564352   -2.003834932700
C         -0.609545570914    2.466168996450    2.003834937068
C         -2.466168992982   -0.609545562660    2.003834934044
C          0.609545566739   -2.466168998231    2.003834933121
C          2.466168994330    0.609545566077    2.003834935269
C         -0.609545564411    2.466168988701   -2.003834929404
O         -2.144124185212   -0.529966188986   -3.153280503940
O          0.529966189541   -2.144124171851   -3.153280497129
O          2.144124178841    0.529966189989   -3.153280499992
O         -0.529966188788    2.144124192756    3.153280504542
O         -2.144124182048   -0.529966192061    3.153280500757
O          0.529966191781   -2.144124190061    3.153280502160
O          2.144124187225    0.529966190390    3.153280501721
O         -0.529966183717    2.144124169599   -3.153280495398
C         -2.948197066598    1.779679250488   -1.677511117947
C         -1.779679257281   -2.948197064389   -1.677511116427
C          2.948197065856   -1.779679253738   -1.677511117206
C          1.779679252367    2.948197066798    1.677511113965
C         -2.948197064821    1.779679257596    1.677511112828
C         -1.779679253631   -2.948197065458    1.677511113602
C          2.948197064095   -1.779679258110    1.677511112743
C          1.779679259988    2.948197062572   -1.677511116709
H         -3.840151571343    2.318047013814   -1.338341487006
H         -2.318047009675   -3.840151573793   -1.338341481904
H          3.840151574166   -2.318047011170   -1.338341486634
H          2.318047014411    3.840151574587    1.338341485693
H         -3.840151574226    2.318047011090    1.338341477606
H         -2.318047013091   -3.840151575118    1.338341484395
H          3.840151575293   -2.318047012257    1.338341482108
H          2.318047011022    3.840151574693   -1.338341484955
H         -2.887233055042    1.742879497972   -2.773816177573
H         -1.742879498128   -2.887233061626   -2.773816176660
H          2.887233056786   -1.742879498671   -2.773816177746
H          1.742879501954    2.887233063736    2.773816176439
H         -2.887233066966    1.742879501871    2.773816174416
H         -1.742879501608   -2.887233062520    2.773816175645
H          2.887233066298   -1.742879501343    2.773816175504
H          1.742879495661    2.887233058785   -2.773816176935
C         -5.030289214643   -0.446297188414    0.000000000466
C          0.446297188519   -5.030289215189    0.000000000558
C          5.030289214878    0.446297189244   -0.000000000245
C         -0.446297191648    5.030289216513    0.000000002002
H         -5.562112974307   -0.119105456573   -0.891836507654
H          0.119105458656   -5.562112975957   -0.891836508078
H          5.562112974937    0.119105457942   -0.891836508266
H         -0.119105459160    5.562112974626    0.891836509956
H         -5.562112973025   -0.119105456659    0.891836509144
H          0.119105453780   -5.562112972617    0.891836508406
H          5.562112973143    0.119105457174    0.891836508354
H         -0.119105462269    5.562112977139   -0.891836506815
C         -4.659165625765   -1.948269116935   -0.000000000122
C          1.948269116765   -4.659165626818    0.000000002538
C          4.659165625197    1.948269117391   -0.000000000369
C         -1.948269119048    4.659165625125    0.000000002699
H         -4.977394043024   -2.485501680401   -0.891836673217
H          2.485501681383   -4.977394043503   -0.891836670844
H          4.977394041256    2.485501681335   -0.891836673940
H         -2.485501683513    4.977394037940    0.891836676373
H         -4.977394039697   -2.485501680635    0.891836673894
H          2.485501680089   -4.977394041582    0.891836676076
H          4.977394040085    2.485501681883    0.891836672914
H         -2.485501683692    4.977394041413   -0.891836670846
NE        -0.000000000552   -0.000000000312    0.000000007697
   89
 SCF done    -174.49174480      0.00063781
C         -3.151767855947   -1.571350339103    0.000000004449
C          1.571350338508   -3.151767856444    0.000000001135
C          3.151767853484    1.571350339956    0.000000006916
C         -1.571350338261    3.151767855435    0.000000002112
C         -3.520840441883   -0.077775861970    0.000000004079
C          0.077775859422   -3.520840441668   -0.000000000570
C          3.520840441155    0.077775859495    0.000000004419
C         -0.077775862142    3.520840444540    0.000000004468
N         -2.980698867343    0.416039966954   -1.228501395999
N         -0.416039956597   -2.980698865768   -1.228501391292
N          2.980698868987   -0.416039967188   -1.228501395361
N          0.416039965924    2.980698875157    1.228501393993
N         -2.980698870176    0.416039965867    1.228501390830
N         -0.416039961225   -2.980698871391    1.228501395239
N          2.980698870623   -0.416039956617    1.228501389255
N          0.416039968623    2.980698867626   -1.228501395081
N         -2.443822394853   -1.756742707867   -1.228524670476
N          1.756742709296   -2.443822393792   -1.228524666912
N          2.443822396376    1.756742702486   -1.228524669985
N         -1.756742702820    2.443822400602    1.228524667987
N         -2.443822400051   -1.756742701824    1.228524666177
N          1.756742708998   -2.443822400220    1.228524667732
N          2.443822400851    1.756742705141    1.228524662669
N         -1.756742703179    2.443822393946   -1.228524668174
C         -2.466475241506   -0.609607255224   -2.003781606877
C          0.609607242581   -2.466475236625   -2.003781604466
C          2.466475239216    0.609607257826   -2.003781606798
C         -0.609607258742    2.466475244135    2.003781614744
C         -2.466475237676   -0.609607255680    2.003781612041
C          0.609607251816   -2.466475245477    2.003781613176
C          2.466475239822    0.609607246705    2.003781615660
C         -0.609607251336    2.466475234688   -2.003781601196
O         -2.144809470861   -0.530119488360   -3.153295177402
O          0.530119487854   -2.144809456348   -3.153295171563
O          2.144809467261    0.530119489309   -3.153295175003
O         -0.530119487153    2.144809477771    3.153295180507
O         -2.144809466304   -0.530119488963    3.153295175495
O          0.530119491500   -2.144809475662    3.153295177459
O          2.144809470304    0.530119488033    3.153295175274
O         -0.530119481704    2.144809454961   -3.153295170074
C         -2.948159476277    1.779668772972   -1.677644035326
C         -1.779668784067   -2.948159475451   -1.677644035605
C          2.948159475394   -1.779668775511   -1.677644035585
C          1.779668774352    2.948159480193    1.677644041230
C         -2.948159478718    1.779668778267    1.677644038206
C         -1.779668776712   -2.948159479947    1.677644039579
C          2.948159477269   -1.779668784809    1.677644039136
C          1.779668778024    2.948159477696   -1.677644033764
H         -3.840231991196    2.318124346882   -1.338899089935
H         -2.318124344267   -3.840231993963   -1.338899084678
H          3.840231993235   -2.318124345230   -1.338899089571
H          2.318124348180    3.840231993563    1.338899090889
H         -3.840231993734    2.318124345595    1.338899083461
H         -2.318124346027   -3.840231993882    1.338899090146
H          3.840231994735   -2.318124346204    1.338899086610
H          2.318124346080    3.840231994058   -1.338899087277
H         -2.886670089097    1.742552305540   -2.773919227538
H         -1.742552307947   -2.886670096085   -2.773919226053
H          2.886670091033   -1.742552306677   -2.773919227929
H          1.742552309037    2.886670095994    2.773919228570
H         -2.886670100160    1.742552310794    2.773919226700
H         -1.742552308565   -2.886670095021    2.773919228041
H          2.886670099084   -1.742552309798    2.773919226670
H          1.742552306478    2.886670093339   -2.773919226527
C         -5.030426261163   -0.446420599439   -0.000000002308
C          0.446420599674   -5.030426261997   -0.000000002286
C          5.030426261770    0.446420600481   -0.000000001203
C         -0.446420602222    5.030426262531   -0.000000004008
H         -5.562267956282   -0.119208495777   -0.891801675275
H          0.119208491622   -5.562267956246   -0.891801674394
H          5.562267957638    0.119208496729   -0.891801673283
H         -0.119208501210    5.562267964676    0.891801667102
H         -5.562267960406   -0.119208494949    0.891801668935
H          0.119208498985   -5.562267961242    0.891801669573
H          5.562267959313    0.119208496496    0.891801670793
H         -0.119208496703    5.562267956133   -0.891801677175
C         -4.659321534811   -1.948245409599   -0.000000000425
C          1.948245409777   -4.659321535484   -0.000000007469
C          4.659321534550    1.948245410525   -0.000000000810
C         -1.948245411497    4.659321533797   -0.000000005588
H         -4.977546200842   -2.485510149938   -0.891802436394
H          2.485510145654   -4.977546198208   -0.891802447033
H          4.977546199421    2.485510150008   -0.891802436829
H         -2.485510153596    4.977546204694    0.891802428538
H         -4.977546202844   -2.485510148306    0.891802436614
H          2.485510152892   -4.977546206392    0.891802425744
H          4.977546201820    2.485510150157    0.891802435882
H         -2.485510150015    4.977546194914   -0.891802444401
NE        -0.000000000502   -0.000000000321    0.000000007665
