   73
 SCF done    -152.50463594      0.00000000
C         -3.199188428146   -1.630389198943    0.000000000000
C          1.630389198943   -3.199188428146    0.000000000000
C          3.199188428146    1.630389198943    0.000000000000
C         -1.630389198943    3.199188428146    0.000000000000
C         -3.589248236498   -0.100729950508    0.000000000000
C          0.100729950508   -3.589248236498    0.000000000000
C          3.589248236498    0.100729950508    0.000000000000
C         -0.100729950508    3.589248236498    0.000000000000
N         -3.030948510807    0.384579811045   -1.240789390364
N         -0.384579811045   -3.030948510807   -1.240789390364
N          3.030948510807   -0.384579811045   -1.240789390364
N          0.384579811045    3.030948510807    1.240789390364
N         -3.030948510807    0.384579811045    1.240789390364
N         -0.384579811045   -3.030948510807    1.240789390364
N          3.030948510807   -0.384579811045    1.240789390364
N          0.384579811045    3.030948510807   -1.240789390364
N         -2.476818783067   -1.789379120826   -1.241129390197
N          1.789379120826   -2.476818783067   -1.241129390197
N          2.476818783067    1.789379120826   -1.241129390197
N         -1.789379120826    2.476818783067    1.241129390197
N         -2.476818783067   -1.789379120826    1.241129390197
N          1.789379120826   -2.476818783067    1.241129390197
N          2.476818783067    1.789379120826    1.241129390197
N         -1.789379120826    2.476818783067   -1.241129390197
C         -2.483488779790   -0.633279688851   -2.022659006209
C          0.633279688851   -2.483488779790   -2.022659006209
C          2.483488779790    0.633279688851   -2.022659006209
C         -0.633279688851    2.483488779790    2.022659006209
C         -2.483488779790   -0.633279688851    2.022659006209
C          0.633279688851   -2.483488779790    2.022659006209
C          2.483488779790    0.633279688851    2.022659006209
C         -0.633279688851    2.483488779790   -2.022659006209
O         -2.120388958191   -0.540209734579   -3.171098441947
O          0.540209734579   -2.120388958191   -3.171098441947
O          2.120388958191    0.540209734579   -3.171098441947
O         -0.540209734579    2.120388958191    3.171098441947
O         -2.120388958191   -0.540209734579    3.171098441947
O          0.540209734579   -2.120388958191    3.171098441947
O          2.120388958191    0.540209734579    3.171098441947
O         -0.540209734579    2.120388958191   -3.171098441947
C         -2.975268538164    1.765919132353   -1.672019178489
C         -1.765919132353   -2.975268538164   -1.672019178489
C          2.975268538164   -1.765919132353   -1.672019178489
C          1.765919132353    2.975268538164    1.672019178489
C         -2.975268538164    1.765919132353    1.672019178489
C         -1.765919132353   -2.975268538164    1.672019178489
C          2.975268538164   -1.765919132353    1.672019178489
C          1.765919132353    2.975268538164   -1.672019178489
H         -3.866838100110    2.295158872322   -1.316279353274
H         -2.295158872322   -3.866838100110   -1.316279353274
H          3.866838100110   -2.295158872322   -1.316279353274
H          2.295158872322    3.866838100110    1.316279353274
H         -3.866838100110    2.295158872322    1.316279353274
H         -2.295158872322   -3.866838100110    1.316279353274
H          3.866838100110   -2.295158872322    1.316279353274
H          2.295158872322    3.866838100110   -1.316279353274
H         -2.958648546330    1.755279137580   -2.765188641383
H         -1.755279137580   -2.958648546330   -2.765188641383
H          2.958648546330   -1.755279137580   -2.765188641383
H          1.755279137580    2.958648546330    2.765188641383
H         -2.958648546330    1.755279137580    2.765188641383
H         -1.755279137580   -2.958648546330    2.765188641383
H          2.958648546330   -1.755279137580    2.765188641383
H          1.755279137580    2.958648546330   -2.765188641383
H         -4.679407700871    0.050829975026    0.000000000000
H         -0.050829975026   -4.679407700871    0.000000000000
H          4.679407700871   -0.050829975026    0.000000000000
H          0.050829975026    4.679407700871    0.000000000000
H         -4.083957993433   -2.285048877289    0.000000000000
H          2.285048877289   -4.083957993433    0.000000000000
H          4.083957993433    2.285048877289    0.000000000000
H         -2.285048877289    4.083957993433    0.000000000000
NE         0.000000000000    0.000000000000    0.000000000000
   73
 SCF done    -152.51825846      0.09177186
C         -3.182806934621   -1.618879145686   -0.000000001141
C          1.618879144508   -3.182806935715    0.000000001507
C          3.182806935001    1.618879145556    0.000000001616
C         -1.618879143979    3.182806936005   -0.000000001690
C         -3.569258726224   -0.103097351235    0.000000001016
C          0.103097351701   -3.569258727054    0.000000002628
C          3.569258726475    0.103097351786   -0.000000000638
C         -0.103097351253    3.569258727150   -0.000000003285
N         -3.001086737415    0.385877851094   -1.229416548247
N         -0.385877849403   -3.001086734424   -1.229416552501
N          3.001086732300   -0.385877827817   -1.229416549519
N          0.385877845656    3.001086732702    1.229416554795
N         -3.001086734395    0.385877831159    1.229416546346
N         -0.385877826342   -3.001086732079    1.229416550773
N          3.001086738406   -0.385877855449    1.229416547532
N          0.385877826054    3.001086732797   -1.229416549245
N         -2.449994523698   -1.776205670215   -1.229661235502
N          1.776205679241   -2.449994518277   -1.229661238817
N          2.449994513794    1.776205700593   -1.229661232996
N         -1.776205680979    2.449994517185    1.229661240076
N         -2.449994515299   -1.776205699580    1.229661230486
N          1.776205691304   -2.449994517248    1.229661234368
N          2.449994524368    1.776205667638    1.229661235608
N         -1.776205693490    2.449994516856   -1.229661233178
C         -2.457297602116   -0.626663434803   -2.004815544213
C          0.626663426781   -2.457297606190   -2.004815539272
C          2.457297609120    0.626663395992   -2.004815552913
C         -0.626663423066    2.457297609819    2.004815531705
C         -2.457297604387   -0.626663398736    2.004815564236
C          0.626663402573   -2.457297612448    2.004815538065
C          2.457297600052    0.626663439648    2.004815546640
C         -0.626663400919    2.457297610690   -2.004815544249
O         -2.116477485342   -0.539420881512   -3.148031457773
O          0.539420882791   -2.116477483994   -3.148031460532
O          2.116477485304    0.539420888809   -3.148031452120
O         -0.539420883163    2.116477482298    3.148031465312
O         -2.116477487715   -0.539420888727    3.148031445001
O          0.539420887069   -2.116477482626    3.148031461740
O          2.116477486058    0.539420880743    3.148031456195
O         -0.539420887600    2.116477483802   -3.148031457819
C         -2.966974075227    1.761059232851   -1.662611234882
C         -1.761059228083   -2.966974084476   -1.662611236511
C          2.966974079687   -1.761059240575   -1.662611237739
C          1.761059229095    2.966974085557    1.662611236765
C         -2.966974078680    1.761059239857    1.662611237498
C         -1.761059244536   -2.966974072888    1.662611236988
C          2.966974075990   -1.761059230594    1.662611234536
C          1.761059245287    2.966974072111   -1.662611236646
H         -3.860243793855    2.291261606164   -1.308372118526
H         -2.291261605826   -3.860243792687   -1.308372118889
H          3.860243792530   -2.291261605168   -1.308372119009
H          2.291261605669    3.860243792412    1.308372118992
H         -3.860243792782    2.291261605273    1.308372118922
H         -2.291261605488   -3.860243793293    1.308372118729
H          3.860243793919   -2.291261606270    1.308372118503
H          2.291261605462    3.860243793382   -1.308372118723
H         -2.934019784368    1.741129753497   -2.758608068075
H         -1.741129753686   -2.934019783862   -2.758608067647
H          2.934019784048   -1.741129753112   -2.758608067359
H          1.741129753605    2.934019783806    2.758608067570
H         -2.934019784084    1.741129753201    2.758608067430
H         -1.741129752839   -2.934019784499    2.758608067577
H          2.934019784321   -1.741129753631    2.758608068156
H          1.741129752843    2.934019784514   -2.758608067655
H         -4.664013444443    0.050981212295   -0.000000000161
H         -0.050981212256   -4.664013444281   -0.000000000248
H          4.664013444406   -0.050981212309    0.000000000206
H          0.050981212221    4.664013444249    0.000000000240
H         -4.070238998535   -2.278166076065    0.000000000241
H          2.278166076094   -4.070238998499    0.000000000017
H          4.070238998494    2.278166076039   -0.000000000277
H         -2.278166076134    4.070238998495   -0.000000000018
NE         0.000000000001    0.000000000000   -0.000000000000
   73
 SCF done    -152.52190518      0.03082788
C         -3.170051134122   -1.609663761945    0.000000000474
C          1.609663762014   -3.170051137193    0.000000004337
C          3.170051134947    1.609663761339    0.000000001221
C         -1.609663761972    3.170051137856   -0.000000004427
C         -3.553642354844   -0.105118078562   -0.000000000664
C          0.105118079413   -3.553642356552    0.000000002558
C          3.553642355614    0.105118078519    0.000000002487
C         -0.105118079046    3.553642356084   -0.000000003625
N         -2.974557880242    0.385322773506   -1.219717625088
N         -0.385322771451   -2.974557874586   -1.219717631752
N          2.974557871016   -0.385322752180   -1.219717630098
N          0.385322769106    2.974557872907    1.219717633150
N         -2.974557873604    0.385322757230    1.219717625890
N         -0.385322754009   -2.974557877848    1.219717622992
N          2.974557882065   -0.385322775729    1.219717622589
N          0.385322752118    2.974557877399   -1.219717622679
N         -2.426945427931   -1.762971655300   -1.219851299894
N          1.762971664203   -2.426945422058   -1.219851304708
N          2.426945417778    1.762971679998   -1.219851301097
N         -1.762971665007    2.426945422317    1.219851306011
N         -2.426945420418   -1.762971677341    1.219851296657
N          1.762971675768   -2.426945426851    1.219851296050
N          2.426945428549    1.762971656380    1.219851296669
N         -1.762971678143    2.426945426757   -1.219851294810
C         -2.441303168307   -0.622638835806   -1.995841935959
C          0.622638825520   -2.441303172409   -1.995841922853
C          2.441303180420    0.622638786172   -1.995841931300
C         -0.622638821471    2.441303175273    1.995841915492
C         -2.441303173456   -0.622638793167    1.995841949007
C          0.622638794614   -2.441303177064    1.995841938143
C          2.441303163753    0.622638838857    1.995841947230
C         -0.622638792183    2.441303176836   -1.995841942156
O         -2.104695549361   -0.536651377878   -3.138127389800
O          0.536651383147   -2.104695540914   -3.138127390516
O          2.104695542161    0.536651399173   -3.138127403529
O         -0.536651383935    2.104695536551    3.138127385007
O         -2.104695548959   -0.536651398766    3.138127407534
O          0.536651393956   -2.104695542637    3.138127377102
O          2.104695554007    0.536651377243    3.138127386221
O         -0.536651396259    2.104695545424   -3.138127382948
C         -2.955248782028    1.754153322181   -1.655620603756
C         -1.754153314096   -2.955248792938   -1.655620606571
C          2.955248786628   -1.754153332534   -1.655620606713
C          1.754153315588    2.955248793726    1.655620607180
C         -2.955248785569    1.754153329796    1.655620606641
C         -1.754153339567   -2.955248777270    1.655620604612
C          2.955248783130   -1.754153319271    1.655620604526
C          1.754153341769    2.955248775286   -1.655620604300
H         -3.848606479267    2.284354730259   -1.303468274789
H         -2.284354731349   -3.848606472246   -1.303468266894
H          3.848606474338   -2.284354726553   -1.303468262765
H          2.284354730117    3.848606472399    1.303468264250
H         -3.848606474110    2.284354728125    1.303468265034
H         -2.284354723940   -3.848606480327    1.303468268240
H          3.848606478214   -2.284354731895    1.303468276390
H          2.284354724577    3.848606479752   -1.303468269626
H         -2.910892227644    1.727746440110   -2.753452423540
H         -1.727746443096   -2.910892229388   -2.753452425551
H          2.910892233335   -1.727746443190   -2.753452425510
H          1.727746443135    2.910892230796    2.753452425469
H         -2.910892232112    1.727746443089    2.753452425607
H         -1.727746439115   -2.910892232436    2.753452422675
H          2.910892226408   -1.727746439915    2.753452424080
H          1.727746439078    2.910892231184   -2.753452423550
H         -4.649629156814    0.060410015665   -0.000000002879
H         -0.060410019907   -4.649629155941   -0.000000004886
H          4.649629156639   -0.060410016404    0.000000003758
H          0.060410020704    4.649629155304    0.000000004576
H         -4.052974875886   -2.279742487855    0.000000003949
H          2.279742491176   -4.052974875615    0.000000000988
H          4.052974874973    2.279742488623   -0.000000005403
H         -2.279742490973    4.052974876343   -0.000000000157
NE         0.000000000215    0.000000000107   -0.000000000002
   73
 SCF done    -152.52217519      0.01347784
C         -3.165224621823   -1.607379671631    0.000000000672
C          1.607379671709   -3.165224623144    0.000000003762
C          3.165224622730    1.607379671410    0.000000001488
C         -1.607379672245    3.165224623660   -0.000000004362
C         -3.548334218470   -0.104806785990   -0.000000000138
C          0.104806787162   -3.548334217653    0.000000002233
C          3.548334218460    0.104806785879    0.000000003152
C         -0.104806786874    3.548334217166   -0.000000003954
N         -2.966488544027    0.385127370110   -1.218065453129
N         -0.385127369269   -2.966488537561   -1.218065457271
N          2.966488535819   -0.385127358523   -1.218065458673
N          0.385127368126    2.966488535803    1.218065457119
N         -2.966488538312    0.385127362005    1.218065454649
N         -0.385127359438   -2.966488540824    1.218065452185
N          2.966488545160   -0.385127370239    1.218065449764
N          0.385127358379    2.966488541225   -1.218065451999
N         -2.419915488273   -1.758906324934   -1.218147086831
N          1.758906330643   -2.419915483032   -1.218147089840
N          2.419915481693    1.758906337938   -1.218147086136
N         -1.758906330615    2.419915483874    1.218147090419
N         -2.419915483349   -1.758906336257    1.218147081856
N          1.758906336597   -2.419915488758    1.218147082200
N          2.419915488710    1.758906327631    1.218147082975
N         -1.758906339035    2.419915489699   -1.218147080940
C         -2.435010507573   -0.621046179628   -1.995281012282
C          0.621046172612   -2.435010505999   -1.995281004172
C          2.435010515533    0.621046147644   -1.995281004326
C         -0.621046169409    2.435010504938    1.995281000197
C         -2.435010510511   -0.621046154011    1.995281017875
C          0.621046154001   -2.435010507482    1.995281017232
C          2.435010503775    0.621046179918    1.995281024326
C         -0.621046152353    2.435010509391   -1.995281021847
O         -2.098262545673   -0.535104647281   -3.139236957508
O          0.535104654232   -2.098262532275   -3.139236950105
O          2.098262529950    0.535104678920   -3.139236954274
O         -0.535104653844    2.098262523074    3.139236944974
O         -2.098262538185   -0.535104677386    3.139236958870
O          0.535104673153   -2.098262533153    3.139236956591
O          2.098262552148    0.535104647118    3.139236960448
O         -0.535104677310    2.098262540159   -3.139236957865
C         -2.951068278494    1.751684075742   -1.656875634272
C         -1.751684068828   -2.951068284377   -1.656875636307
C          2.951068279317   -1.751684082832   -1.656875636806
C          1.751684070149    2.951068284693    1.656875635496
C         -2.951068278794    1.751684080124    1.656875637175
C         -1.751684087573   -2.951068272659    1.656875634125
C          2.951068279081   -1.751684074213    1.656875634524
C          1.751684090407    2.951068270263   -1.656875634992
H         -3.844830080099    2.282121475836   -1.307676197545
H         -2.282121474676   -3.844830072573   -1.307676185391
H          3.844830072850   -2.282121470861   -1.307676178857
H          2.282121473180    3.844830073299    1.307676182103
H         -3.844830072560    2.282121472925    1.307676182990
H         -2.282121470185   -3.844830077954    1.307676187882
H          3.844830079040   -2.282121477102    1.307676198763
H          2.282121470387    3.844830077483   -1.307676190048
H         -2.901970266618    1.722516171095   -2.754634520642
H         -1.722516174347   -2.901970271531   -2.754634522662
H          2.901970276358   -1.722516177036   -2.754634523210
H          1.722516175249    2.901970273746    2.754634521105
H         -2.901970274582    1.722516175577    2.754634523226
H         -1.722516174132   -2.901970270456    2.754634519546
H          2.901970266274   -1.722516170195    2.754634520314
H          1.722516173074    2.901970268957   -2.754634521187
H         -4.643337198348    0.066465255647   -0.000000001621
H         -0.066465257056   -4.643337195759   -0.000000004457
H          4.643337197645   -0.066465256267    0.000000001920
H          0.066465258359    4.643337195305    0.000000004546
H         -4.044526556790   -2.282051347118    0.000000003032
H          2.282051347059   -4.044526557314   -0.000000000245
H          4.044526557006    2.282051347275   -0.000000005253
H         -2.282051346847    4.044526558419    0.000000001175
NE         0.000000000490    0.000000000061   -0.000000001761
   73
 SCF done    -152.52219737      0.00330369
C         -3.165223071850   -1.607524789502    0.000000000240
C          1.607524790327   -3.165223073320    0.000000002911
C          3.165223072829    1.607524789680    0.000000001538
C         -1.607524790991    3.165223073569   -0.000000002917
C         -3.548417060884   -0.104680412667    0.000000000295
C          0.104680413846   -3.548417060580    0.000000002359
C          3.548417060869    0.104680412831    0.000000002714
C         -0.104680413916    3.548417059992   -0.000000002780
N         -2.965813832659    0.384949539769   -1.217978511333
N         -0.384949539008   -2.965813828235   -1.217978512563
N          2.965813827693   -0.384949534991   -1.217978515841
N          0.384949538594    2.965813826725    1.217978512187
N         -2.965813829222    0.384949536000    1.217978512498
N         -0.384949533638   -2.965813831502    1.217978511350
N          2.965813833029   -0.384949539161    1.217978508018
N          0.384949533354    2.965813831571   -1.217978511272
N         -2.419371602071   -1.758408226915   -1.218036515961
N          1.758408229953   -2.419371599398   -1.218036516602
N          2.419371597389    1.758408232349   -1.218036512690
N         -1.758408229858    2.419371600331    1.218036517287
N         -2.419371597894   -1.758408231107    1.218036509882
N          1.758408232394   -2.419371603375    1.218036511248
N          2.419371602737    1.758408227845    1.218036513547
N         -1.758408233627    2.419371604171   -1.218036510357
C         -2.434400254076   -0.620887817679   -1.995472222249
C          0.620887813831   -2.434400251056   -1.995472218823
C          2.434400256108    0.620887799514   -1.995472217533
C         -0.620887811977    2.434400247704    1.995472217124
C         -2.434400253273   -0.620887803212    1.995472226440
C          0.620887803962   -2.434400252099    1.995472225249
C          2.434400252416    0.620887817895    1.995472230064
C         -0.620887803728    2.434400255152   -1.995472228889
O         -2.096068699930   -0.534572919790   -3.139319135173
O          0.534572926614   -2.096068689037   -3.139319130762
O          2.096068684117    0.534572949393   -3.139319129915
O         -0.534572925387    2.096068678034    3.139319126441
O         -2.096068691820   -0.534572946992    3.139319134278
O          0.534572944009   -2.096068686551    3.139319134085
O          2.096068706005    0.534572920072    3.139319139856
O         -0.534572948832    2.096068696211   -3.139319138511
C         -2.950141696367    1.751135648976   -1.658174624789
C         -1.751135644098   -2.950141699813   -1.658174625617
C          2.950141697062   -1.751135654014   -1.658174625707
C          1.751135645221    2.950141699892    1.658174624744
C         -2.950141697010    1.751135651869    1.658174626572
C         -1.751135656205   -2.950141691800    1.658174624149
C          2.950141696435   -1.751135647900    1.658174624898
C          1.751135657963    2.950141690405   -1.658174624983
H         -3.844505209242    2.281942559247   -1.311520975465
H         -2.281942558223   -3.844505203885   -1.311520964103
H          3.844505204524   -2.281942556068   -1.311520957464
H          2.281942556434    3.844505204803    1.311520961878
H         -3.844505204339    2.281942557795    1.311520961741
H         -2.281942556611   -3.844505205966    1.311520966822
H          3.844505208258   -2.281942560210    1.311520976111
H          2.281942556797    3.844505205713   -1.311520968542
H         -2.898764516377    1.720622620972   -2.755638772715
H         -1.720622624002   -2.898764524102   -2.755638773568
H          2.898764529426   -1.720622629230   -2.755638773686
H          1.720622625044    2.898764526104    2.755638772301
H         -2.898764527451    1.720622627013    2.755638774012
H         -1.720622625625   -2.898764520144    2.755638771745
H          2.898764516304   -1.720622619706    2.755638772308
H          1.720622624657    2.898764518708   -2.755638772584
H         -4.642675908522    0.068711630247   -0.000000000313
H         -0.068711631410   -4.642675906928   -0.000000002674
H          4.642675907950   -0.068711630978   -0.000000000151
H          0.068711631941    4.642675906499    0.000000003312
H         -4.042858519174   -2.283705410237    0.000000001444
H          2.283705410631   -4.042858520360   -0.000000000932
H          4.042858520041    2.283705410227   -0.000000002985
H         -2.283705410061    4.042858521380    0.000000001811
NE         0.000000000591   -0.000000000148   -0.000000003015
   73
 SCF done    -152.52220282      0.00116856
C         -3.165564605861   -1.607767662521   -0.000000000087
C          1.607767663767   -3.165564607654    0.000000001664
C          3.165564606490    1.607767662757    0.000000001375
C         -1.607767664082    3.165564607718   -0.000000001127
C         -3.548849381054   -0.104637163303    0.000000000553
C          0.104637164304   -3.548849381549    0.000000001777
C          3.548849381146    0.104637163480    0.000000001515
C         -0.104637164306    3.548849381219   -0.000000001300
N         -2.965980368736    0.384881381458   -1.218026349251
N         -0.384881380553   -2.965980366191   -1.218026349334
N          2.965980367232   -0.384881380437   -1.218026353313
N          0.384881380596    2.965980365260    1.218026349120
N         -2.965980367193    0.384881380192    1.218026351244
N         -0.384881378467   -2.965980369564    1.218026350701
N          2.965980368213   -0.384881380629    1.218026346884
N          0.384881378392    2.965980369557   -1.218026350254
N         -2.419509570248   -1.758407785040   -1.218065058735
N          1.758407786351   -2.419509569464   -1.218065057997
N          2.419509566352    1.758407785672   -1.218065054249
N         -1.758407786543    2.419509570218    1.218065058921
N         -2.419509565843   -1.758407784611    1.218065053386
N          1.758407786769   -2.419509570998    1.218065054669
N          2.419509570654    1.758407784989    1.218065057906
N         -1.758407787184    2.419509571420   -1.218065053605
C         -2.434094727689   -0.620803318609   -1.995419491764
C          0.620803317507   -2.434094725594   -1.995419489690
C          2.434094726434    0.620803311370   -1.995419489248
C         -0.620803316395    2.434094721374    1.995419489119
C         -2.434094726224   -0.620803312870    1.995419492156
C          0.620803313883   -2.434094725344    1.995419491832
C          2.434094727900    0.620803318538    1.995419494521
C         -0.620803314786    2.434094729057   -1.995419494464
O         -2.094838467302   -0.534272342028   -3.139027215047
O          0.534272347039   -2.094838459436   -3.139027213772
O          2.094838454937    0.534272363146   -3.139027212594
O         -0.534272344969    2.094838448961    3.139027210845
O         -2.094838460455   -0.534272360614    3.139027216751
O          0.534272358679   -2.094838455267    3.139027213220
O          2.094838471392    0.534272342212    3.139027217974
O         -0.534272363318    2.094838465440   -3.139027216726
C         -2.949801479985    1.750935315465   -1.659208065097
C         -1.750935312938   -2.949801481698   -1.659208065019
C          2.949801481407   -1.750935318770   -1.659208064551
C          1.750935313788    2.949801481495    1.659208064414
C         -2.949801481466    1.750935317330    1.659208065432
C         -1.750935318593   -2.949801477559    1.659208064266
C          2.949801479768   -1.750935314766    1.659208065229
C          1.750935318962    2.949801476944   -1.659208064817
H         -3.844763891060    2.282114105049   -1.314750255233
H         -2.282114104287   -3.844763888559   -1.314750247153
H          3.844763889482   -2.282114104179   -1.314750241511
H          2.282114103224    3.844763889010    1.314750245804
H         -3.844763889375    2.282114104853    1.314750244729
H         -2.282114104718   -3.844763888294    1.314750249137
H          3.844763890408   -2.282114105528    1.314750255817
H          2.282114104942    3.844763888394   -1.314750250449
H         -2.896376111967    1.719213044456   -2.756436143511
H         -1.719213046192   -2.896376120654   -2.756436143674
H          2.896376125750   -1.719213053395   -2.756436143558
H          1.719213047297    2.896376121929    2.756436143126
H         -2.896376124020    1.719213050599    2.756436143980
H         -1.719213048806   -2.896376115713    2.756436142882
H          2.896376111954   -1.719213042575    2.756436143334
H          1.719213047884    2.896376114335   -2.756436143219
H         -4.642730701673    0.069328167792    0.000000000569
H         -0.069328168362   -4.642730701808   -0.000000001144
H          4.642730701609   -0.069328168358   -0.000000001560
H          0.069328168569    4.642730701524    0.000000001818
H         -4.042586187192   -2.284284262004    0.000000000149
H          2.284284262857   -4.042586189175   -0.000000001134
H          4.042586187944    2.284284262069   -0.000000000733
H         -2.284284262524    4.042586189786    0.000000001987
NE         0.000000000487   -0.000000000312   -0.000000003886
   73
 SCF done    -152.52220391      0.00063025
C         -3.165726508496   -1.607860837125   -0.000000000242
C          1.607860838245   -3.165726510171    0.000000000764
C          3.165726508809    1.607860837335    0.000000001008
C         -1.607860838342    3.165726510143    0.000000000070
C         -3.549049622414   -0.104639365864    0.000000000450
C          0.104639366579   -3.549049623173    0.000000001040
C          3.549049622478    0.104639366025    0.000000000628
C         -0.104639366541    3.549049622870   -0.000000000295
N         -2.966200538502    0.384881090557   -1.218043261065
N         -0.384881089988   -2.966200536502   -1.218043260699
N          2.966200538733   -0.384881090644   -1.218043264655
N          0.384881090215    2.966200536223    1.218043260797
N         -2.966200537818    0.384881090365    1.218043263393
N         -0.384881088930   -2.966200540328    1.218043263432
N          2.966200537268   -0.384881090116    1.218043259726
N          0.384881088764    2.966200539861   -1.218043262804
N         -2.419671740929   -1.758497005722   -1.218070388916
N          1.758497006340   -2.419671740237   -1.218070387703
N          2.419671736852    1.758497004595   -1.218070384857
N         -1.758497006664    2.419671741126    1.218070388817
N         -2.419671735999   -1.758497003996    1.218070384817
N          1.758497006081   -2.419671740746    1.218070386106
N          2.419671740931    1.758497005418    1.218070389002
N         -1.758497006135    2.419671740448   -1.218070384844
C         -2.434044976837   -0.620784501889   -1.995295699753
C          0.620784501869   -2.434044974776   -1.995295697354
C          2.434044974842    0.620784499737   -1.995295697166
C         -0.620784501096    2.434044971550    1.995295697510
C         -2.434044975689   -0.620784500142    1.995295697250
C          0.620784501229   -2.434044975326    1.995295697884
C          2.434044977759    0.620784501871    1.995295699735
C         -0.620784502164    2.434044978147   -1.995295699364
O         -2.094514586579   -0.534191844033   -3.138759102670
O          0.534191846757   -2.094514579940   -3.138759100588
O          2.094514577355    0.534191856231   -3.138759101277
O         -0.534191844560    2.094514572401    3.138759098744
O         -2.094514581251   -0.534191854558    3.138759102609
O          0.534191853552   -2.094514577764    3.138759100902
O          2.094514589519    0.534191844307    3.138759104150
O         -0.534191857105    2.094514585778   -3.138759103494
C         -2.949676572784    1.750863186545   -1.659634373010
C         -1.750863185591   -2.949676573414   -1.659634372808
C          2.949676574437   -1.750863188460   -1.659634372201
C          1.750863186103    2.949676573274    1.659634372608
C         -2.949676574305    1.750863187715    1.659634373037
C         -1.750863187317   -2.949676571787    1.659634372592
C          2.949676572601   -1.750863186182    1.659634373331
C          1.750863187090    2.949676571607   -1.659634372762
H         -3.844921988192    2.282222987473   -1.316208135031
H         -2.282222986522   -3.844921987101   -1.316208129939
H          3.844921987759   -2.282222987480   -1.316208125523
H          2.282222986205    3.844921987092    1.316208128993
H         -3.844921987738    2.282222987349    1.316208127767
H         -2.282222987885   -3.844921985966    1.316208131122
H          3.844921987760   -2.282222987310    1.316208135615
H          2.282222987797    3.844921986237   -1.316208132282
H         -2.895154119701    1.718494657724   -2.756766073235
H         -1.718494658373   -2.895154126641   -2.756766073386
H          2.895154130872   -1.718494665065   -2.756766073157
H          1.718494659399    2.895154127446    2.756766073291
H         -2.895154129550    1.718494662364    2.756766073775
H         -1.718494660901   -2.895154122470    2.756766073214
H          2.895154119657   -1.718494655833    2.756766073402
H          1.718494659958    2.895154121416   -2.756766073231
H         -4.642900030964    0.069179650100    0.000000000822
H         -0.069179650154   -4.642900031617   -0.000000000709
H          4.642900030967   -0.069179650252   -0.000000001557
H          0.069179650203    4.642900031384    0.000000001081
H         -4.042777602640   -2.284252042412    0.000000000030
H          2.284252042957   -4.042777604771   -0.000000001007
H          4.042777603101    2.284252042353   -0.000000000027
H         -2.284252042709    4.042777605090    0.000000001660
NE         0.000000000323   -0.000000000343   -0.000000003559
   73
 SCF done    -152.52220417      0.00034564
C         -3.165726050376   -1.607868211569   -0.000000000293
C          1.607868212404   -3.165726051844    0.000000000230
C          3.165726050572    1.607868211690    0.000000000433
C         -1.607868212359    3.165726051784    0.000000000531
C         -3.549064841796   -0.104638093335    0.000000000060
C          0.104638093809   -3.549064842577    0.000000000423
C          3.549064841891    0.104638093422    0.000000000123
C         -0.104638093716    3.549064842312    0.000000000234
N         -2.966312444009    0.384900217583   -1.218047976605
N         -0.384900217516   -2.966312442181   -1.218047975614
N          2.966312445112   -0.384900217860   -1.218047978924
N          0.384900217538    2.966312442237    1.218047976003
N         -2.966312443786    0.384900217842    1.218047978023
N         -0.384900216696   -2.966312446534    1.218047978838
N          2.966312442625   -0.384900217680    1.218047975712
N          0.384900216458    2.966312445753   -1.218047978196
N         -2.419735158931   -1.758553897325   -1.218067212833
N          1.758553897616   -2.419735157884   -1.218067211249
N          2.419735154657    1.758553895874   -1.218067209463
N         -1.758553898029    2.419735158860    1.218067212440
N         -2.419735153864   -1.758553895612    1.218067209489
N          1.758553897323   -2.419735158278    1.218067211035
N          2.419735158797    1.758553897181    1.218067213005
N         -1.758553897364    2.419735157393   -1.218067209781
C         -2.434078585540   -0.620787959675   -1.995220021360
C          0.620787959821   -2.434078582924   -1.995220019117
C          2.434078583175    0.620787959216   -1.995220019064
C         -0.620787959219    2.434078581274    1.995220019305
C         -2.434078584077   -0.620787959172    1.995220018568
C          0.620787960490   -2.434078584895    1.995220019535
C          2.434078586474    0.620787959838    1.995220020629
C         -0.620787960999    2.434078586610   -1.995220020067
O         -2.094527986476   -0.534193115401   -3.138647232962
O          0.534193116090   -2.094527980775   -3.138647229783
O          2.094527979839    0.534193120219   -3.138647230485
O         -0.534193114382    2.094527976424    3.138647229251
O         -2.094527982908   -0.534193119724    3.138647230848
O          0.534193119495   -2.094527981333    3.138647230692
O          2.094527988910    0.534193115800    3.138647233087
O         -0.534193121840    2.094527986503   -3.138647232120
C         -2.949610239459    1.750825882324   -1.659794954144
C         -1.750825882125   -2.949610239439   -1.659794953883
C          2.949610240846   -1.750825883215   -1.659794953316
C          1.750825882400    2.949610239446    1.659794953851
C         -2.949610240576    1.750825883036    1.659794953920
C         -1.750825881885   -2.949610239208    1.659794954037
C          2.949610239311   -1.750825882124    1.659794954485
C          1.750825881546    2.949610239117   -1.659794954080
H         -3.844966196010    2.282261927920   -1.316789435934
H         -2.282261926881   -3.844966195596   -1.316789433071
H          3.844966195931   -2.282261928142   -1.316789429923
H          2.282261926991    3.844966195421    1.316789432349
H         -3.844966196032    2.282261927640    1.316789431224
H         -2.282261928546   -3.844966194318    1.316789433647
H          3.844966195838   -2.282261927513    1.316789436348
H          2.282261928174    3.844966194574   -1.316789434597
H         -2.894581056033    1.718159290854   -2.756894743261
H         -1.718159290726   -2.894581060279   -2.756894743305
H          2.894581063272   -1.718159295527   -2.756894743028
H          1.718159291557    2.894581060752    2.756894743348
H         -2.894581062597    1.718159293582    2.756894743547
H         -1.718159292607   -2.894581057560    2.756894743489
H          2.894581055981   -1.718159289371    2.756894743564
H          1.718159291710    2.894581056800   -2.756894743441
H         -4.642987575114    0.068946098799    0.000000000585
H         -0.068946098804   -4.642987575826   -0.000000000683
H          4.642987575168   -0.068946098889   -0.000000000903
H          0.068946098874    4.642987575607    0.000000000896
H         -4.042939257451   -2.284105408111    0.000000000363
H          2.284105408419   -4.042939259324   -0.000000000650
H          4.042939257690    2.284105408125   -0.000000000279
H         -2.284105408244    4.042939259465    0.000000001020
NE         0.000000000166   -0.000000000257   -0.000000002756
