   73
 SCF done    -150.94710048      0.00000000
C         -3.218818418501   -1.637609195395    0.000000000000
C          1.637609195395   -3.218818418501    0.000000000000
C          3.218818418501    1.637609195395    0.000000000000
C         -1.637609195395    3.218818418501    0.000000000000
C         -3.609118226736   -0.103479949157    0.000000000000
C          0.103479949157   -3.609118226736    0.000000000000
C          3.609118226736    0.103479949157    0.000000000000
C         -0.103479949157    3.609118226736    0.000000000000
N         -3.055368498809    0.383249811698   -1.246629387495
N         -0.383249811698   -3.055368498809   -1.246629387495
N          3.055368498809   -0.383249811698   -1.246629387495
N          0.383249811698    3.055368498809    1.246629387495
N         -3.055368498809    0.383249811698    1.246629387495
N         -0.383249811698   -3.055368498809    1.246629387495
N          3.055368498809   -0.383249811698    1.246629387495
N          0.383249811698    3.055368498809   -1.246629387495
N         -2.500128771614   -1.800519115353   -1.246969387328
N          1.800519115353   -2.500128771614   -1.246969387328
N          2.500128771614    1.800519115353   -1.246969387328
N         -1.800519115353    2.500128771614    1.246969387328
N         -2.500128771614   -1.800519115353    1.246969387328
N          1.800519115353   -2.500128771614    1.246969387328
N          2.500128771614    1.800519115353    1.246969387328
N         -1.800519115353    2.500128771614   -1.246969387328
C         -2.517738762962   -0.642399684370   -2.030909002156
C          0.642399684370   -2.517738762962   -2.030909002156
C          2.517738762962    0.642399684370   -2.030909002156
C         -0.642399684370    2.517738762962    2.030909002156
C         -2.517738762962   -0.642399684370    2.030909002156
C          0.642399684370   -2.517738762962    2.030909002156
C          2.517738762962    0.642399684370    2.030909002156
C         -0.642399684370    2.517738762962   -2.030909002156
O         -2.156438940479   -0.550189729676   -3.179788437678
O          0.550189729676   -2.156438940479   -3.179788437678
O          2.156438940479    0.550189729676   -3.179788437678
O         -0.550189729676    2.156438940479    3.179788437678
O         -2.156438940479   -0.550189729676    3.179788437678
O          0.550189729676   -2.156438940479    3.179788437678
O          2.156438940479    0.550189729676    3.179788437678
O         -0.550189729676    2.156438940479   -3.179788437678
C         -2.984488533634    1.771409129655   -1.673259177879
C         -1.771409129655   -2.984488533634   -1.673259177879
C          2.984488533634   -1.771409129655   -1.673259177879
C          1.771409129655    2.984488533634    1.673259177879
C         -2.984488533634    1.771409129655    1.673259177879
C         -1.771409129655   -2.984488533634    1.673259177879
C          2.984488533634   -1.771409129655    1.673259177879
C          1.771409129655    2.984488533634   -1.673259177879
H         -3.876868095182    2.300598869649   -1.319739351574
H         -2.300598869649   -3.876868095182   -1.319739351574
H          3.876868095182   -2.300598869649   -1.319739351574
H          2.300598869649    3.876868095182    1.319739351574
H         -3.876868095182    2.300598869649    1.319739351574
H         -2.300598869649   -3.876868095182    1.319739351574
H          3.876868095182   -2.300598869649    1.319739351574
H          2.300598869649    3.876868095182   -1.319739351574
H         -2.965388543019    1.759389135561   -2.766148640911
H         -1.759389135561   -2.965388543019   -2.766148640911
H          2.965388543019   -1.759389135561   -2.766148640911
H          1.759389135561    2.965388543019    2.766148640911
H         -2.965388543019    1.759389135561    2.766148640911
H         -1.759389135561   -2.965388543019    2.766148640911
H          2.965388543019   -1.759389135561    2.766148640911
H          1.759389135561    2.965388543019   -2.766148640911
H         -4.699457691020    0.044789977993    0.000000000000
H         -0.044789977993   -4.699457691020    0.000000000000
H          4.699457691020   -0.044789977993    0.000000000000
H          0.044789977993    4.699457691020    0.000000000000
H         -4.105857982673   -2.288658875516    0.000000000000
H          2.288658875516   -4.105857982673    0.000000000000
H          4.105857982673    2.288658875516    0.000000000000
H         -2.288658875516    4.105857982673    0.000000000000
XE         0.000000000000    0.000000000000    0.000000000000
   73
 SCF done    -150.96163705      0.09281934
C         -3.202473731923   -1.626181094690   -0.000000001913
C          1.626181094398   -3.202473731214    0.000000001723
C          3.202473730747    1.626181095966   -0.000000001071
C         -1.626181093886    3.202473733182   -0.000000000588
C         -3.589436083230   -0.105843349198   -0.000000000629
C          0.105843347681   -3.589436082795    0.000000002779
C          3.589436082490    0.105843349085   -0.000000001081
C         -0.105843350656    3.589436084077   -0.000000000188
N         -3.026246635497    0.385182145109   -1.234991057583
N         -0.385182140851   -3.026246633201   -1.234991060627
N          3.026246636266   -0.385182140400   -1.234991053920
N          0.385182138253    3.026246630560    1.234991065621
N         -3.026246630445    0.385182130001    1.234991063314
N         -0.385182130576   -3.026246635111    1.234991053575
N          3.026246634414   -0.385182142179    1.234991059352
N          0.385182134945    3.026246630252   -1.234991065461
N         -2.473404467298   -1.788188622469   -1.235319168073
N          1.788188629066   -2.473404464159   -1.235319169685
N          2.473404466021    1.788188631877   -1.235319163553
N         -1.788188626488    2.473404462077    1.235319175598
N         -2.473404460475   -1.788188636254    1.235319171662
N          1.788188639148   -2.473404464368    1.235319161869
N          2.473404465976    1.788188623368    1.235319170369
N         -1.788188627371    2.473404462862   -1.235319174223
C         -2.492477957075   -0.635920021751   -2.013089275525
C          0.635920013630   -2.492477960714   -2.013089271360
C          2.492477953684    0.635920010537   -2.013089293441
C         -0.635920015152    2.492477968518    2.013089247952
C         -2.492477967511   -0.635920001962    2.013089260355
C          0.635919998909   -2.492477956431    2.013089293828
C          2.492477960224    0.635920019510    2.013089268160
C         -0.635920011836    2.492477969201   -2.013089248156
O         -2.159064514422   -0.550824370918   -3.158676362915
O          0.550824372211   -2.159064513219   -3.158676365420
O          2.159064517525    0.550824373580   -3.158676351547
O         -0.550824371145    2.159064508541    3.158676380256
O         -2.159064510447   -0.550824373940    3.158676372422
O          0.550824375658   -2.159064517059    3.158676351453
O          2.159064512819    0.550824371092    3.158676367578
O         -0.550824371713    2.159064508457   -3.158676380195
C         -2.977413508265    1.767206008446   -1.663876059145
C         -1.767206007746   -2.977413511144   -1.663876060893
C          2.977413507645   -1.767206010382   -1.663876061119
C          1.767206009048    2.977413510946    1.663876059717
C         -2.977413508626    1.767206014516    1.663876059598
C         -1.767206016631   -2.977413504572    1.663876060987
C          2.977413505248   -1.767206010231    1.663876060420
C          1.767206011441    2.977413508266   -1.663876060482
H         -3.871421515421    2.297390915341   -1.312063381551
H         -2.297390915256   -3.871421514950   -1.312063381633
H          3.871421515388   -2.297390915264   -1.312063381490
H          2.297390915183    3.871421514844    1.312063381732
H         -3.871421514825    2.297390914864    1.312063381807
H         -2.297390915002   -3.871421515399    1.312063381529
H          3.871421515735   -2.297390915592    1.312063381343
H          2.297390915281    3.871421515082   -1.312063381605
H         -2.944793216676    1.747530127254   -2.759694923108
H         -1.747530127191   -2.944793216579   -2.759694922705
H          2.944793216722   -1.747530127153   -2.759694922690
H          1.747530127086    2.944793216588    2.759694922926
H         -2.944793216645    1.747530126881    2.759694922943
H         -1.747530126865   -2.944793216863    2.759694922694
H          2.944793216947   -1.747530127039    2.759694922851
H          1.747530126909    2.944793216787   -2.759694922807
H         -4.684713912531    0.044212375937   -0.000000000077
H         -0.044212375891   -4.684713912558   -0.000000000163
H          4.684713912680   -0.044212375989    0.000000000043
H          0.044212375948    4.684713912395    0.000000000020
H         -4.092908995538   -2.281337482286    0.000000000160
H          2.281337482410   -4.092908995649   -0.000000000007
H          4.092908995597    2.281337482252   -0.000000000015
H         -2.281337482242    4.092908995449    0.000000000013
XE         0.000000000014   -0.000000000019   -0.000000000005
   73
 SCF done    -150.96607590      0.03171068
C         -3.188199084087   -1.616032731735   -0.000000000938
C          1.616032732603   -3.188199082180    0.000000003912
C          3.188199079776    1.616032734226   -0.000000001416
C         -1.616032733012    3.188199086818   -0.000000000773
C         -3.572228381460   -0.108039679786   -0.000000000806
C          0.108039679145   -3.572228379100    0.000000004094
C          3.572228380147    0.108039681298   -0.000000001015
C         -0.108039683832    3.572228384762    0.000000000282
N         -2.998407070998    0.385103700405   -1.224200473545
N         -0.385103695487   -2.998407066974   -1.224200478532
N          2.998407070552   -0.385103695134   -1.224200468142
N          0.385103693997    2.998407069947    1.224200482858
N         -2.998407068412    0.385103688206    1.224200478961
N         -0.385103688001   -2.998407070162    1.224200464382
N          2.998407071660   -0.385103696348    1.224200474904
N          0.385103691060    2.998407071448   -1.224200481390
N         -2.448693162360   -1.774623286470   -1.224464045501
N          1.774623291855   -2.448693158800   -1.224464049207
N          2.448693157994    1.774623294672   -1.224464038134
N         -1.774623292084    2.448693159220    1.224464053942
N         -2.448693158123   -1.774623299965    1.224464047026
N          1.774623302028   -2.448693159299    1.224464034061
N          2.448693159412    1.774623288381    1.224464047487
N         -1.774623292973    2.448693161976   -1.224464051807
C         -2.477838901975   -0.632117435684   -2.003681735547
C          0.632117425287   -2.477838906850   -2.003681728993
C          2.477838894339    0.632117420845   -2.003681758615
C         -0.632117427484    2.477838916367    2.003681709456
C         -2.477838912348   -0.632117408784    2.003681731446
C          0.632117403930   -2.477838895594    2.003681768858
C          2.477838904441    0.632117431650    2.003681736116
C         -0.632117423707    2.477838917702   -2.003681710109
O         -2.154972810028   -0.549753311716   -3.149606049776
O          0.549753314569   -2.154972802819   -3.149606050220
O          2.154972814786    0.549753317800   -3.149606056912
O         -0.549753313527    2.154972800004    3.149606033590
O         -2.154972803099   -0.549753322490    3.149606036132
O          0.549753323874   -2.154972815947    3.149606050672
O          2.154972807923    0.549753310735    3.149606043311
O         -0.549753313853    2.154972797687   -3.149606030779
C         -2.965483470474    1.760155082123   -1.655267355490
C         -1.760155081604   -2.965483472898   -1.655267356150
C          2.965483468337   -1.760155084865   -1.655267355494
C          1.760155082875    2.965483472214    1.655267358215
C         -2.965483468605    1.760155091627    1.655267359298
C         -1.760155095647   -2.965483462581    1.655267356323
C          2.965483464346   -1.760155086106    1.655267354749
C          1.760155087432    2.965483469206   -1.655267355813
H         -3.859584988253    2.290452188564   -1.304754165555
H         -2.290452186278   -3.859584987203   -1.304754161942
H          3.859584987698   -2.290452187128   -1.304754163593
H          2.290452185198    3.859584987139    1.304754162369
H         -3.859584987345    2.290452184410    1.304754161768
H         -2.290452186089   -3.859584988995    1.304754163421
H          3.859584991205   -2.290452184512    1.304754166100
H          2.290452183566    3.859584990616   -1.304754163233
H         -2.922908716679    1.734843917419   -2.753086936548
H         -1.734843918983   -2.922908718468   -2.753086935842
H          2.922908719033   -1.734843917877   -2.753086934796
H          1.734843916857    2.922908718233    2.753086938535
H         -2.922908717621    1.734843918809    2.753086939556
H         -1.734843918472   -2.922908717701    2.753086934364
H          2.922908717300   -1.734843917072    2.753086933559
H          1.734843916274    2.922908719150   -2.753086935324
H         -4.669201907854    0.051371213703   -0.000000001176
H         -0.051371211406   -4.669201906555   -0.000000002158
H          4.669201908273   -0.051371209133    0.000000000832
H          0.051371216146    4.669201908715    0.000000001001
H         -4.075447660401   -2.280539657438    0.000000002584
H          2.280539655732   -4.075447662094    0.000000000411
H          4.075447659092    2.280539656991   -0.000000000035
H         -2.280539662225    4.075447658812    0.000000000337
XE         0.000000036048   -0.000000045414    0.000000000396
   73
 SCF done    -150.96647236      0.01419035
C         -3.182000655260   -1.613146648241   -0.000000000587
C          1.613146649860   -3.182000666339    0.000000003668
C          3.182000661491    1.613146642755   -0.000000002632
C         -1.613146641973    3.182000655610   -0.000000000447
C         -3.565532227380   -0.107651964803   -0.000000001651
C          0.107651965661   -3.565532238167    0.000000003050
C          3.565532235600    0.107651959189   -0.000000001877
C         -0.107651961072    3.565532227956    0.000000000674
N         -2.989218567019    0.384741722731   -1.222258691808
N         -0.384741720365   -2.989218580407   -1.222258696320
N          2.989218576665   -0.384741727869   -1.222258689598
N          0.384741729633    2.989218564705    1.222258693952
N         -2.989218567381    0.384741718178    1.222258693204
N         -0.384741716196   -2.989218581030    1.222258687813
N          2.989218579035   -0.384741728272    1.222258693522
N          0.384741726984    2.989218565088   -1.222258695937
N         -2.440587329616   -1.769771389202   -1.222456892054
N          1.769771394399   -2.440587344122   -1.222456896196
N          2.440587337485    1.769771386458   -1.222456887684
N         -1.769771386191    2.440587325296    1.222456893684
N         -2.440587326973   -1.769771395350    1.222456890779
N          1.769771396943   -2.440587342007    1.222456886818
N          2.440587338971    1.769771384222    1.222456893879
N         -1.769771385447    2.440587327425   -1.222456895492
C         -2.473314247415   -0.630916244193   -2.004034614613
C          0.630916240410   -2.473314275532   -2.004034620679
C          2.473314261485    0.630916229066   -2.004034634741
C         -0.630916227766    2.473314241113    2.004034604807
C         -2.473314250549   -0.630916224102    2.004034614025
C          0.630916226428   -2.473314271891    2.004034636284
C          2.473314266449    0.630916235836    2.004034617128
C         -0.630916226054    2.473314245118   -2.004034594714
O         -2.153369322942   -0.549321296724   -3.152566136501
O          0.549321304514   -2.153369333752   -3.152566135643
O          2.153369343742    0.549321302282   -3.152566148873
O         -0.549321293005    2.153369302633    3.152566117371
O         -2.153369313966   -0.549321313828    3.152566134827
O          0.549321317838   -2.153369350294    3.152566160038
O          2.153369334338    0.549321291783    3.152566141765
O         -0.549321293099    2.153369299461   -3.152566123407
C         -2.960227627148    1.757065272075   -1.655318056678
C         -1.757065271023   -2.960227634524   -1.655318057920
C          2.960227630040   -1.757065280869   -1.655318057361
C          1.757065279191    2.960227625685    1.655318058909
C         -2.960227624713    1.757065279231    1.655318059680
C         -1.757065283465   -2.960227626875    1.655318055046
C          2.960227627535   -1.757065282692    1.655318054517
C          1.757065282727    2.960227624599   -1.655318055949
H         -3.854135848121    2.287328370207   -1.305701129576
H         -2.287328368687   -3.854135852030   -1.305701123417
H          3.854135851735   -2.287328374381   -1.305701126180
H          2.287328371447    3.854135847945    1.305701124273
H         -3.854135847519    2.287328367535    1.305701123258
H         -2.287328369867   -3.854135853295    1.305701126592
H          3.854135856192   -2.287328371484    1.305701130423
H          2.287328369533    3.854135850145   -1.305701126289
H         -2.913580714092    1.729378116772   -2.753025740144
H         -1.729378120369   -2.913580723572   -2.753025739175
H          2.913580722696   -1.729378125479   -2.753025738785
H          1.729378124460    2.913580716029    2.753025740080
H         -2.913580716669    1.729378121385    2.753025740912
H         -1.729378120882   -2.913580721183    2.753025736079
H          2.913580719069   -1.729378124687    2.753025735945
H          1.729378123891    2.913580715769   -2.753025738611
H         -4.661527871808    0.057456196134   -0.000000001344
H         -0.057456195443   -4.661527881260   -0.000000002382
H          4.661527879820   -0.057456198142   -0.000000000159
H          0.057456202916    4.661527869928    0.000000001040
H         -4.065501749640   -2.282413756386    0.000000001902
H          2.282413757144   -4.065501761415    0.000000000180
H          4.065501755950    2.282413752576   -0.000000000484
H         -2.282413754115    4.065501746463    0.000000000336
XE        -0.000000299049    0.000000385017   -0.000000000551
   73
 SCF done    -150.96652086      0.00386431
C         -3.180280100956   -1.612846097495   -0.000000001459
C          1.612846093891   -3.180279983168    0.000000001707
C          3.180279997984    1.612846171436   -0.000000001962
C         -1.612846175868    3.180280120809   -0.000000000251
C         -3.563969495601   -0.107127309809    0.000000000418
C          0.107127312273   -3.563969381214    0.000000002676
C          3.563969413774    0.107127392794   -0.000000001670
C         -0.107127391718    3.563969531276    0.000000000826
N         -2.987530595138    0.384474032832   -1.222613244224
N         -0.384474041359   -2.987530446238   -1.222613222022
N          2.987530494301   -0.384473956459   -1.222613231665
N          0.384473948159    2.987530645209    1.222613257005
N         -2.987530596749    0.384474031789    1.222613248977
N         -0.384474038133   -2.987530445768    1.222613221882
N          2.987530498225   -0.384473957427    1.222613233344
N          0.384473947439    2.987530647049   -1.222613261013
N         -2.439065116523   -1.768626358819   -1.222761276184
N          1.768626350082   -2.439064962555   -1.222761251090
N          2.439064988048    1.768626427851   -1.222761254357
N         -1.768626440902    2.439065143988    1.222761282526
N         -2.439065114770   -1.768626362244    1.222761273729
N          1.768626349257   -2.439064959798    1.222761247728
N          2.439064989970    1.768626428601    1.222761260291
N         -1.768626442507    2.439065146769   -1.222761286229
C         -2.473044594731   -0.630814301848   -2.005445237135
C          0.630814260421   -2.473044342042   -2.005445169588
C          2.473044422734    0.630814347093   -2.005445204103
C         -0.630814384799    2.473044668562    2.005445264075
C         -2.473044595450   -0.630814291681    2.005445235639
C          0.630814255285   -2.473044347556    2.005445173462
C          2.473044424055    0.630814350097    2.005445194124
C         -0.630814384713    2.473044673987   -2.005445254447
O         -2.153034311669   -0.549212089205   -3.154507289187
O          0.549212070672   -2.153034113022   -3.154507243989
O          2.153034184365    0.549212156456   -3.154507270291
O         -0.549212173175    2.153034356092    3.154507301020
O         -2.153034302284   -0.549212102485    3.154507288537
O          0.549212081921   -2.153034124037    3.154507252252
O          2.153034172679    0.549212148196    3.154507261074
O         -0.549212171936    2.153034349451   -3.154507296578
C         -2.958534829683    1.756080157871   -1.657073580383
C         -1.756080159259   -2.958534764153   -1.657073581112
C          2.958534782170   -1.756080080069   -1.657073582324
C          1.756080076265    2.958534850211    1.657073580602
C         -2.958534827123    1.756080165492    1.657073580068
C         -1.756080167279   -2.958534758841    1.657073580569
C          2.958534780381   -1.756080081144    1.657073581835
C          1.756080079988    2.958534848104   -1.657073580411
H         -3.852759372355    2.286610219333   -1.309225419054
H         -2.286610204502   -3.852759316595   -1.309225415676
H          3.852759315852   -2.286610159740   -1.309225419492
H          2.286610173204    3.852759372429    1.309225416185
H         -3.852759372913    2.286610218727    1.309225413887
H         -2.286610205621   -3.852759315743    1.309225418714
H          3.852759317073   -2.286610157631    1.309225423577
H          2.286610171307    3.852759373472   -1.309225416981
H         -2.909546046451    1.726997072522   -2.754438965252
H         -1.726997067808   -2.909545989064   -2.754438965718
H          2.909545996266   -1.726997006059   -2.754438967048
H          1.726997014639    2.909546056702    2.754438965337
H         -2.909546050190    1.726997077366    2.754438964413
H         -1.726997068587   -2.909545985677    2.754438964911
H          2.909545991359   -1.726997005214    2.754438966528
H          1.726997013836    2.909546056392   -2.754438965076
H         -4.659036963580    0.060518412565   -0.000000001130
H         -0.060518398863   -4.659036853658   -0.000000001860
H          4.659036885303   -0.060518332124   -0.000000000409
H          0.060518347354    4.659036994562    0.000000000977
H         -4.061641021484   -2.284039445138    0.000000001413
H          2.284039426420   -4.061640917955    0.000000000025
H          4.061640933069    2.284039501579   -0.000000000597
H         -2.284039520899    4.061641037816    0.000000000580
XE         0.000003185556   -0.000004083803   -0.000000000941
   73
 SCF done    -150.96653754      0.00149073
C         -3.179640478615   -1.612932310453   -0.000000005119
C          1.612932367568   -3.179642020756   -0.000000005031
C          3.179641785203    1.612931371390    0.000000008612
C         -1.612931309393    3.179640244074   -0.000000004663
C         -3.563543036602   -0.106787441358   -0.000000001382
C          0.106787426021   -3.563544525510   -0.000000006257
C          3.563544096235    0.106786400589    0.000000008487
C         -0.106786415559    3.563542604602   -0.000000001516
N         -2.987292907390    0.384349670442   -1.223077464181
N         -0.384349567597   -2.987294846946   -1.223077782806
N          2.987294210150   -0.384350656407   -1.223077635581
N          0.384350761090    2.987292273717    1.223077320010
N         -2.987292916070    0.384349673166    1.223077469498
N         -0.384349560696   -2.987294848485    1.223077778526
N          2.987294212314   -0.384350661163    1.223077638860
N          0.384350764912    2.987292276776   -1.223077328764
N         -2.438732725153   -1.768299415840   -1.223175276027
N          1.768299584544   -2.438734740383   -1.223175597120
N          2.438734360534    1.768298541020   -1.223175480945
N         -1.768298377187    2.438732348865    1.223175159080
N         -2.438732726094   -1.768299421252    1.223175275492
N          1.768299582334   -2.438734735837    1.223175592750
N          2.438734359494    1.768298544100    1.223175491210
N         -1.768298385709    2.438732348399   -1.223175167133
C         -2.473101088598   -0.630796067065   -2.006232910151
C          0.630796550923   -2.473104352566   -2.006233779213
C          2.473103324622    0.630795405128   -2.006233453836
C         -0.630794919847    2.473100049260    2.006232581117
C         -2.473101087713   -0.630796065117    2.006232898901
C          0.630796553018   -2.473104357749    2.006233780553
C          2.473103322865    0.630795404320    2.006233451603
C         -0.630794921687    2.473100051967   -2.006232571146
O         -2.153025105206   -0.549180316022   -3.155371970081
O          0.549180619032   -2.153027600856   -3.155372542143
O          2.153026870614    0.549179583360   -3.155372330606
O         -0.549179276226    2.153024355515    3.155371748639
O         -2.153025093752   -0.549180322928    3.155371978796
O          0.549180626245   -2.153027604935    3.155372553996
O          2.153026866713    0.549179580748    3.155372302903
O         -0.549179274862    2.153024351598   -3.155371733479
C         -2.957736556240    1.755623601634   -1.658846912187
C         -1.755623594646   -2.957737420116   -1.658846890434
C          2.957737169509   -1.755624646112   -1.658846881240
C          1.755624654407    2.957736301951    1.658846901169
C         -2.957736551244    1.755623613556    1.658846910916
C         -1.755623595299   -2.957737422005    1.658846891310
C          2.957737167799   -1.755624647912    1.658846882520
C          1.755624660811    2.957736299858   -1.658846901616
H         -3.852642518557    2.286644678140   -1.313632525627
H         -2.286644848426   -3.852643236494   -1.313632497757
H          3.852643237389   -2.286645440295   -1.313632488817
H          2.286645271040    3.852642521759    1.313632510585
H         -3.852642519892    2.286644676711    1.313632521068
H         -2.286644849587   -3.852643234655    1.313632499913
H          3.852643236445   -2.286645439667    1.313632492287
H          2.286645268520    3.852642522168   -1.313632510868
H         -2.906121250603    1.724977608343   -2.755943851056
H         -1.724977707314   -2.906122050401   -2.755943826435
H          2.906121944468   -1.724978505669   -2.755943818856
H          1.724978409758    2.906121149407    2.755943838955
H         -2.906121256054    1.724977612284    2.755943853124
H         -1.724977709424   -2.906122045393    2.755943830883
H          2.906121939794   -1.724978502873    2.755943816759
H          1.724978407506    2.906121149173   -2.755943841423
H         -4.658066282268    0.061946478054    0.000000000259
H         -0.061946638311   -4.658067689743    0.000000000711
H          4.658067300250   -0.061947473496   -0.000000002623
H          0.061947314543    4.658065893983    0.000000001268
H         -4.059892939663   -2.284958748440    0.000000001586
H          2.284958977659   -4.059894287880    0.000000000787
H          4.059894056314    2.284958025437   -0.000000002502
H         -2.284957798374    4.059892709598    0.000000001819
XE        -0.000041470785    0.000053181689    0.000000003670
   73
 SCF done    -150.96654559      0.00106584
C         -3.179554141392   -1.613072833344   -0.000000005344
C          1.613071974871   -3.179532627791   -0.000000006261
C          3.179535888842    1.613085956513    0.000000007466
C         -1.613086808171    3.179557401140   -0.000000002807
C         -3.563629906080   -0.106644913850   -0.000000001412
C          0.106645162205   -3.563609081183   -0.000000005851
C          3.563615079985    0.106659476019    0.000000008840
C         -0.106659231267    3.563635896929    0.000000000195
N         -2.987564331487    0.384344679641   -1.223325160806
N         -0.384346176469   -2.987537294460   -1.223320757048
N          2.987546156248   -0.384330906941   -1.223322669779
N          0.384329412389    2.987573200108    1.223327070761
N         -2.987564346302    0.384344683302    1.223325169019
N         -0.384346171864   -2.987537297835    1.223320757136
N          2.987546155326   -0.384330912085    1.223322667047
N          0.384329416788    2.987573203215   -1.223327076705
N         -2.438797438906   -1.768304275703   -1.223375439660
N          1.768302040232   -2.438769365808   -1.223370958860
N          2.438774675948    1.768316594445   -1.223372499746
N         -1.768318837611    2.438802754215    1.223376980350
N         -2.438797442360   -1.768304281689    1.223375446528
N          1.768302035692   -2.438769363018    1.223370959296
N          2.438774672405    1.768316597882    1.223372504028
N         -1.768318845645    2.438802756139   -1.223376982533
C         -2.473256160128   -0.630794077669   -2.006395003007
C          0.630787313470   -2.473210507173   -2.006382855843
C          2.473224875409    0.630803323523   -2.006387609234
C         -0.630810087672    2.473270518779    2.006399758246
C         -2.473256161133   -0.630794081521    2.006394992868
C          0.630787320186   -2.473210514805    2.006382853970
C          2.473224868163    0.630803320532    2.006387614310
C         -0.630810088098    2.473270517988   -2.006399751215
O         -2.153197019863   -0.549181690089   -3.155472072035
O          0.549177486737   -2.153162110369   -3.155464064337
O          2.153172439360    0.549192044266   -3.155467206383
O         -0.549196242027    2.153207336498    3.155475213182
O         -2.153197001939   -0.549181687933    3.155472063421
O          0.549177489181   -2.153162108965    3.155464065039
O          2.153172449789    0.549192047825    3.155467208574
O         -0.549196242656    2.153207336839   -3.155475208328
C         -2.957271266367    1.755368136839   -1.660242384621
C         -1.755368345661   -2.957259172557   -1.660242683436
C          2.957262738267   -1.755353624564   -1.660242833799
C          1.755353418920    2.957274825238    1.660242533884
C         -2.957271262626    1.755368147024    1.660242384081
C         -1.755368341139   -2.957259177830    1.660242685126
C          2.957262735350   -1.755353627768    1.660242835416
C          1.755353424852    2.957274823510   -1.660242534366
H         -3.852971267310    2.286942647134   -1.317931984508
H         -2.286940257051   -3.852961258707   -1.317932309455
H          3.852961231913   -2.286931990025   -1.317932475887
H          2.286934381233    3.852971237782    1.317932144402
H         -3.852971266897    2.286942648513    1.317931982481
H         -2.286940257440   -3.852961258559    1.317932312837
H          3.852961231484   -2.286931989877    1.317932478532
H          2.286934379352    3.852971238839   -1.317932145065
H         -2.902963839143    1.723124492317   -2.757171288384
H         -1.723123137720   -2.902952742689   -2.757171626232
H          2.902954191132   -1.723112005085   -2.757171797404
H          1.723113362015    2.902965293295    2.757171456057
H         -2.902963842275    1.723124496233    2.757171290534
H         -1.723123136396   -2.902952738342    2.757171630890
H          2.902954186430   -1.723112003949    2.757171796586
H          1.723113362960    2.902965290143   -2.757171457677
H         -4.657999231653    0.062187408197    0.000000000227
H         -0.062185189676   -4.657979623142    0.000000000878
H          4.657985113782   -0.062173489111   -0.000000001968
H          0.062175709233    4.658004727045    0.000000000501
H         -4.059515964179   -2.285248961680    0.000000001493
H          2.285245782335   -4.059497133973    0.000000000840
H          4.059500277066    2.285259035713   -0.000000001478
H         -2.285262217511    4.059519116004    0.000000002052
XE         0.000579064565   -0.000742479534   -0.000000015621
   73
 SCF done    -150.96653167      0.00084930
C         -3.179564622806   -1.613326812169    0.000000004380
C          1.613338264199   -3.179851941781   -0.000000006128
C          3.179808459057    1.613151519163   -0.000000010489
C         -1.613140257253    3.179521470077    0.000000003043
C         -3.563826732562   -0.106721453651    0.000000015206
C          0.106718142987   -3.564104540831    0.000000018625
C          3.564024249215    0.106526790354    0.000000008086
C         -0.106530247061    3.563746613976    0.000000003876
N         -2.987912985422    0.384300122658   -1.223401100402
N         -0.384280022301   -2.988273968536   -1.223459977428
N          2.988155479400   -0.384483866024   -1.223434427210
N          0.384503829793    2.987794655725    1.223375538183
N         -2.987912998835    0.384300114660    1.223401091184
N         -0.384280011114   -2.988273983902    1.223459943946
N          2.988155478106   -0.384483873117    1.223434406414
N          0.384503831813    2.987794654540   -1.223375551093
N         -2.438826913857   -1.768556817531   -1.223397139717
N          1.768586851612   -2.439202043437   -1.223457045747
N          2.439130951381    1.768392484096   -1.223436327183
N         -1.768362678146    2.438756237487    1.223376508052
N         -2.438826916820   -1.768556801171    1.223397146811
N          1.768586839036   -2.439202051455    1.223457037257
N          2.439130940153    1.768392480258    1.223436334024
N         -1.768362686996    2.438756243070   -1.223376512148
C         -2.473279795123   -0.630888938809   -2.006159960443
C          0.630979255597   -2.473889202627   -2.006321938897
C          2.473697334911    0.630765265825   -2.006258691577
C         -0.630675164379    2.473088278670    2.006096758881
C         -2.473279794080   -0.630888955360    2.006159932670
C          0.630979262155   -2.473889197463    2.006321940273
C          2.473697320124    0.630765274860    2.006258709002
C         -0.630675151748    2.473088281410   -2.006096781926
O         -2.153304113284   -0.549288487287   -3.155173841469
O          0.549344617174   -2.153769994776   -3.155280816290
O          2.153632162959    0.549150184499   -3.155238924245
O         -0.549094241409    2.153166518783    3.155131987164
O         -2.153304089339   -0.549288473369    3.155173822756
O          0.549344613742   -2.153769990178    3.155280801050
O          2.153632180852    0.549150188720    3.155238937705
O         -0.549094247755    2.153166526985   -3.155131979848
C         -2.956788783450    1.755030464822   -1.661491827785
C         -1.755027551933   -2.956949930329   -1.661487766562
C          2.956902386165   -1.755224073498   -1.661485771742
C          1.755226807481    2.956741138647    1.661489798548
C         -2.956788793493    1.755030462317    1.661491833016
C         -1.755027562936   -2.956949933740    1.661487778258
C          2.956902391373   -1.755224061880    1.661485773558
C          1.755226795425    2.956741146137   -1.661489803543
H         -3.853358459063    2.287246978336   -1.322406846470
H         -2.287278720023   -3.853491718851   -1.322402545930
H          3.853492094980   -2.287389063361   -1.322400449337
H          2.287357278470    3.853358637175    1.322404705126
H         -3.853358453659    2.287246984528    1.322406845289
H         -2.287278716522   -3.853491721115    1.322402548429
H          3.853492094004   -2.287389067594    1.322400448214
H          2.287357282234    3.853358637155   -1.322404707835
H         -2.899540102595    1.721064916816   -2.758288486695
H         -1.721082918852   -2.899688091853   -2.758283855800
H          2.899668757481   -1.721231522807   -2.758281574371
H          1.721213397100    2.899520684306    2.758286175327
H         -2.899540100589    1.721064919864    2.758288478218
H         -1.721082910843   -2.899688089826    2.758283848190
H          2.899668752045   -1.721231524172    2.758281573898
H          1.721213403655    2.899520679670   -2.758286176075
H         -4.658289007360    0.061641496215   -0.000000003532
H         -0.061671160844   -4.658550701740   -0.000000002095
H          4.658477178541   -0.061827409316   -0.000000000952
H          0.061797751263    4.658215660012   -0.000000001142
H         -4.059731366426   -2.285255651659   -0.000000000726
H          2.285298082789   -4.059982997080    0.000000000393
H          4.059940949045    2.285121021134    0.000000001374
H         -2.285078734355    4.059689703615    0.000000001244
XE        -0.007728453086    0.009909515728    0.000000095163
   73
 SCF done    -150.96654905      0.00173621
C         -3.179894884761   -1.613259965552   -0.000000006268
C          1.613261283125   -3.179876490397   -0.000000011547
C          3.179876191727    1.613273411873   -0.000000024280
C         -1.613276990550    3.179903418723   -0.000000007652
C         -3.564144360764   -0.106695911562    0.000000015329
C          0.106697560779   -3.564124414091    0.000000021348
C          3.564128220659    0.106710643461    0.000000003248
C         -0.106712209985    3.564152902401    0.000000003471
N         -2.988274560162    0.384461083635   -1.223307552459
N         -0.384460355257   -2.988248181460   -1.223303226425
N          2.988255444211   -0.384446511227   -1.223305209687
N          0.384443063133    2.988285602939    1.223309655612
N         -2.988274569824    0.384461063030    1.223307537362
N         -0.384460360267   -2.988248199148    1.223303188434
N          2.988255445702   -0.384446535030    1.223305193117
N          0.384443064811    2.988285603762   -1.223309662193
N         -2.439119996634   -1.768607874085   -1.223296798805
N          1.768608276654   -2.439096038299   -1.223293106216
N          2.439096470083    1.768620743486   -1.223293654424
N         -1.768626247638    2.439131078793    1.223299185127
N         -2.439119985221   -1.768607877276    1.223296813714
N          1.768608258102   -2.439096043811    1.223293110425
N          2.439096455300    1.768620729524    1.223293681336
N         -1.768626238948    2.439131100755   -1.223299172236
C         -2.473633834456   -0.630847892596   -2.005921230101
C          0.630843051195   -2.473589671302   -2.005908642675
C          2.473600731636    0.630856831836   -2.005913039667
C         -0.630867081905    2.473654140406    2.005927413972
C         -2.473633827457   -0.630847885483    2.005921221971
C          0.630843071618   -2.473589652803    2.005908652920
C          2.473600723140    0.630856865956    2.005913047265
C         -0.630867077968    2.473654142277   -2.005927444099
O         -2.153623508484   -0.549239079660   -3.154896445120
O          0.549236769734   -2.153589405828   -3.154888222898
O          2.153597399974    0.549249508167   -3.154891187273
O         -0.549256647235    2.153638095491    3.154900291944
O         -2.153623488982   -0.549239068089    3.154896420800
O          0.549236760620   -2.153589406585    3.154888201204
O          2.153597414979    0.549249504727    3.154891200944
O         -0.549256652464    2.153638103658   -3.154900288274
C         -2.956824347251    1.755123090606   -1.661533956621
C         -1.755120699950   -2.956810088469   -1.661533782013
C          2.956814764836   -1.755107676910   -1.661534260148
C          1.755105559283    2.956826422772    1.661533661546
C         -2.956824349224    1.755123094842    1.661533956743
C         -1.755120714045   -2.956810078111    1.661533785178
C          2.956814771049   -1.755107656429    1.661534256034
C          1.755105543919    2.956826431097   -1.661533670182
H         -3.853587766170    2.287437602809   -1.323127354832
H         -2.287434295841   -3.853574516246   -1.323127514873
H          3.853576517245   -2.287426178231   -1.323128328746
H          2.287428444595    3.853585065145    1.323127132770
H         -3.853587761569    2.287437609245    1.323127353750
H         -2.287434293998   -3.853574520086    1.323127516530
H          3.853576515314   -2.287426184216    1.323128327840
H          2.287428450698    3.853585064900   -1.323127134740
H         -2.899003309644    1.720800968987   -2.758338426805
H         -1.720797695451   -2.898990321543   -2.758338092958
H          2.898992655648   -1.720787774306   -2.758338487050
H          1.720787926000    2.899003380693    2.758338067133
H         -2.899003306421    1.720800968529    2.758338419284
H         -1.720797684350   -2.898990320915    2.758338085631
H          2.898992651321   -1.720787775133    2.758338488578
H          1.720787933507    2.899003376120   -2.758338064961
H         -4.658809172709    0.061137928041   -0.000000004654
H         -0.061135535750   -4.658790131708   -0.000000003880
H          4.658793656644   -0.061123730552   -0.000000000183
H          0.061126270927    4.658816845912   -0.000000001924
H         -4.060451210463   -2.284882265481    0.000000000450
H          2.284880223559   -4.060436005084    0.000000000740
H          4.060435358731    2.284892336059    0.000000004004
H         -2.284898011595    4.060459907952    0.000000001710
XE         0.000610132929   -0.000783340902    0.000000099406
   73
 SCF done    -150.96654977      0.00065353
C         -3.179831794309   -1.613174968682   -0.000000003469
C          1.613175997031   -3.179830580652    0.000000001820
C          3.179827786670    1.613176452587   -0.000000003328
C         -1.613178489163    3.179834720327   -0.000000004060
C         -3.563997233467   -0.106733892284    0.000000007314
C          0.106735053686   -3.563994449217    0.000000009463
C          3.563993036898    0.106735807314    0.000000007461
C         -0.106736987476    3.563998146063    0.000000008971
N         -2.988046769359    0.384447989712   -1.223210468029
N         -0.384446162337   -2.988043556181   -1.223210352637
N          2.988043016512   -0.384445602369   -1.223210702210
N          0.384443216329    2.988048880871    1.223212663338
N         -2.988046784366    0.384447983984    1.223210476158
N         -0.384446167613   -2.988043569342    1.223210351434
N          2.988043024514   -0.384445611973    1.223210704995
N          0.384443220561    2.988048869415   -1.223212655458
N         -2.439015747253   -1.768555338180   -1.223223413963
N          1.768556840401   -2.439015360894   -1.223224060695
N          2.439012061711    1.768556797393   -1.223224044057
N         -1.768559783913    2.439021148108    1.223226318014
N         -2.439015743764   -1.768555351909    1.223223441126
N          1.768556832987   -2.439015371365    1.223224083570
N          2.439012056261    1.768556790906    1.223224073972
N         -1.768559781349    2.439021152986   -1.223226289468
C         -2.473567417482   -0.630855143610   -2.005942579847
C          0.630856041170   -2.473563830823   -2.005942798084
C          2.473563495157    0.630856021779   -2.005943703718
C         -0.630860530865    2.473576650775    2.005949503192
C         -2.473567429642   -0.630855132028    2.005942603773
C          0.630856062254   -2.473563839463    2.005942820481
C          2.473563511481    0.630856038327    2.005943719102
C         -0.630860524523    2.473576629027   -2.005949494433
O         -2.153537038046   -0.549241351892   -3.154988323363
O          0.549242844443   -2.153535304243   -3.154988952894
O          2.153534572096    0.549242713656   -3.154989765327
O         -0.549247181710    2.153546746099    3.154995379388
O         -2.153537036010   -0.549241346881    3.154988332319
O          0.549242830529   -2.153535323236    3.154988972714
O          2.153534597942    0.549242695046    3.154989790745
O         -0.549247186657    2.153546742107   -3.154995379107
C         -2.957013970290    1.755222735305   -1.660844343388
C         -1.755220525983   -2.957010537473   -1.660843407052
C          2.957011593637   -1.755220323190   -1.660843798199
C          1.755218638428    2.957012508848    1.660844376019
C         -2.957013966065    1.755222746628    1.660844350884
C         -1.755220529305   -2.957010530096    1.660843411550
C          2.957011601044   -1.755220315973    1.660843806294
C          1.755218636560    2.957012511245   -1.660844364992
H         -3.853322057048    2.287226235324   -1.320801887338
H         -2.287224968261   -3.853317757060   -1.320801523088
H          3.853319019428   -2.287223783613   -1.320801660271
H          2.287224189800    3.853319048795    1.320801544608
H         -3.853322056437    2.287226235258    1.320801889685
H         -2.287224973312   -3.853317756155    1.320801534155
H          3.853319017865   -2.287223790777    1.320801668210
H          2.287224188912    3.853319055257   -1.320801543783
H         -2.900671535059    1.721776911817   -2.757716219256
H         -1.721775368974   -2.900667791004   -2.757714951543
H          2.900669167983   -1.721775374479   -2.757715171412
H          1.721774390624    2.900669994846    2.757716110121
H         -2.900671542551    1.721776908769    2.757716230208
H         -1.721775356059   -2.900667793731    2.757714960680
H          2.900669176400   -1.721775372219    2.757715178966
H          1.721774394137    2.900669979158   -2.757716097802
H         -4.658695281817    0.061172055569   -0.000000004321
H         -0.061171258642   -4.658692015743   -0.000000005015
H          4.658690684241   -0.061170055050    0.000000000347
H          0.061170475211    4.658696004659   -0.000000002957
H         -4.060439038444   -2.284805611593    0.000000007746
H          2.284804931224   -4.060438672555    0.000000002747
H          4.060435627889    2.284806373449    0.000000019928
H         -2.284808070657    4.060443120589    0.000000004984
XE         0.000104456191   -0.000128996059   -0.000000391917
